2020-03-01 02:38:17,149 DEBUG    root            No implementation for release track [GA] for element: [/usr/lib/google-cloud-sdk/lib/surface/web_security_scanner]
2020-03-01 02:38:17,152 DEBUG    root            Loaded Command Group: [u'gcloud', u'info']
2020-03-01 02:38:17,153 DEBUG    root            No implementation for release track [GA] for element: [/usr/lib/google-cloud-sdk/lib/surface/code]
2020-03-01 02:38:17,154 DEBUG    root            Loaded Command Group: [u'gcloud', u'feedback']
2020-03-01 02:38:17,155 DEBUG    root            No implementation for release track [GA] for element: [/usr/lib/google-cloud-sdk/lib/surface/storage]
2020-03-01 02:38:17,155 DEBUG    root            Loaded Command Group: [u'gcloud', u'app']
2020-03-01 02:38:17,157 DEBUG    root            No implementation for release track [GA] for element: [/usr/lib/google-cloud-sdk/lib/surface/scc]
2020-03-01 02:38:17,158 DEBUG    root            Loaded Command Group: [u'gcloud', u'tasks']
2020-03-01 02:38:17,159 DEBUG    root            No implementation for release track [GA] for element: [/usr/lib/google-cloud-sdk/lib/surface/data_catalog]
2020-03-01 02:38:17,160 DEBUG    root            Loaded Command Group: [u'gcloud', u'composer']
2020-03-01 02:38:17,174 DEBUG    root            Loaded Command Group: [u'gcloud', u'ai_platform']
2020-03-01 02:38:17,176 DEBUG    root            Loaded Command Group: [u'gcloud', u'iam']
2020-03-01 02:38:17,177 DEBUG    root            No implementation for release track [GA] for element: [/usr/lib/google-cloud-sdk/lib/surface/anthos]
2020-03-01 02:38:17,177 DEBUG    root            No implementation for release track [GA] for element: [/usr/lib/google-cloud-sdk/lib/surface/billing]
2020-03-01 02:38:17,178 DEBUG    root            No implementation for release track [GA] for element: [/usr/lib/google-cloud-sdk/lib/surface/artifacts]
2020-03-01 02:38:17,178 DEBUG    root            No implementation for release track [GA] for element: [/usr/lib/google-cloud-sdk/lib/surface/notebooks]
2020-03-01 02:38:17,180 DEBUG    root            Loaded Command Group: [u'gcloud', u'help']
2020-03-01 02:38:17,183 DEBUG    root            Loaded Command Group: [u'gcloud', u'init']
2020-03-01 02:38:17,184 DEBUG    root            Loaded Command Group: [u'gcloud', u'source']
2020-03-01 02:38:17,186 DEBUG    root            No implementation for release track [GA] for element: [/usr/lib/google-cloud-sdk/lib/surface/network_management]
2020-03-01 02:38:17,186 DEBUG    root            Loaded Command Group: [u'gcloud', u'version']
2020-03-01 02:38:17,187 DEBUG    root            Loaded Command Group: [u'gcloud', u'asset']
2020-03-01 02:38:17,188 DEBUG    root            Loaded Command Group: [u'gcloud', u'dns']
2020-03-01 02:38:17,190 DEBUG    root            No implementation for release track [GA] for element: [/usr/lib/google-cloud-sdk/lib/surface/lifesciences]
2020-03-01 02:38:17,190 DEBUG    root            Loaded Command Group: [u'gcloud', u'iap']
2020-03-01 02:38:17,191 DEBUG    root            No implementation for release track [GA] for element: [/usr/lib/google-cloud-sdk/lib/surface/resources]
2020-03-01 02:38:17,192 DEBUG    root            Loaded Command Group: [u'gcloud', u'pubsub']
2020-03-01 02:38:17,193 DEBUG    root            No implementation for release track [GA] for element: [/usr/lib/google-cloud-sdk/lib/surface/api_gateway]
2020-03-01 02:38:17,193 DEBUG    root            Loaded Command Group: [u'gcloud', u'policy_troubleshoot']
2020-03-01 02:38:17,194 DEBUG    root            No implementation for release track [GA] for element: [/usr/lib/google-cloud-sdk/lib/surface/recaptcha]
2020-03-01 02:38:17,195 DEBUG    root            No implementation for release track [GA] for element: [/usr/lib/google-cloud-sdk/lib/surface/emulators]
2020-03-01 02:38:17,195 DEBUG    root            Loaded Command Group: [u'gcloud', u'auth']
2020-03-01 02:38:17,197 DEBUG    root            No implementation for release track [GA] for element: [/usr/lib/google-cloud-sdk/lib/surface/search_help]
2020-03-01 02:38:17,197 DEBUG    root            No implementation for release track [GA] for element: [/usr/lib/google-cloud-sdk/lib/surface/game]
2020-03-01 02:38:17,198 DEBUG    root            Loaded Command Group: [u'gcloud', u'scheduler']
2020-03-01 02:38:17,199 DEBUG    root            No implementation for release track [GA] for element: [/usr/lib/google-cloud-sdk/lib/surface/workflows]
2020-03-01 02:38:17,199 DEBUG    root            Loaded Command Group: [u'gcloud', u'spanner']
2020-03-01 02:38:17,201 DEBUG    root            Loaded Command Group: [u'gcloud', u'projects']
2020-03-01 02:38:17,202 DEBUG    root            Loaded Command Group: [u'gcloud', u'resource_manager']
2020-03-01 02:38:17,204 DEBUG    root            Loaded Command Group: [u'gcloud', u'organizations']
2020-03-01 02:38:17,223 DEBUG    root            Loaded Command Group: [u'gcloud', u'compute']
2020-03-01 02:38:17,225 DEBUG    root            Loaded Command Group: [u'gcloud', u'builds']
2020-03-01 02:38:17,227 DEBUG    root            Loaded Command Group: [u'gcloud', u'dataflow']
2020-03-01 02:38:17,228 DEBUG    root            Loaded Command Group: [u'gcloud', u'ml']
2020-03-01 02:38:17,230 DEBUG    root            No implementation for release track [GA] for element: [/usr/lib/google-cloud-sdk/lib/surface/org_policies]
2020-03-01 02:38:17,230 DEBUG    root            Loaded Command Group: [u'gcloud', u'active_directory']
2020-03-01 02:38:17,231 DEBUG    root            No implementation for release track [GA] for element: [/usr/lib/google-cloud-sdk/lib/surface/access_approval]
2020-03-01 02:38:17,232 DEBUG    root            No implementation for release track [GA] for element: [/usr/lib/google-cloud-sdk/lib/surface/error_reporting]
2020-03-01 02:38:17,232 DEBUG    root            Loaded Command Group: [u'gcloud', u'debug']
2020-03-01 02:38:17,234 DEBUG    root            No implementation for release track [GA] for element: [/usr/lib/google-cloud-sdk/lib/surface/data_fusion]
2020-03-01 02:38:17,234 DEBUG    root            Loaded Command Group: [u'gcloud', u'endpoints']
2020-03-01 02:38:17,235 DEBUG    root            Loaded Command Group: [u'gcloud', u'deployment_manager']
2020-03-01 02:38:17,237 DEBUG    root            No implementation for release track [GA] for element: [/usr/lib/google-cloud-sdk/lib/surface/monitoring]
2020-03-01 02:38:17,237 DEBUG    root            Loaded Command Group: [u'gcloud', u'topic']
2020-03-01 02:38:17,239 DEBUG    root            No implementation for release track [GA] for element: [/usr/lib/google-cloud-sdk/lib/surface/healthcare]
2020-03-01 02:38:17,239 DEBUG    root            Loaded Command Group: [u'gcloud', u'meta']
2020-03-01 02:38:17,241 DEBUG    root            No implementation for release track [GA] for element: [/usr/lib/google-cloud-sdk/lib/surface/service_directory]
2020-03-01 02:38:17,251 DEBUG    root            No implementation for release track [GA] for element: [/usr/lib/google-cloud-sdk/lib/surface/events]
2020-03-01 02:38:17,251 DEBUG    root            Loaded Command Group: [u'gcloud', u'datastore']
2020-03-01 02:38:17,253 DEBUG    root            Loaded Command Group: [u'gcloud', u'functions']
2020-03-01 02:38:17,256 DEBUG    root            Loaded Command Group: [u'gcloud', u'container']
2020-03-01 02:38:17,258 DEBUG    root            No implementation for release track [GA] for element: [/usr/lib/google-cloud-sdk/lib/surface/build_artifacts]
2020-03-01 02:38:17,258 DEBUG    root            Loaded Command Group: [u'gcloud', u'redis']
2020-03-01 02:38:17,259 DEBUG    root            Loaded Command Group: [u'gcloud', u'dataproc']
2020-03-01 02:38:17,260 DEBUG    root            No implementation for release track [GA] for element: [/usr/lib/google-cloud-sdk/lib/surface/dialogflow]
2020-03-01 02:38:17,261 DEBUG    root            No implementation for release track [GA] for element: [/usr/lib/google-cloud-sdk/lib/surface/dlp]
2020-03-01 02:38:17,261 DEBUG    root            Loaded Command Group: [u'gcloud', u'kms']
2020-03-01 02:38:17,263 DEBUG    root            Loaded Command Group: [u'gcloud', u'config']
2020-03-01 02:38:17,265 DEBUG    root            Loaded Command Group: [u'gcloud', u'access_context_manager']
2020-03-01 02:38:17,266 DEBUG    root            No implementation for release track [GA] for element: [/usr/lib/google-cloud-sdk/lib/surface/cloud_shell]
2020-03-01 02:38:17,267 DEBUG    root            No implementation for release track [GA] for element: [/usr/lib/google-cloud-sdk/lib/surface/privateca]
2020-03-01 02:38:17,267 DEBUG    root            Loaded Command Group: [u'gcloud', u'run']
2020-03-01 02:38:17,271 DEBUG    root            No implementation for release track [GA] for element: [/usr/lib/google-cloud-sdk/lib/surface/trace]
2020-03-01 02:38:17,271 DEBUG    root            No implementation for release track [GA] for element: [/usr/lib/google-cloud-sdk/lib/surface/genomics]
2020-03-01 02:38:17,271 DEBUG    root            No implementation for release track [GA] for element: [/usr/lib/google-cloud-sdk/lib/surface/labelmanager]
2020-03-01 02:38:17,272 DEBUG    root            Loaded Command Group: [u'gcloud', u'ml_engine']
2020-03-01 02:38:17,273 DEBUG    root            Loaded Command Group: [u'gcloud', u'iot']
2020-03-01 02:38:17,274 DEBUG    root            Loaded Command Group: [u'gcloud', u'firebase']
2020-03-01 02:38:17,275 DEBUG    root            Loaded Command Group: [u'gcloud', u'filestore']
2020-03-01 02:38:17,277 DEBUG    root            No implementation for release track [GA] for element: [/usr/lib/google-cloud-sdk/lib/surface/bq]
2020-03-01 02:38:17,277 DEBUG    root            Loaded Command Group: [u'gcloud', u'sql']
2020-03-01 02:38:17,279 DEBUG    root            Loaded Command Group: [u'gcloud', u'services']
2020-03-01 02:38:17,280 DEBUG    root            Loaded Command Group: [u'gcloud', u'recommender']
2020-03-01 02:38:17,281 DEBUG    root            Loaded Command Group: [u'gcloud', u'bigtable']
2020-03-01 02:38:17,283 DEBUG    root            Loaded Command Group: [u'gcloud', u'logging']
2020-03-01 02:38:17,284 DEBUG    root            Loaded Command Group: [u'gcloud', u'service_management']
2020-03-01 02:38:17,286 DEBUG    root            Loaded Command Group: [u'gcloud', u'secrets']
2020-03-01 02:38:17,287 DEBUG    root            No implementation for release track [GA] for element: [/usr/lib/google-cloud-sdk/lib/surface/remote_build_execution]
2020-03-01 02:38:17,288 DEBUG    root            No implementation for release track [GA] for element: [/usr/lib/google-cloud-sdk/lib/surface/runtime_config]
2020-03-01 02:38:17,290 DEBUG    root            Loaded Command Group: [u'gcloud', u'survey']
2020-03-01 02:38:17,291 DEBUG    root            Loaded Command Group: [u'gcloud', u'components']
2020-03-01 02:38:17,292 DEBUG    root            No implementation for release track [GA] for element: [/usr/lib/google-cloud-sdk/lib/surface/identity]
2020-03-01 02:38:17,293 DEBUG    root            Loaded Command Group: [u'gcloud', u'domains']
2020-03-01 02:38:17,295 DEBUG    root            Loaded Command Group: [u'gcloud', u'docker']
2020-03-01 02:38:17,334 DEBUG    root            No implementation for release track [GA] for element: [/usr/lib/google-cloud-sdk/lib/surface/interactive]
2020-03-01 02:38:17,335 DEBUG    root            Loaded Command Group: [u'gcloud', u'firestore']
2020-03-01 02:38:17,337 ERROR    root            (gcloud) Invalid choice: 'app.yaml'.
