2020-03-01 02:52:31,785 DEBUG    root            Loaded Command Group: [u'gcloud', u'alpha', u'app']
2020-03-01 02:52:31,789 ERROR    root            (gcloud.alpha.app) Command name argument expected.
2020-03-01 02:52:31,789 DEBUG    root            No implementation for release track [ALPHA] for element: [/usr/lib/google-cloud-sdk/lib/surface/app/operations]
2020-03-01 02:52:31,801 DEBUG    root            No implementation for release track [ALPHA] for element: [/usr/lib/google-cloud-sdk/lib/surface/app/repair]
2020-03-01 02:52:31,808 DEBUG    root            No implementation for release track [ALPHA] for element: [/usr/lib/google-cloud-sdk/lib/surface/app/open_console]
2020-03-01 02:52:31,809 DEBUG    root            No implementation for release track [ALPHA] for element: [/usr/lib/google-cloud-sdk/lib/surface/app/describe]
2020-03-01 02:52:31,809 DEBUG    root            Loaded Command Group: [u'gcloud', u'alpha', u'app', u'domain_mappings']
2020-03-01 02:52:31,810 DEBUG    root            No implementation for release track [ALPHA] for element: [/usr/lib/google-cloud-sdk/lib/surface/app/firewall_rules]
2020-03-01 02:52:31,811 DEBUG    root            No implementation for release track [ALPHA] for element: [/usr/lib/google-cloud-sdk/lib/surface/app/versions]
2020-03-01 02:52:31,812 DEBUG    root            No implementation for release track [ALPHA] for element: [/usr/lib/google-cloud-sdk/lib/surface/app/browse]
2020-03-01 02:52:31,812 DEBUG    root            Loaded Command Group: [u'gcloud', u'alpha', u'app', u'ssl_certificates']
2020-03-01 02:52:31,814 DEBUG    root            No implementation for release track [ALPHA] for element: [/usr/lib/google-cloud-sdk/lib/surface/app/create]
2020-03-01 02:52:31,842 DEBUG    root            No implementation for release track [ALPHA] for element: [/usr/lib/google-cloud-sdk/lib/surface/app/deploy]
2020-03-01 02:52:31,843 DEBUG    root            Loaded Command Group: [u'gcloud', u'alpha', u'app', u'update']
2020-03-01 02:52:31,844 DEBUG    root            No implementation for release track [ALPHA] for element: [/usr/lib/google-cloud-sdk/lib/surface/app/regions]
2020-03-01 02:52:31,845 DEBUG    root            No implementation for release track [ALPHA] for element: [/usr/lib/google-cloud-sdk/lib/surface/app/instances]
2020-03-01 02:52:31,857 DEBUG    root            No implementation for release track [ALPHA] for element: [/usr/lib/google-cloud-sdk/lib/surface/app/gen_config]
2020-03-01 02:52:31,857 DEBUG    root            No implementation for release track [ALPHA] for element: [/usr/lib/google-cloud-sdk/lib/surface/app/services]
2020-03-01 02:52:31,858 DEBUG    root            No implementation for release track [ALPHA] for element: [/usr/lib/google-cloud-sdk/lib/surface/app/gen_repo_info_file]
2020-03-01 02:52:31,858 DEBUG    root            No implementation for release track [ALPHA] for element: [/usr/lib/google-cloud-sdk/lib/surface/app/migrate_config]
2020-03-01 02:52:31,858 DEBUG    root            No implementation for release track [ALPHA] for element: [/usr/lib/google-cloud-sdk/lib/surface/app/logs]
