2020-03-01 12:58:28,772 DEBUG    root            No implementation for release track [GA] for element: [/usr/lib/google-cloud-sdk/lib/surface/web_security_scanner]
2020-03-01 12:58:28,775 DEBUG    root            Loaded Command Group: [u'gcloud', u'info']
2020-03-01 12:58:28,776 DEBUG    root            No implementation for release track [GA] for element: [/usr/lib/google-cloud-sdk/lib/surface/code]
2020-03-01 12:58:28,777 DEBUG    root            Loaded Command Group: [u'gcloud', u'feedback']
2020-03-01 12:58:28,778 DEBUG    root            No implementation for release track [GA] for element: [/usr/lib/google-cloud-sdk/lib/surface/storage]
2020-03-01 12:58:28,778 DEBUG    root            Loaded Command Group: [u'gcloud', u'app']
2020-03-01 12:58:28,780 DEBUG    root            No implementation for release track [GA] for element: [/usr/lib/google-cloud-sdk/lib/surface/scc]
2020-03-01 12:58:28,781 DEBUG    root            Loaded Command Group: [u'gcloud', u'tasks']
2020-03-01 12:58:28,782 DEBUG    root            No implementation for release track [GA] for element: [/usr/lib/google-cloud-sdk/lib/surface/data_catalog]
2020-03-01 12:58:28,782 DEBUG    root            Loaded Command Group: [u'gcloud', u'composer']
2020-03-01 12:58:28,797 DEBUG    root            Loaded Command Group: [u'gcloud', u'ai_platform']
2020-03-01 12:58:28,798 DEBUG    root            Loaded Command Group: [u'gcloud', u'iam']
2020-03-01 12:58:28,799 DEBUG    root            No implementation for release track [GA] for element: [/usr/lib/google-cloud-sdk/lib/surface/anthos]
2020-03-01 12:58:28,799 DEBUG    root            No implementation for release track [GA] for element: [/usr/lib/google-cloud-sdk/lib/surface/billing]
2020-03-01 12:58:28,800 DEBUG    root            No implementation for release track [GA] for element: [/usr/lib/google-cloud-sdk/lib/surface/artifacts]
2020-03-01 12:58:28,800 DEBUG    root            No implementation for release track [GA] for element: [/usr/lib/google-cloud-sdk/lib/surface/notebooks]
2020-03-01 12:58:28,802 DEBUG    root            Loaded Command Group: [u'gcloud', u'help']
2020-03-01 12:58:28,805 DEBUG    root            Loaded Command Group: [u'gcloud', u'init']
2020-03-01 12:58:28,806 DEBUG    root            Loaded Command Group: [u'gcloud', u'source']
2020-03-01 12:58:28,808 DEBUG    root            No implementation for release track [GA] for element: [/usr/lib/google-cloud-sdk/lib/surface/network_management]
2020-03-01 12:58:28,808 DEBUG    root            Loaded Command Group: [u'gcloud', u'version']
2020-03-01 12:58:28,809 DEBUG    root            Loaded Command Group: [u'gcloud', u'asset']
2020-03-01 12:58:28,810 DEBUG    root            Loaded Command Group: [u'gcloud', u'dns']
2020-03-01 12:58:28,812 DEBUG    root            No implementation for release track [GA] for element: [/usr/lib/google-cloud-sdk/lib/surface/lifesciences]
2020-03-01 12:58:28,812 DEBUG    root            Loaded Command Group: [u'gcloud', u'iap']
2020-03-01 12:58:28,813 DEBUG    root            No implementation for release track [GA] for element: [/usr/lib/google-cloud-sdk/lib/surface/resources]
2020-03-01 12:58:28,813 DEBUG    root            Loaded Command Group: [u'gcloud', u'pubsub']
2020-03-01 12:58:28,815 DEBUG    root            No implementation for release track [GA] for element: [/usr/lib/google-cloud-sdk/lib/surface/api_gateway]
2020-03-01 12:58:28,815 DEBUG    root            Loaded Command Group: [u'gcloud', u'policy_troubleshoot']
2020-03-01 12:58:28,816 DEBUG    root            No implementation for release track [GA] for element: [/usr/lib/google-cloud-sdk/lib/surface/recaptcha]
2020-03-01 12:58:28,817 DEBUG    root            No implementation for release track [GA] for element: [/usr/lib/google-cloud-sdk/lib/surface/emulators]
2020-03-01 12:58:28,817 DEBUG    root            Loaded Command Group: [u'gcloud', u'auth']
2020-03-01 12:58:28,819 DEBUG    root            No implementation for release track [GA] for element: [/usr/lib/google-cloud-sdk/lib/surface/search_help]
2020-03-01 12:58:28,819 DEBUG    root            No implementation for release track [GA] for element: [/usr/lib/google-cloud-sdk/lib/surface/game]
2020-03-01 12:58:28,819 DEBUG    root            Loaded Command Group: [u'gcloud', u'scheduler']
2020-03-01 12:58:28,821 DEBUG    root            No implementation for release track [GA] for element: [/usr/lib/google-cloud-sdk/lib/surface/workflows]
2020-03-01 12:58:28,821 DEBUG    root            Loaded Command Group: [u'gcloud', u'spanner']
2020-03-01 12:58:28,822 DEBUG    root            Loaded Command Group: [u'gcloud', u'projects']
2020-03-01 12:58:28,824 DEBUG    root            Loaded Command Group: [u'gcloud', u'resource_manager']
2020-03-01 12:58:28,825 DEBUG    root            Loaded Command Group: [u'gcloud', u'organizations']
2020-03-01 12:58:28,840 DEBUG    root            Loaded Command Group: [u'gcloud', u'compute']
2020-03-01 12:58:28,842 DEBUG    root            Loaded Command Group: [u'gcloud', u'builds']
2020-03-01 12:58:28,844 DEBUG    root            Loaded Command Group: [u'gcloud', u'dataflow']
2020-03-01 12:58:28,845 DEBUG    root            Loaded Command Group: [u'gcloud', u'ml']
2020-03-01 12:58:28,847 DEBUG    root            No implementation for release track [GA] for element: [/usr/lib/google-cloud-sdk/lib/surface/org_policies]
2020-03-01 12:58:28,847 DEBUG    root            Loaded Command Group: [u'gcloud', u'active_directory']
2020-03-01 12:58:28,848 DEBUG    root            No implementation for release track [GA] for element: [/usr/lib/google-cloud-sdk/lib/surface/access_approval]
2020-03-01 12:58:28,849 DEBUG    root            No implementation for release track [GA] for element: [/usr/lib/google-cloud-sdk/lib/surface/error_reporting]
2020-03-01 12:58:28,849 DEBUG    root            Loaded Command Group: [u'gcloud', u'debug']
2020-03-01 12:58:28,850 DEBUG    root            No implementation for release track [GA] for element: [/usr/lib/google-cloud-sdk/lib/surface/data_fusion]
2020-03-01 12:58:28,851 DEBUG    root            Loaded Command Group: [u'gcloud', u'endpoints']
2020-03-01 12:58:28,852 DEBUG    root            Loaded Command Group: [u'gcloud', u'deployment_manager']
2020-03-01 12:58:28,853 DEBUG    root            No implementation for release track [GA] for element: [/usr/lib/google-cloud-sdk/lib/surface/monitoring]
2020-03-01 12:58:28,854 DEBUG    root            Loaded Command Group: [u'gcloud', u'topic']
2020-03-01 12:58:28,856 DEBUG    root            No implementation for release track [GA] for element: [/usr/lib/google-cloud-sdk/lib/surface/healthcare]
2020-03-01 12:58:28,856 DEBUG    root            Loaded Command Group: [u'gcloud', u'meta']
2020-03-01 12:58:28,858 DEBUG    root            No implementation for release track [GA] for element: [/usr/lib/google-cloud-sdk/lib/surface/service_directory]
2020-03-01 12:58:28,867 DEBUG    root            No implementation for release track [GA] for element: [/usr/lib/google-cloud-sdk/lib/surface/events]
2020-03-01 12:58:28,867 DEBUG    root            Loaded Command Group: [u'gcloud', u'datastore']
2020-03-01 12:58:28,869 DEBUG    root            Loaded Command Group: [u'gcloud', u'functions']
2020-03-01 12:58:28,872 DEBUG    root            Loaded Command Group: [u'gcloud', u'container']
2020-03-01 12:58:28,873 DEBUG    root            No implementation for release track [GA] for element: [/usr/lib/google-cloud-sdk/lib/surface/build_artifacts]
2020-03-01 12:58:28,874 DEBUG    root            Loaded Command Group: [u'gcloud', u'redis']
2020-03-01 12:58:28,875 DEBUG    root            Loaded Command Group: [u'gcloud', u'dataproc']
2020-03-01 12:58:28,876 DEBUG    root            No implementation for release track [GA] for element: [/usr/lib/google-cloud-sdk/lib/surface/dialogflow]
2020-03-01 12:58:28,877 DEBUG    root            No implementation for release track [GA] for element: [/usr/lib/google-cloud-sdk/lib/surface/dlp]
2020-03-01 12:58:28,877 DEBUG    root            Loaded Command Group: [u'gcloud', u'kms']
2020-03-01 12:58:28,880 DEBUG    root            Loaded Command Group: [u'gcloud', u'config']
2020-03-01 12:58:28,881 DEBUG    root            Loaded Command Group: [u'gcloud', u'access_context_manager']
2020-03-01 12:58:28,883 DEBUG    root            No implementation for release track [GA] for element: [/usr/lib/google-cloud-sdk/lib/surface/cloud_shell]
2020-03-01 12:58:28,883 DEBUG    root            No implementation for release track [GA] for element: [/usr/lib/google-cloud-sdk/lib/surface/privateca]
2020-03-01 12:58:28,883 DEBUG    root            Loaded Command Group: [u'gcloud', u'run']
2020-03-01 12:58:28,887 DEBUG    root            No implementation for release track [GA] for element: [/usr/lib/google-cloud-sdk/lib/surface/trace]
2020-03-01 12:58:28,887 DEBUG    root            No implementation for release track [GA] for element: [/usr/lib/google-cloud-sdk/lib/surface/genomics]
2020-03-01 12:58:28,887 DEBUG    root            No implementation for release track [GA] for element: [/usr/lib/google-cloud-sdk/lib/surface/labelmanager]
2020-03-01 12:58:28,888 DEBUG    root            Loaded Command Group: [u'gcloud', u'ml_engine']
2020-03-01 12:58:28,889 DEBUG    root            Loaded Command Group: [u'gcloud', u'iot']
2020-03-01 12:58:28,890 DEBUG    root            Loaded Command Group: [u'gcloud', u'firebase']
2020-03-01 12:58:28,892 DEBUG    root            Loaded Command Group: [u'gcloud', u'filestore']
2020-03-01 12:58:28,893 DEBUG    root            No implementation for release track [GA] for element: [/usr/lib/google-cloud-sdk/lib/surface/bq]
2020-03-01 12:58:28,893 DEBUG    root            Loaded Command Group: [u'gcloud', u'sql']
2020-03-01 12:58:28,895 DEBUG    root            Loaded Command Group: [u'gcloud', u'services']
2020-03-01 12:58:28,896 DEBUG    root            Loaded Command Group: [u'gcloud', u'recommender']
2020-03-01 12:58:28,897 DEBUG    root            Loaded Command Group: [u'gcloud', u'bigtable']
2020-03-01 12:58:28,898 DEBUG    root            Loaded Command Group: [u'gcloud', u'logging']
2020-03-01 12:58:28,900 DEBUG    root            Loaded Command Group: [u'gcloud', u'service_management']
2020-03-01 12:58:28,901 DEBUG    root            Loaded Command Group: [u'gcloud', u'secrets']
2020-03-01 12:58:28,903 DEBUG    root            No implementation for release track [GA] for element: [/usr/lib/google-cloud-sdk/lib/surface/remote_build_execution]
2020-03-01 12:58:28,903 DEBUG    root            No implementation for release track [GA] for element: [/usr/lib/google-cloud-sdk/lib/surface/runtime_config]
2020-03-01 12:58:28,905 DEBUG    root            Loaded Command Group: [u'gcloud', u'survey']
2020-03-01 12:58:28,906 DEBUG    root            Loaded Command Group: [u'gcloud', u'components']
2020-03-01 12:58:28,907 DEBUG    root            No implementation for release track [GA] for element: [/usr/lib/google-cloud-sdk/lib/surface/identity]
2020-03-01 12:58:28,908 DEBUG    root            Loaded Command Group: [u'gcloud', u'domains']
2020-03-01 12:58:28,910 DEBUG    root            Loaded Command Group: [u'gcloud', u'docker']
2020-03-01 12:58:28,945 DEBUG    root            No implementation for release track [GA] for element: [/usr/lib/google-cloud-sdk/lib/surface/interactive]
2020-03-01 12:58:28,945 DEBUG    root            Loaded Command Group: [u'gcloud', u'firestore']
2020-03-01 12:58:28,947 ERROR    root            (gcloud) Invalid choice: 'deploy'.
