2020-03-01 13:28:36,828 DEBUG    root            No implementation for release track [GA] for element: [/usr/lib/google-cloud-sdk/lib/surface/web_security_scanner]
2020-03-01 13:28:36,831 DEBUG    root            Loaded Command Group: [u'gcloud', u'info']
2020-03-01 13:28:36,833 DEBUG    root            No implementation for release track [GA] for element: [/usr/lib/google-cloud-sdk/lib/surface/code]
2020-03-01 13:28:36,833 DEBUG    root            Loaded Command Group: [u'gcloud', u'feedback']
2020-03-01 13:28:36,835 DEBUG    root            No implementation for release track [GA] for element: [/usr/lib/google-cloud-sdk/lib/surface/storage]
2020-03-01 13:28:36,835 DEBUG    root            Loaded Command Group: [u'gcloud', u'app']
2020-03-01 13:28:36,837 DEBUG    root            No implementation for release track [GA] for element: [/usr/lib/google-cloud-sdk/lib/surface/scc]
2020-03-01 13:28:36,837 DEBUG    root            Loaded Command Group: [u'gcloud', u'tasks']
2020-03-01 13:28:36,838 DEBUG    root            No implementation for release track [GA] for element: [/usr/lib/google-cloud-sdk/lib/surface/data_catalog]
2020-03-01 13:28:36,838 DEBUG    root            Loaded Command Group: [u'gcloud', u'composer']
2020-03-01 13:28:36,853 DEBUG    root            Loaded Command Group: [u'gcloud', u'ai_platform']
2020-03-01 13:28:36,854 DEBUG    root            Loaded Command Group: [u'gcloud', u'iam']
2020-03-01 13:28:36,856 DEBUG    root            No implementation for release track [GA] for element: [/usr/lib/google-cloud-sdk/lib/surface/anthos]
2020-03-01 13:28:36,856 DEBUG    root            No implementation for release track [GA] for element: [/usr/lib/google-cloud-sdk/lib/surface/billing]
2020-03-01 13:28:36,856 DEBUG    root            No implementation for release track [GA] for element: [/usr/lib/google-cloud-sdk/lib/surface/artifacts]
2020-03-01 13:28:36,857 DEBUG    root            No implementation for release track [GA] for element: [/usr/lib/google-cloud-sdk/lib/surface/notebooks]
2020-03-01 13:28:36,859 DEBUG    root            Loaded Command Group: [u'gcloud', u'help']
2020-03-01 13:28:36,863 DEBUG    root            Loaded Command Group: [u'gcloud', u'init']
2020-03-01 13:28:36,864 DEBUG    root            Loaded Command Group: [u'gcloud', u'source']
2020-03-01 13:28:36,865 DEBUG    root            No implementation for release track [GA] for element: [/usr/lib/google-cloud-sdk/lib/surface/network_management]
2020-03-01 13:28:36,866 DEBUG    root            Loaded Command Group: [u'gcloud', u'version']
2020-03-01 13:28:36,867 DEBUG    root            Loaded Command Group: [u'gcloud', u'asset']
2020-03-01 13:28:36,868 DEBUG    root            Loaded Command Group: [u'gcloud', u'dns']
2020-03-01 13:28:36,869 DEBUG    root            No implementation for release track [GA] for element: [/usr/lib/google-cloud-sdk/lib/surface/lifesciences]
2020-03-01 13:28:36,870 DEBUG    root            Loaded Command Group: [u'gcloud', u'iap']
2020-03-01 13:28:36,871 DEBUG    root            No implementation for release track [GA] for element: [/usr/lib/google-cloud-sdk/lib/surface/resources]
2020-03-01 13:28:36,871 DEBUG    root            Loaded Command Group: [u'gcloud', u'pubsub']
2020-03-01 13:28:36,873 DEBUG    root            No implementation for release track [GA] for element: [/usr/lib/google-cloud-sdk/lib/surface/api_gateway]
2020-03-01 13:28:36,873 DEBUG    root            Loaded Command Group: [u'gcloud', u'policy_troubleshoot']
2020-03-01 13:28:36,874 DEBUG    root            No implementation for release track [GA] for element: [/usr/lib/google-cloud-sdk/lib/surface/recaptcha]
2020-03-01 13:28:36,875 DEBUG    root            No implementation for release track [GA] for element: [/usr/lib/google-cloud-sdk/lib/surface/emulators]
2020-03-01 13:28:36,875 DEBUG    root            Loaded Command Group: [u'gcloud', u'auth']
2020-03-01 13:28:36,877 DEBUG    root            No implementation for release track [GA] for element: [/usr/lib/google-cloud-sdk/lib/surface/search_help]
2020-03-01 13:28:36,877 DEBUG    root            No implementation for release track [GA] for element: [/usr/lib/google-cloud-sdk/lib/surface/game]
2020-03-01 13:28:36,877 DEBUG    root            Loaded Command Group: [u'gcloud', u'scheduler']
2020-03-01 13:28:36,878 DEBUG    root            No implementation for release track [GA] for element: [/usr/lib/google-cloud-sdk/lib/surface/workflows]
2020-03-01 13:28:36,879 DEBUG    root            Loaded Command Group: [u'gcloud', u'spanner']
2020-03-01 13:28:36,880 DEBUG    root            Loaded Command Group: [u'gcloud', u'projects']
2020-03-01 13:28:36,881 DEBUG    root            Loaded Command Group: [u'gcloud', u'resource_manager']
2020-03-01 13:28:36,883 DEBUG    root            Loaded Command Group: [u'gcloud', u'organizations']
2020-03-01 13:28:36,899 DEBUG    root            Loaded Command Group: [u'gcloud', u'compute']
2020-03-01 13:28:36,901 DEBUG    root            Loaded Command Group: [u'gcloud', u'builds']
2020-03-01 13:28:36,903 DEBUG    root            Loaded Command Group: [u'gcloud', u'dataflow']
2020-03-01 13:28:36,904 DEBUG    root            Loaded Command Group: [u'gcloud', u'ml']
2020-03-01 13:28:36,905 DEBUG    root            No implementation for release track [GA] for element: [/usr/lib/google-cloud-sdk/lib/surface/org_policies]
2020-03-01 13:28:36,906 DEBUG    root            Loaded Command Group: [u'gcloud', u'active_directory']
2020-03-01 13:28:36,907 DEBUG    root            No implementation for release track [GA] for element: [/usr/lib/google-cloud-sdk/lib/surface/access_approval]
2020-03-01 13:28:36,907 DEBUG    root            No implementation for release track [GA] for element: [/usr/lib/google-cloud-sdk/lib/surface/error_reporting]
2020-03-01 13:28:36,907 DEBUG    root            Loaded Command Group: [u'gcloud', u'debug']
2020-03-01 13:28:36,909 DEBUG    root            No implementation for release track [GA] for element: [/usr/lib/google-cloud-sdk/lib/surface/data_fusion]
2020-03-01 13:28:36,909 DEBUG    root            Loaded Command Group: [u'gcloud', u'endpoints']
2020-03-01 13:28:36,911 DEBUG    root            Loaded Command Group: [u'gcloud', u'deployment_manager']
2020-03-01 13:28:36,912 DEBUG    root            No implementation for release track [GA] for element: [/usr/lib/google-cloud-sdk/lib/surface/monitoring]
2020-03-01 13:28:36,912 DEBUG    root            Loaded Command Group: [u'gcloud', u'topic']
2020-03-01 13:28:36,914 DEBUG    root            No implementation for release track [GA] for element: [/usr/lib/google-cloud-sdk/lib/surface/healthcare]
2020-03-01 13:28:36,914 DEBUG    root            Loaded Command Group: [u'gcloud', u'meta']
2020-03-01 13:28:36,916 DEBUG    root            No implementation for release track [GA] for element: [/usr/lib/google-cloud-sdk/lib/surface/service_directory]
2020-03-01 13:28:36,925 DEBUG    root            No implementation for release track [GA] for element: [/usr/lib/google-cloud-sdk/lib/surface/events]
2020-03-01 13:28:36,925 DEBUG    root            Loaded Command Group: [u'gcloud', u'datastore']
2020-03-01 13:28:36,927 DEBUG    root            Loaded Command Group: [u'gcloud', u'functions']
2020-03-01 13:28:36,930 DEBUG    root            Loaded Command Group: [u'gcloud', u'container']
2020-03-01 13:28:36,931 DEBUG    root            No implementation for release track [GA] for element: [/usr/lib/google-cloud-sdk/lib/surface/build_artifacts]
2020-03-01 13:28:36,931 DEBUG    root            Loaded Command Group: [u'gcloud', u'redis']
2020-03-01 13:28:36,933 DEBUG    root            Loaded Command Group: [u'gcloud', u'dataproc']
2020-03-01 13:28:36,934 DEBUG    root            No implementation for release track [GA] for element: [/usr/lib/google-cloud-sdk/lib/surface/dialogflow]
2020-03-01 13:28:36,934 DEBUG    root            No implementation for release track [GA] for element: [/usr/lib/google-cloud-sdk/lib/surface/dlp]
2020-03-01 13:28:36,935 DEBUG    root            Loaded Command Group: [u'gcloud', u'kms']
2020-03-01 13:28:36,937 DEBUG    root            Loaded Command Group: [u'gcloud', u'config']
2020-03-01 13:28:36,938 DEBUG    root            Loaded Command Group: [u'gcloud', u'access_context_manager']
2020-03-01 13:28:36,939 DEBUG    root            No implementation for release track [GA] for element: [/usr/lib/google-cloud-sdk/lib/surface/cloud_shell]
2020-03-01 13:28:36,940 DEBUG    root            No implementation for release track [GA] for element: [/usr/lib/google-cloud-sdk/lib/surface/privateca]
2020-03-01 13:28:36,940 DEBUG    root            Loaded Command Group: [u'gcloud', u'run']
2020-03-01 13:28:36,944 DEBUG    root            No implementation for release track [GA] for element: [/usr/lib/google-cloud-sdk/lib/surface/trace]
2020-03-01 13:28:36,944 DEBUG    root            No implementation for release track [GA] for element: [/usr/lib/google-cloud-sdk/lib/surface/genomics]
2020-03-01 13:28:36,944 DEBUG    root            No implementation for release track [GA] for element: [/usr/lib/google-cloud-sdk/lib/surface/labelmanager]
2020-03-01 13:28:36,945 DEBUG    root            Loaded Command Group: [u'gcloud', u'ml_engine']
2020-03-01 13:28:36,946 DEBUG    root            Loaded Command Group: [u'gcloud', u'iot']
2020-03-01 13:28:36,947 DEBUG    root            Loaded Command Group: [u'gcloud', u'firebase']
2020-03-01 13:28:36,948 DEBUG    root            Loaded Command Group: [u'gcloud', u'filestore']
2020-03-01 13:28:36,950 DEBUG    root            No implementation for release track [GA] for element: [/usr/lib/google-cloud-sdk/lib/surface/bq]
2020-03-01 13:28:36,950 DEBUG    root            Loaded Command Group: [u'gcloud', u'sql']
2020-03-01 13:28:36,951 DEBUG    root            Loaded Command Group: [u'gcloud', u'services']
2020-03-01 13:28:36,953 DEBUG    root            Loaded Command Group: [u'gcloud', u'recommender']
2020-03-01 13:28:36,954 DEBUG    root            Loaded Command Group: [u'gcloud', u'bigtable']
2020-03-01 13:28:36,955 DEBUG    root            Loaded Command Group: [u'gcloud', u'logging']
2020-03-01 13:28:36,956 DEBUG    root            Loaded Command Group: [u'gcloud', u'service_management']
2020-03-01 13:28:36,958 DEBUG    root            Loaded Command Group: [u'gcloud', u'secrets']
2020-03-01 13:28:36,959 DEBUG    root            No implementation for release track [GA] for element: [/usr/lib/google-cloud-sdk/lib/surface/remote_build_execution]
2020-03-01 13:28:36,960 DEBUG    root            No implementation for release track [GA] for element: [/usr/lib/google-cloud-sdk/lib/surface/runtime_config]
2020-03-01 13:28:36,961 DEBUG    root            Loaded Command Group: [u'gcloud', u'survey']
2020-03-01 13:28:36,962 DEBUG    root            Loaded Command Group: [u'gcloud', u'components']
2020-03-01 13:28:36,964 DEBUG    root            No implementation for release track [GA] for element: [/usr/lib/google-cloud-sdk/lib/surface/identity]
2020-03-01 13:28:36,964 DEBUG    root            Loaded Command Group: [u'gcloud', u'domains']
2020-03-01 13:28:36,967 DEBUG    root            Loaded Command Group: [u'gcloud', u'docker']
2020-03-01 13:28:37,001 DEBUG    root            No implementation for release track [GA] for element: [/usr/lib/google-cloud-sdk/lib/surface/interactive]
2020-03-01 13:28:37,001 DEBUG    root            Loaded Command Group: [u'gcloud', u'firestore']
2020-03-01 13:28:37,004 ERROR    root            (gcloud) Invalid choice: 'deploy'.
