2020-03-01 13:28:28,358 DEBUG    root            No implementation for release track [GA] for element: [/usr/lib/google-cloud-sdk/lib/surface/web_security_scanner]
2020-03-01 13:28:28,361 DEBUG    root            Loaded Command Group: [u'gcloud', u'info']
2020-03-01 13:28:28,362 DEBUG    root            No implementation for release track [GA] for element: [/usr/lib/google-cloud-sdk/lib/surface/code]
2020-03-01 13:28:28,363 DEBUG    root            Loaded Command Group: [u'gcloud', u'feedback']
2020-03-01 13:28:28,364 DEBUG    root            No implementation for release track [GA] for element: [/usr/lib/google-cloud-sdk/lib/surface/storage]
2020-03-01 13:28:28,364 DEBUG    root            Loaded Command Group: [u'gcloud', u'app']
2020-03-01 13:28:28,366 DEBUG    root            No implementation for release track [GA] for element: [/usr/lib/google-cloud-sdk/lib/surface/scc]
2020-03-01 13:28:28,366 DEBUG    root            Loaded Command Group: [u'gcloud', u'tasks']
2020-03-01 13:28:28,368 DEBUG    root            No implementation for release track [GA] for element: [/usr/lib/google-cloud-sdk/lib/surface/data_catalog]
2020-03-01 13:28:28,368 DEBUG    root            Loaded Command Group: [u'gcloud', u'composer']
2020-03-01 13:28:28,382 DEBUG    root            Loaded Command Group: [u'gcloud', u'ai_platform']
2020-03-01 13:28:28,383 DEBUG    root            Loaded Command Group: [u'gcloud', u'iam']
2020-03-01 13:28:28,384 DEBUG    root            No implementation for release track [GA] for element: [/usr/lib/google-cloud-sdk/lib/surface/anthos]
2020-03-01 13:28:28,385 DEBUG    root            No implementation for release track [GA] for element: [/usr/lib/google-cloud-sdk/lib/surface/billing]
2020-03-01 13:28:28,385 DEBUG    root            No implementation for release track [GA] for element: [/usr/lib/google-cloud-sdk/lib/surface/artifacts]
2020-03-01 13:28:28,385 DEBUG    root            No implementation for release track [GA] for element: [/usr/lib/google-cloud-sdk/lib/surface/notebooks]
2020-03-01 13:28:28,387 DEBUG    root            Loaded Command Group: [u'gcloud', u'help']
2020-03-01 13:28:28,390 DEBUG    root            Loaded Command Group: [u'gcloud', u'init']
2020-03-01 13:28:28,391 DEBUG    root            Loaded Command Group: [u'gcloud', u'source']
2020-03-01 13:28:28,393 DEBUG    root            No implementation for release track [GA] for element: [/usr/lib/google-cloud-sdk/lib/surface/network_management]
2020-03-01 13:28:28,393 DEBUG    root            Loaded Command Group: [u'gcloud', u'version']
2020-03-01 13:28:28,394 DEBUG    root            Loaded Command Group: [u'gcloud', u'asset']
2020-03-01 13:28:28,395 DEBUG    root            Loaded Command Group: [u'gcloud', u'dns']
2020-03-01 13:28:28,396 DEBUG    root            No implementation for release track [GA] for element: [/usr/lib/google-cloud-sdk/lib/surface/lifesciences]
2020-03-01 13:28:28,397 DEBUG    root            Loaded Command Group: [u'gcloud', u'iap']
2020-03-01 13:28:28,398 DEBUG    root            No implementation for release track [GA] for element: [/usr/lib/google-cloud-sdk/lib/surface/resources]
2020-03-01 13:28:28,398 DEBUG    root            Loaded Command Group: [u'gcloud', u'pubsub']
2020-03-01 13:28:28,400 DEBUG    root            No implementation for release track [GA] for element: [/usr/lib/google-cloud-sdk/lib/surface/api_gateway]
2020-03-01 13:28:28,400 DEBUG    root            Loaded Command Group: [u'gcloud', u'policy_troubleshoot']
2020-03-01 13:28:28,401 DEBUG    root            No implementation for release track [GA] for element: [/usr/lib/google-cloud-sdk/lib/surface/recaptcha]
2020-03-01 13:28:28,401 DEBUG    root            No implementation for release track [GA] for element: [/usr/lib/google-cloud-sdk/lib/surface/emulators]
2020-03-01 13:28:28,402 DEBUG    root            Loaded Command Group: [u'gcloud', u'auth']
2020-03-01 13:28:28,403 DEBUG    root            No implementation for release track [GA] for element: [/usr/lib/google-cloud-sdk/lib/surface/search_help]
2020-03-01 13:28:28,404 DEBUG    root            No implementation for release track [GA] for element: [/usr/lib/google-cloud-sdk/lib/surface/game]
2020-03-01 13:28:28,404 DEBUG    root            Loaded Command Group: [u'gcloud', u'scheduler']
2020-03-01 13:28:28,405 DEBUG    root            No implementation for release track [GA] for element: [/usr/lib/google-cloud-sdk/lib/surface/workflows]
2020-03-01 13:28:28,406 DEBUG    root            Loaded Command Group: [u'gcloud', u'spanner']
2020-03-01 13:28:28,407 DEBUG    root            Loaded Command Group: [u'gcloud', u'projects']
2020-03-01 13:28:28,408 DEBUG    root            Loaded Command Group: [u'gcloud', u'resource_manager']
2020-03-01 13:28:28,409 DEBUG    root            Loaded Command Group: [u'gcloud', u'organizations']
2020-03-01 13:28:28,425 DEBUG    root            Loaded Command Group: [u'gcloud', u'compute']
2020-03-01 13:28:28,427 DEBUG    root            Loaded Command Group: [u'gcloud', u'builds']
2020-03-01 13:28:28,429 DEBUG    root            Loaded Command Group: [u'gcloud', u'dataflow']
2020-03-01 13:28:28,430 DEBUG    root            Loaded Command Group: [u'gcloud', u'ml']
2020-03-01 13:28:28,431 DEBUG    root            No implementation for release track [GA] for element: [/usr/lib/google-cloud-sdk/lib/surface/org_policies]
2020-03-01 13:28:28,432 DEBUG    root            Loaded Command Group: [u'gcloud', u'active_directory']
2020-03-01 13:28:28,433 DEBUG    root            No implementation for release track [GA] for element: [/usr/lib/google-cloud-sdk/lib/surface/access_approval]
2020-03-01 13:28:28,433 DEBUG    root            No implementation for release track [GA] for element: [/usr/lib/google-cloud-sdk/lib/surface/error_reporting]
2020-03-01 13:28:28,434 DEBUG    root            Loaded Command Group: [u'gcloud', u'debug']
2020-03-01 13:28:28,435 DEBUG    root            No implementation for release track [GA] for element: [/usr/lib/google-cloud-sdk/lib/surface/data_fusion]
2020-03-01 13:28:28,435 DEBUG    root            Loaded Command Group: [u'gcloud', u'endpoints']
2020-03-01 13:28:28,437 DEBUG    root            Loaded Command Group: [u'gcloud', u'deployment_manager']
2020-03-01 13:28:28,438 DEBUG    root            No implementation for release track [GA] for element: [/usr/lib/google-cloud-sdk/lib/surface/monitoring]
2020-03-01 13:28:28,438 DEBUG    root            Loaded Command Group: [u'gcloud', u'topic']
2020-03-01 13:28:28,440 DEBUG    root            No implementation for release track [GA] for element: [/usr/lib/google-cloud-sdk/lib/surface/healthcare]
2020-03-01 13:28:28,440 DEBUG    root            Loaded Command Group: [u'gcloud', u'meta']
2020-03-01 13:28:28,442 DEBUG    root            No implementation for release track [GA] for element: [/usr/lib/google-cloud-sdk/lib/surface/service_directory]
2020-03-01 13:28:28,451 DEBUG    root            No implementation for release track [GA] for element: [/usr/lib/google-cloud-sdk/lib/surface/events]
2020-03-01 13:28:28,452 DEBUG    root            Loaded Command Group: [u'gcloud', u'datastore']
2020-03-01 13:28:28,453 DEBUG    root            Loaded Command Group: [u'gcloud', u'functions']
2020-03-01 13:28:28,456 DEBUG    root            Loaded Command Group: [u'gcloud', u'container']
2020-03-01 13:28:28,457 DEBUG    root            No implementation for release track [GA] for element: [/usr/lib/google-cloud-sdk/lib/surface/build_artifacts]
2020-03-01 13:28:28,458 DEBUG    root            Loaded Command Group: [u'gcloud', u'redis']
2020-03-01 13:28:28,459 DEBUG    root            Loaded Command Group: [u'gcloud', u'dataproc']
2020-03-01 13:28:28,460 DEBUG    root            No implementation for release track [GA] for element: [/usr/lib/google-cloud-sdk/lib/surface/dialogflow]
2020-03-01 13:28:28,461 DEBUG    root            No implementation for release track [GA] for element: [/usr/lib/google-cloud-sdk/lib/surface/dlp]
2020-03-01 13:28:28,461 DEBUG    root            Loaded Command Group: [u'gcloud', u'kms']
2020-03-01 13:28:28,463 DEBUG    root            Loaded Command Group: [u'gcloud', u'config']
2020-03-01 13:28:28,465 DEBUG    root            Loaded Command Group: [u'gcloud', u'access_context_manager']
2020-03-01 13:28:28,466 DEBUG    root            No implementation for release track [GA] for element: [/usr/lib/google-cloud-sdk/lib/surface/cloud_shell]
2020-03-01 13:28:28,466 DEBUG    root            No implementation for release track [GA] for element: [/usr/lib/google-cloud-sdk/lib/surface/privateca]
2020-03-01 13:28:28,466 DEBUG    root            Loaded Command Group: [u'gcloud', u'run']
2020-03-01 13:28:28,470 DEBUG    root            No implementation for release track [GA] for element: [/usr/lib/google-cloud-sdk/lib/surface/trace]
2020-03-01 13:28:28,471 DEBUG    root            No implementation for release track [GA] for element: [/usr/lib/google-cloud-sdk/lib/surface/genomics]
2020-03-01 13:28:28,471 DEBUG    root            No implementation for release track [GA] for element: [/usr/lib/google-cloud-sdk/lib/surface/labelmanager]
2020-03-01 13:28:28,471 DEBUG    root            Loaded Command Group: [u'gcloud', u'ml_engine']
2020-03-01 13:28:28,473 DEBUG    root            Loaded Command Group: [u'gcloud', u'iot']
2020-03-01 13:28:28,474 DEBUG    root            Loaded Command Group: [u'gcloud', u'firebase']
2020-03-01 13:28:28,475 DEBUG    root            Loaded Command Group: [u'gcloud', u'filestore']
2020-03-01 13:28:28,476 DEBUG    root            No implementation for release track [GA] for element: [/usr/lib/google-cloud-sdk/lib/surface/bq]
2020-03-01 13:28:28,477 DEBUG    root            Loaded Command Group: [u'gcloud', u'sql']
2020-03-01 13:28:28,478 DEBUG    root            Loaded Command Group: [u'gcloud', u'services']
2020-03-01 13:28:28,480 DEBUG    root            Loaded Command Group: [u'gcloud', u'recommender']
2020-03-01 13:28:28,481 DEBUG    root            Loaded Command Group: [u'gcloud', u'bigtable']
2020-03-01 13:28:28,482 DEBUG    root            Loaded Command Group: [u'gcloud', u'logging']
2020-03-01 13:28:28,484 DEBUG    root            Loaded Command Group: [u'gcloud', u'service_management']
2020-03-01 13:28:28,485 DEBUG    root            Loaded Command Group: [u'gcloud', u'secrets']
2020-03-01 13:28:28,487 DEBUG    root            No implementation for release track [GA] for element: [/usr/lib/google-cloud-sdk/lib/surface/remote_build_execution]
2020-03-01 13:28:28,487 DEBUG    root            No implementation for release track [GA] for element: [/usr/lib/google-cloud-sdk/lib/surface/runtime_config]
2020-03-01 13:28:28,489 DEBUG    root            Loaded Command Group: [u'gcloud', u'survey']
2020-03-01 13:28:28,490 DEBUG    root            Loaded Command Group: [u'gcloud', u'components']
2020-03-01 13:28:28,492 DEBUG    root            No implementation for release track [GA] for element: [/usr/lib/google-cloud-sdk/lib/surface/identity]
2020-03-01 13:28:28,492 DEBUG    root            Loaded Command Group: [u'gcloud', u'domains']
2020-03-01 13:28:28,495 DEBUG    root            Loaded Command Group: [u'gcloud', u'docker']
2020-03-01 13:28:28,529 DEBUG    root            No implementation for release track [GA] for element: [/usr/lib/google-cloud-sdk/lib/surface/interactive]
2020-03-01 13:28:28,530 DEBUG    root            Loaded Command Group: [u'gcloud', u'firestore']
2020-03-01 13:28:28,532 ERROR    root            (gcloud) Invalid choice: 'deploy'.
