2020-03-01 13:55:13,072 DEBUG    root            Loaded Command Group: [u'gcloud', u'app']
2020-03-01 13:55:13,124 DEBUG    root            Loaded Command Group: [u'gcloud', u'app', u'deploy']
2020-03-01 13:55:13,128 DEBUG    root            Running [gcloud.app.deploy] with arguments: [--no-promote: "false"]
2020-03-01 13:55:13,154 DEBUG    root            Loading runtimes experiment config from [gs://runtime-builders/experiments.yaml]
2020-03-01 13:55:13,176 INFO     root            Reading [<googlecloudsdk.api_lib.storage.storage_util.ObjectReference object at 0x7f4079751990>]
2020-03-01 13:55:13,349 DEBUG    root            API endpoint: [https://appengine.googleapis.com/], API version: [v1]
2020-03-01 13:55:13,849 INFO     ___FILE_ONLY___ Services to deploy:


2020-03-01 13:55:13,849 INFO     ___FILE_ONLY___ descriptor:      [/home/justink875/app.yaml]
source:          [/home/justink875]
target project:  [lucid-burner-231321]
target service:  [default]
target version:  [20200301t135513]
target url:      [https://20200301t135513-dot-lucid-burner-231321.appspot.com]



2020-03-01 13:55:13,849 INFO     ___FILE_ONLY___      (add --promote if you also want to make this service available from
     [https://lucid-burner-231321.appspot.com])


2020-03-01 13:55:17,027 DEBUG    root            No bucket specified, retrieving default bucket.
2020-03-01 13:55:17,029 DEBUG    root            Using bucket [gs://staging.lucid-burner-231321.appspot.com].
2020-03-01 13:55:17,456 DEBUG    root            Service [appengineflex.googleapis.com] is already enabled for project [lucid-burner-231321]
2020-03-01 13:55:17,604 INFO     ___FILE_ONLY___ Beginning deployment of service [default]...

2020-03-01 13:55:17,606 INFO     root            Ignoring file [views/SloHacksProject/.gitignore]: File matches ignore regex.
2020-03-01 13:55:17,607 INFO     root            Ignoring file [views/SloHacksProject/.git/HEAD]: File matches ignore regex.
2020-03-01 13:55:17,607 INFO     root            Ignoring directory [views/SloHacksProject/.git/branches]: Directory matches ignore regex.
2020-03-01 13:55:17,607 INFO     root            Ignoring file [views/SloHacksProject/.git/config]: File matches ignore regex.
2020-03-01 13:55:17,607 INFO     root            Ignoring file [views/SloHacksProject/.git/description]: File matches ignore regex.
2020-03-01 13:55:17,608 INFO     root            Ignoring directory [views/SloHacksProject/.git/hooks]: Directory matches ignore regex.
2020-03-01 13:55:17,608 INFO     root            Ignoring file [views/SloHacksProject/.git/index]: File matches ignore regex.
2020-03-01 13:55:17,608 INFO     root            Ignoring directory [views/SloHacksProject/.git/info]: Directory matches ignore regex.
2020-03-01 13:55:17,608 INFO     root            Ignoring directory [views/SloHacksProject/.git/logs]: Directory matches ignore regex.
2020-03-01 13:55:17,608 INFO     root            Ignoring directory [views/SloHacksProject/.git/objects]: Directory matches ignore regex.
2020-03-01 13:55:17,608 INFO     root            Ignoring file [views/SloHacksProject/.git/packed-refs]: File matches ignore regex.
2020-03-01 13:55:17,608 INFO     root            Ignoring directory [views/SloHacksProject/.git/refs]: Directory matches ignore regex.
2020-03-01 13:55:17,609 INFO     root            Ignoring directory [node_modules/.bin]: Directory matches ignore regex.
2020-03-01 13:55:17,609 INFO     root            Ignoring directory [node_modules/@google-cloud]: Directory matches ignore regex.
2020-03-01 13:55:17,609 INFO     root            Ignoring directory [node_modules/@tootallnate]: Directory matches ignore regex.
2020-03-01 13:55:17,609 INFO     root            Ignoring directory [node_modules/abort-controller]: Directory matches ignore regex.
2020-03-01 13:55:17,609 INFO     root            Ignoring directory [node_modules/accepts]: Directory matches ignore regex.
2020-03-01 13:55:17,609 INFO     root            Ignoring directory [node_modules/agent-base]: Directory matches ignore regex.
2020-03-01 13:55:17,609 INFO     root            Ignoring directory [node_modules/array-flatten]: Directory matches ignore regex.
2020-03-01 13:55:17,609 INFO     root            Ignoring directory [node_modules/arrify]: Directory matches ignore regex.
2020-03-01 13:55:17,609 INFO     root            Ignoring directory [node_modules/base64-js]: Directory matches ignore regex.
2020-03-01 13:55:17,609 INFO     root            Ignoring directory [node_modules/bignumber.js]: Directory matches ignore regex.
2020-03-01 13:55:17,610 INFO     root            Ignoring directory [node_modules/body-parser]: Directory matches ignore regex.
2020-03-01 13:55:17,610 INFO     root            Ignoring directory [node_modules/buffer-equal-constant-time]: Directory matches ignore regex.
2020-03-01 13:55:17,610 INFO     root            Ignoring directory [node_modules/buffer-from]: Directory matches ignore regex.
2020-03-01 13:55:17,610 INFO     root            Ignoring directory [node_modules/bytes]: Directory matches ignore regex.
2020-03-01 13:55:17,610 INFO     root            Ignoring directory [node_modules/compressible]: Directory matches ignore regex.
2020-03-01 13:55:17,610 INFO     root            Ignoring directory [node_modules/concat-stream]: Directory matches ignore regex.
2020-03-01 13:55:17,610 INFO     root            Ignoring directory [node_modules/configstore]: Directory matches ignore regex.
2020-03-01 13:55:17,610 INFO     root            Ignoring directory [node_modules/content-disposition]: Directory matches ignore regex.
2020-03-01 13:55:17,611 INFO     root            Ignoring directory [node_modules/content-type]: Directory matches ignore regex.
2020-03-01 13:55:17,611 INFO     root            Ignoring directory [node_modules/cookie]: Directory matches ignore regex.
2020-03-01 13:55:17,611 INFO     root            Ignoring directory [node_modules/cookie-signature]: Directory matches ignore regex.
2020-03-01 13:55:17,611 INFO     root            Ignoring directory [node_modules/core-util-is]: Directory matches ignore regex.
2020-03-01 13:55:17,611 INFO     root            Ignoring directory [node_modules/crypto-random-string]: Directory matches ignore regex.
2020-03-01 13:55:17,611 INFO     root            Ignoring directory [node_modules/date-and-time]: Directory matches ignore regex.
2020-03-01 13:55:17,611 INFO     root            Ignoring directory [node_modules/debug]: Directory matches ignore regex.
2020-03-01 13:55:17,611 INFO     root            Ignoring directory [node_modules/depd]: Directory matches ignore regex.
2020-03-01 13:55:17,611 INFO     root            Ignoring directory [node_modules/destroy]: Directory matches ignore regex.
2020-03-01 13:55:17,611 INFO     root            Ignoring directory [node_modules/dot-prop]: Directory matches ignore regex.
2020-03-01 13:55:17,611 INFO     root            Ignoring directory [node_modules/duplexify]: Directory matches ignore regex.
2020-03-01 13:55:17,612 INFO     root            Ignoring directory [node_modules/ecdsa-sig-formatter]: Directory matches ignore regex.
2020-03-01 13:55:17,612 INFO     root            Ignoring directory [node_modules/ee-first]: Directory matches ignore regex.
2020-03-01 13:55:17,612 INFO     root            Ignoring directory [node_modules/encodeurl]: Directory matches ignore regex.
2020-03-01 13:55:17,612 INFO     root            Ignoring directory [node_modules/end-of-stream]: Directory matches ignore regex.
2020-03-01 13:55:17,612 INFO     root            Ignoring directory [node_modules/ent]: Directory matches ignore regex.
2020-03-01 13:55:17,612 INFO     root            Ignoring directory [node_modules/escape-html]: Directory matches ignore regex.
2020-03-01 13:55:17,612 INFO     root            Ignoring directory [node_modules/etag]: Directory matches ignore regex.
2020-03-01 13:55:17,612 INFO     root            Ignoring directory [node_modules/event-target-shim]: Directory matches ignore regex.
2020-03-01 13:55:17,612 INFO     root            Ignoring directory [node_modules/express]: Directory matches ignore regex.
2020-03-01 13:55:17,612 INFO     root            Ignoring directory [node_modules/extend]: Directory matches ignore regex.
2020-03-01 13:55:17,612 INFO     root            Ignoring directory [node_modules/fast-text-encoding]: Directory matches ignore regex.
2020-03-01 13:55:17,613 INFO     root            Ignoring directory [node_modules/finalhandler]: Directory matches ignore regex.
2020-03-01 13:55:17,613 INFO     root            Ignoring directory [node_modules/forwarded]: Directory matches ignore regex.
2020-03-01 13:55:17,613 INFO     root            Ignoring directory [node_modules/fresh]: Directory matches ignore regex.
2020-03-01 13:55:17,613 INFO     root            Ignoring directory [node_modules/gaxios]: Directory matches ignore regex.
2020-03-01 13:55:17,613 INFO     root            Ignoring directory [node_modules/gcp-metadata]: Directory matches ignore regex.
2020-03-01 13:55:17,613 INFO     root            Ignoring directory [node_modules/gcs-resumable-upload]: Directory matches ignore regex.
2020-03-01 13:55:17,613 INFO     root            Ignoring directory [node_modules/git]: Directory matches ignore regex.
2020-03-01 13:55:17,613 INFO     root            Ignoring directory [node_modules/google-auth-library]: Directory matches ignore regex.
2020-03-01 13:55:17,613 INFO     root            Ignoring directory [node_modules/google-p12-pem]: Directory matches ignore regex.
2020-03-01 13:55:17,613 INFO     root            Ignoring directory [node_modules/graceful-fs]: Directory matches ignore regex.
2020-03-01 13:55:17,613 INFO     root            Ignoring directory [node_modules/gtoken]: Directory matches ignore regex.
2020-03-01 13:55:17,614 INFO     root            Ignoring directory [node_modules/hash-stream-validation]: Directory matches ignore regex.
2020-03-01 13:55:17,614 INFO     root            Ignoring directory [node_modules/http-errors]: Directory matches ignore regex.
2020-03-01 13:55:17,614 INFO     root            Ignoring directory [node_modules/http-proxy-agent]: Directory matches ignore regex.
2020-03-01 13:55:17,614 INFO     root            Ignoring directory [node_modules/https-proxy-agent]: Directory matches ignore regex.
2020-03-01 13:55:17,614 INFO     root            Ignoring directory [node_modules/iconv-lite]: Directory matches ignore regex.
2020-03-01 13:55:17,614 INFO     root            Ignoring directory [node_modules/imurmurhash]: Directory matches ignore regex.
2020-03-01 13:55:17,614 INFO     root            Ignoring directory [node_modules/inherits]: Directory matches ignore regex.
2020-03-01 13:55:17,614 INFO     root            Ignoring directory [node_modules/ipaddr.js]: Directory matches ignore regex.
2020-03-01 13:55:17,614 INFO     root            Ignoring directory [node_modules/is-obj]: Directory matches ignore regex.
2020-03-01 13:55:17,614 INFO     root            Ignoring directory [node_modules/is-stream]: Directory matches ignore regex.
2020-03-01 13:55:17,614 INFO     root            Ignoring directory [node_modules/is-typedarray]: Directory matches ignore regex.
2020-03-01 13:55:17,614 INFO     root            Ignoring directory [node_modules/isarray]: Directory matches ignore regex.
2020-03-01 13:55:17,615 INFO     root            Ignoring directory [node_modules/json-bigint]: Directory matches ignore regex.
2020-03-01 13:55:17,615 INFO     root            Ignoring directory [node_modules/jwa]: Directory matches ignore regex.
2020-03-01 13:55:17,615 INFO     root            Ignoring directory [node_modules/jws]: Directory matches ignore regex.
2020-03-01 13:55:17,615 INFO     root            Ignoring directory [node_modules/lru-cache]: Directory matches ignore regex.
2020-03-01 13:55:17,615 INFO     root            Ignoring directory [node_modules/make-dir]: Directory matches ignore regex.
2020-03-01 13:55:17,615 INFO     root            Ignoring directory [node_modules/media-typer]: Directory matches ignore regex.
2020-03-01 13:55:17,615 INFO     root            Ignoring directory [node_modules/merge-descriptors]: Directory matches ignore regex.
2020-03-01 13:55:17,615 INFO     root            Ignoring directory [node_modules/methods]: Directory matches ignore regex.
2020-03-01 13:55:17,615 INFO     root            Ignoring directory [node_modules/mime]: Directory matches ignore regex.
2020-03-01 13:55:17,615 INFO     root            Ignoring directory [node_modules/mime-db]: Directory matches ignore regex.
2020-03-01 13:55:17,615 INFO     root            Ignoring directory [node_modules/mime-types]: Directory matches ignore regex.
2020-03-01 13:55:17,615 INFO     root            Ignoring directory [node_modules/mimic-fn]: Directory matches ignore regex.
2020-03-01 13:55:17,616 INFO     root            Ignoring directory [node_modules/ms]: Directory matches ignore regex.
2020-03-01 13:55:17,616 INFO     root            Ignoring directory [node_modules/negotiator]: Directory matches ignore regex.
2020-03-01 13:55:17,616 INFO     root            Ignoring directory [node_modules/node-fetch]: Directory matches ignore regex.
2020-03-01 13:55:17,616 INFO     root            Ignoring directory [node_modules/node-forge]: Directory matches ignore regex.
2020-03-01 13:55:17,616 INFO     root            Ignoring directory [node_modules/on-finished]: Directory matches ignore regex.
2020-03-01 13:55:17,616 INFO     root            Ignoring directory [node_modules/once]: Directory matches ignore regex.
2020-03-01 13:55:17,616 INFO     root            Ignoring directory [node_modules/onetime]: Directory matches ignore regex.
2020-03-01 13:55:17,616 INFO     root            Ignoring directory [node_modules/p-limit]: Directory matches ignore regex.
2020-03-01 13:55:17,616 INFO     root            Ignoring directory [node_modules/p-try]: Directory matches ignore regex.
2020-03-01 13:55:17,616 INFO     root            Ignoring directory [node_modules/parseurl]: Directory matches ignore regex.
2020-03-01 13:55:17,616 INFO     root            Ignoring directory [node_modules/path-to-regexp]: Directory matches ignore regex.
2020-03-01 13:55:17,617 INFO     root            Ignoring directory [node_modules/process-nextick-args]: Directory matches ignore regex.
2020-03-01 13:55:17,617 INFO     root            Ignoring directory [node_modules/proxy-addr]: Directory matches ignore regex.
2020-03-01 13:55:17,617 INFO     root            Ignoring directory [node_modules/pump]: Directory matches ignore regex.
2020-03-01 13:55:17,617 INFO     root            Ignoring directory [node_modules/pumpify]: Directory matches ignore regex.
2020-03-01 13:55:17,617 INFO     root            Ignoring directory [node_modules/qs]: Directory matches ignore regex.
2020-03-01 13:55:17,617 INFO     root            Ignoring directory [node_modules/range-parser]: Directory matches ignore regex.
2020-03-01 13:55:17,617 INFO     root            Ignoring directory [node_modules/raw-body]: Directory matches ignore regex.
2020-03-01 13:55:17,617 INFO     root            Ignoring directory [node_modules/readable-stream]: Directory matches ignore regex.
2020-03-01 13:55:17,617 INFO     root            Ignoring directory [node_modules/retry-request]: Directory matches ignore regex.
2020-03-01 13:55:17,617 INFO     root            Ignoring directory [node_modules/safe-buffer]: Directory matches ignore regex.
2020-03-01 13:55:17,617 INFO     root            Ignoring directory [node_modules/safer-buffer]: Directory matches ignore regex.
2020-03-01 13:55:17,617 INFO     root            Ignoring directory [node_modules/semver]: Directory matches ignore regex.
2020-03-01 13:55:17,618 INFO     root            Ignoring directory [node_modules/send]: Directory matches ignore regex.
2020-03-01 13:55:17,618 INFO     root            Ignoring directory [node_modules/serve-static]: Directory matches ignore regex.
2020-03-01 13:55:17,618 INFO     root            Ignoring directory [node_modules/setprototypeof]: Directory matches ignore regex.
2020-03-01 13:55:17,618 INFO     root            Ignoring directory [node_modules/signal-exit]: Directory matches ignore regex.
2020-03-01 13:55:17,618 INFO     root            Ignoring directory [node_modules/snakeize]: Directory matches ignore regex.
2020-03-01 13:55:17,618 INFO     root            Ignoring directory [node_modules/statuses]: Directory matches ignore regex.
2020-03-01 13:55:17,618 INFO     root            Ignoring directory [node_modules/stream-events]: Directory matches ignore regex.
2020-03-01 13:55:17,618 INFO     root            Ignoring directory [node_modules/stream-shift]: Directory matches ignore regex.
2020-03-01 13:55:17,618 INFO     root            Ignoring directory [node_modules/string_decoder]: Directory matches ignore regex.
2020-03-01 13:55:17,618 INFO     root            Ignoring directory [node_modules/stubs]: Directory matches ignore regex.
2020-03-01 13:55:17,618 INFO     root            Ignoring directory [node_modules/teeny-request]: Directory matches ignore regex.
2020-03-01 13:55:17,618 INFO     root            Ignoring directory [node_modules/through2]: Directory matches ignore regex.
2020-03-01 13:55:17,619 INFO     root            Ignoring directory [node_modules/toidentifier]: Directory matches ignore regex.
2020-03-01 13:55:17,619 INFO     root            Ignoring directory [node_modules/type-is]: Directory matches ignore regex.
2020-03-01 13:55:17,619 INFO     root            Ignoring directory [node_modules/typedarray]: Directory matches ignore regex.
2020-03-01 13:55:17,619 INFO     root            Ignoring directory [node_modules/typedarray-to-buffer]: Directory matches ignore regex.
2020-03-01 13:55:17,619 INFO     root            Ignoring directory [node_modules/unique-string]: Directory matches ignore regex.
2020-03-01 13:55:17,619 INFO     root            Ignoring directory [node_modules/unpipe]: Directory matches ignore regex.
2020-03-01 13:55:17,619 INFO     root            Ignoring directory [node_modules/util-deprecate]: Directory matches ignore regex.
2020-03-01 13:55:17,619 INFO     root            Ignoring directory [node_modules/utils-merge]: Directory matches ignore regex.
2020-03-01 13:55:17,619 INFO     root            Ignoring directory [node_modules/uuid]: Directory matches ignore regex.
2020-03-01 13:55:17,619 INFO     root            Ignoring directory [node_modules/vary]: Directory matches ignore regex.
2020-03-01 13:55:17,620 INFO     root            Ignoring directory [node_modules/wrappy]: Directory matches ignore regex.
2020-03-01 13:55:17,620 INFO     root            Ignoring directory [node_modules/write-file-atomic]: Directory matches ignore regex.
2020-03-01 13:55:17,620 INFO     root            Ignoring directory [node_modules/xdg-basedir]: Directory matches ignore regex.
2020-03-01 13:55:17,620 INFO     root            Ignoring directory [node_modules/xtend]: Directory matches ignore regex.
2020-03-01 13:55:17,620 INFO     root            Ignoring directory [node_modules/yallist]: Directory matches ignore regex.
2020-03-01 13:55:17,621 INFO     root            Ignoring directory [.nvm/versions/node/v13.9.0/lib/node_modules/npm]: Directory matches ignore regex.
2020-03-01 13:55:17,710 INFO     root            Need Dockerfile to be generated for runtime nodejs
2020-03-01 13:55:17,710 INFO     ___FILE_ONLY___ Building and pushing image for service [default]

2020-03-01 13:55:17,715 DEBUG    root            Could not call git with args ('config', '--get-regexp', 'remote\\.(.*)\\.url'): Command '['git', 'config', '--get-regexp', 'remote\\.(.*)\\.url']' returned non-zero exit status 1
2020-03-01 13:55:17,715 INFO     root            Could not generate [source-context.json]: Could not list remote URLs from source directory: /home/justink875
Stackdriver Debugger may not be configured or enabled on this application. See https://cloud.google.com/debugger/ for more information.
2020-03-01 13:55:32,477 INFO     root            Uploading [/tmp/tmpAH9ppH/src.tgz] to [staging.lucid-burner-231321.appspot.com/us.gcr.io/lucid-burner-231321/appengine/default.20200301t135513:latest]
2020-03-01 13:55:32,904 DEBUG    root            Using runtime builder root [gs://runtime-builders/]
2020-03-01 13:55:32,905 DEBUG    root            Loading runtimes manifest from [gs://runtime-builders/runtimes.yaml]
2020-03-01 13:55:32,914 INFO     root            Reading [<googlecloudsdk.api_lib.storage.storage_util.ObjectReference object at 0x7f4078e92e50>]
2020-03-01 13:55:33,036 DEBUG    root            Resolved runtime [nodejs] as build configuration [gs://runtime-builders/nodejs-default-builder-20190807121809.yaml]
2020-03-01 13:55:33,036 INFO     root            Using runtime builder [gs://runtime-builders/nodejs-default-builder-20190807121809.yaml]
2020-03-01 13:55:33,050 INFO     root            Reading [<googlecloudsdk.api_lib.storage.storage_util.ObjectReference object at 0x7f4078e1ce50>]
2020-03-01 13:55:33,839 INFO     ___FILE_ONLY___ Started cloud build [73fe0111-b9c7-475a-ab7c-0718e9b7507c].

2020-03-01 13:55:33,844 DEBUG    root            GCS logfile url is https://www.googleapis.com/storage/v1/b/staging.lucid-burner-231321.appspot.com/o/log-73fe0111-b9c7-475a-ab7c-0718e9b7507c.txt?alt=media
2020-03-01 13:55:33,844 INFO     ___FILE_ONLY___ To see logs in the Cloud Console: https://console.cloud.google.com/gcr/builds/73fe0111-b9c7-475a-ab7c-0718e9b7507c?project=218225514060

2020-03-01 13:55:34,178 DEBUG    root            Operation [operations/build/lucid-burner-231321/NzNmZTAxMTEtYjljNy00NzVhLWFiN2MtMDcxOGU5Yjc1MDdj] not complete. Waiting 1s.
2020-03-01 13:55:35,311 DEBUG    root            Reading GCS logfile: 416 (no new content; keep polling)
2020-03-01 13:55:35,405 DEBUG    root            Operation [operations/build/lucid-burner-231321/NzNmZTAxMTEtYjljNy00NzVhLWFiN2MtMDcxOGU5Yjc1MDdj] not complete. Waiting 1s.
2020-03-01 13:55:36,518 DEBUG    root            Reading GCS logfile: 206 (read 225 bytes)
2020-03-01 13:55:36,519 INFO     ___FILE_ONLY___ --------------------------------------------------------- REMOTE BUILD OUTPUT ----------------------------------------------------------

2020-03-01 13:55:36,519 INFO     ___FILE_ONLY___ starting build "73fe0111-b9c7-475a-ab7c-0718e9b7507c"

FETCHSOURCE
Fetching storage object: gs://staging.lucid-burner-231321.appspot.com/us.gcr.io/lucid-burner-231321/appengine/default.20200301t135513:latest#1583070932859063

2020-03-01 13:55:36,820 DEBUG    root            Operation [operations/build/lucid-burner-231321/NzNmZTAxMTEtYjljNy00NzVhLWFiN2MtMDcxOGU5Yjc1MDdj] not complete. Waiting 1s.
2020-03-01 13:55:37,911 DEBUG    root            Reading GCS logfile: 416 (no new content; keep polling)
2020-03-01 13:55:38,207 DEBUG    root            Operation [operations/build/lucid-burner-231321/NzNmZTAxMTEtYjljNy00NzVhLWFiN2MtMDcxOGU5Yjc1MDdj] not complete. Waiting 1s.
2020-03-01 13:55:39,310 DEBUG    root            Reading GCS logfile: 416 (no new content; keep polling)
2020-03-01 13:55:39,627 DEBUG    root            Operation [operations/build/lucid-burner-231321/NzNmZTAxMTEtYjljNy00NzVhLWFiN2MtMDcxOGU5Yjc1MDdj] not complete. Waiting 1s.
2020-03-01 13:55:40,720 DEBUG    root            Reading GCS logfile: 206 (read 393 bytes)
2020-03-01 13:55:40,721 INFO     ___FILE_ONLY___ Copying gs://staging.lucid-burner-231321.appspot.com/us.gcr.io/lucid-burner-231321/appengine/default.20200301t135513:latest#1583070932859063...
/ [0 files][    0.0 B/ 49.1 MiB]                                                -- [1 files][ 49.1 MiB/ 49.1 MiB]                                                \
Operation completed over 1 objects/49.1 MiB.                                     

2020-03-01 13:55:40,807 DEBUG    root            Operation [operations/build/lucid-burner-231321/NzNmZTAxMTEtYjljNy00NzVhLWFiN2MtMDcxOGU5Yjc1MDdj] not complete. Waiting 1s.
2020-03-01 13:55:41,910 DEBUG    root            Reading GCS logfile: 416 (no new content; keep polling)
2020-03-01 13:55:42,208 DEBUG    root            Operation [operations/build/lucid-burner-231321/NzNmZTAxMTEtYjljNy00NzVhLWFiN2MtMDcxOGU5Yjc1MDdj] not complete. Waiting 1s.
2020-03-01 13:55:43,222 DEBUG    root            Reading GCS logfile: 416 (no new content; keep polling)
2020-03-01 13:55:43,524 DEBUG    root            Operation [operations/build/lucid-burner-231321/NzNmZTAxMTEtYjljNy00NzVhLWFiN2MtMDcxOGU5Yjc1MDdj] not complete. Waiting 1s.
2020-03-01 13:55:44,615 DEBUG    root            Reading GCS logfile: 206 (read 161 bytes)
2020-03-01 13:55:44,615 INFO     ___FILE_ONLY___ BUILD
Starting Step #0
Step #0: Pulling image: gcr.io/gcp-runtimes/nodejs/gen-dockerfile@sha256:d5293a583629252c12c478b572103b557ee26235c6b03a57d1f18d52882fb937

2020-03-01 13:55:44,891 DEBUG    root            Operation [operations/build/lucid-burner-231321/NzNmZTAxMTEtYjljNy00NzVhLWFiN2MtMDcxOGU5Yjc1MDdj] not complete. Waiting 1s.
2020-03-01 13:55:46,011 DEBUG    root            Reading GCS logfile: 416 (no new content; keep polling)
2020-03-01 13:55:46,308 DEBUG    root            Operation [operations/build/lucid-burner-231321/NzNmZTAxMTEtYjljNy00NzVhLWFiN2MtMDcxOGU5Yjc1MDdj] not complete. Waiting 1s.
2020-03-01 13:55:47,423 DEBUG    root            Reading GCS logfile: 206 (read 1221 bytes)
2020-03-01 13:55:47,423 INFO     ___FILE_ONLY___ Step #0: sha256:d5293a583629252c12c478b572103b557ee26235c6b03a57d1f18d52882fb937: Pulling from gcp-runtimes/nodejs/gen-dockerfile
Step #0: c4272b5b18a1: Pulling fs layer
Step #0: 99f31d2d2127: Pulling fs layer
Step #0: 3c2cba919283: Pulling fs layer
Step #0: e83dbc3576f7: Pulling fs layer
Step #0: 9efe1b0c1e82: Pulling fs layer
Step #0: 83001cb10871: Pulling fs layer
Step #0: 1162305be692: Pulling fs layer
Step #0: 9519340f6b21: Pulling fs layer
Step #0: 85ea7b697da2: Pulling fs layer
Step #0: 6403c14e19e4: Pulling fs layer
Step #0: d9919eba9859: Pulling fs layer
Step #0: 8665cabad70f: Pulling fs layer
Step #0: e83dbc3576f7: Waiting
Step #0: 9efe1b0c1e82: Waiting
Step #0: 83001cb10871: Waiting
Step #0: 1162305be692: Waiting
Step #0: 9519340f6b21: Waiting
Step #0: 85ea7b697da2: Waiting
Step #0: 6403c14e19e4: Waiting
Step #0: 8665cabad70f: Waiting
Step #0: d9919eba9859: Waiting
Step #0: 3c2cba919283: Verifying Checksum
Step #0: 3c2cba919283: Download complete
Step #0: 99f31d2d2127: Verifying Checksum
Step #0: 99f31d2d2127: Download complete
Step #0: 9efe1b0c1e82: Verifying Checksum
Step #0: 9efe1b0c1e82: Download complete
Step #0: 83001cb10871: Verifying Checksum
Step #0: 83001cb10871: Download complete

2020-03-01 13:55:47,509 DEBUG    root            Operation [operations/build/lucid-burner-231321/NzNmZTAxMTEtYjljNy00NzVhLWFiN2MtMDcxOGU5Yjc1MDdj] not complete. Waiting 1s.
2020-03-01 13:55:48,531 DEBUG    root            Reading GCS logfile: 206 (read 664 bytes)
2020-03-01 13:55:48,531 INFO     ___FILE_ONLY___ Step #0: c4272b5b18a1: Verifying Checksum
Step #0: c4272b5b18a1: Download complete
Step #0: e83dbc3576f7: Verifying Checksum
Step #0: e83dbc3576f7: Download complete
Step #0: 1162305be692: Verifying Checksum
Step #0: 1162305be692: Download complete
Step #0: 85ea7b697da2: Verifying Checksum
Step #0: 85ea7b697da2: Download complete
Step #0: 6403c14e19e4: Verifying Checksum
Step #0: 6403c14e19e4: Download complete
Step #0: d9919eba9859: Verifying Checksum
Step #0: d9919eba9859: Download complete
Step #0: 9519340f6b21: Verifying Checksum
Step #0: 9519340f6b21: Download complete
Step #0: 8665cabad70f: Verifying Checksum
Step #0: 8665cabad70f: Download complete

2020-03-01 13:55:48,617 DEBUG    root            Operation [operations/build/lucid-burner-231321/NzNmZTAxMTEtYjljNy00NzVhLWFiN2MtMDcxOGU5Yjc1MDdj] not complete. Waiting 1s.
2020-03-01 13:55:49,710 DEBUG    root            Reading GCS logfile: 416 (no new content; keep polling)
2020-03-01 13:55:50,005 DEBUG    root            Operation [operations/build/lucid-burner-231321/NzNmZTAxMTEtYjljNy00NzVhLWFiN2MtMDcxOGU5Yjc1MDdj] not complete. Waiting 1s.
2020-03-01 13:55:51,109 DEBUG    root            Reading GCS logfile: 416 (no new content; keep polling)
2020-03-01 13:55:51,382 DEBUG    root            Operation [operations/build/lucid-burner-231321/NzNmZTAxMTEtYjljNy00NzVhLWFiN2MtMDcxOGU5Yjc1MDdj] not complete. Waiting 1s.
2020-03-01 13:55:52,416 DEBUG    root            Reading GCS logfile: 206 (read 111 bytes)
2020-03-01 13:55:52,416 INFO     ___FILE_ONLY___ Step #0: c4272b5b18a1: Pull complete
Step #0: 99f31d2d2127: Pull complete
Step #0: 3c2cba919283: Pull complete

2020-03-01 13:55:52,711 DEBUG    root            Operation [operations/build/lucid-burner-231321/NzNmZTAxMTEtYjljNy00NzVhLWFiN2MtMDcxOGU5Yjc1MDdj] not complete. Waiting 1s.
2020-03-01 13:55:53,809 DEBUG    root            Reading GCS logfile: 416 (no new content; keep polling)
2020-03-01 13:55:54,085 DEBUG    root            Operation [operations/build/lucid-burner-231321/NzNmZTAxMTEtYjljNy00NzVhLWFiN2MtMDcxOGU5Yjc1MDdj] not complete. Waiting 1s.
2020-03-01 13:55:55,113 DEBUG    root            Reading GCS logfile: 416 (no new content; keep polling)
2020-03-01 13:55:55,200 DEBUG    root            Operation [operations/build/lucid-burner-231321/NzNmZTAxMTEtYjljNy00NzVhLWFiN2MtMDcxOGU5Yjc1MDdj] not complete. Waiting 1s.
2020-03-01 13:55:56,309 DEBUG    root            Reading GCS logfile: 416 (no new content; keep polling)
2020-03-01 13:55:56,393 DEBUG    root            Operation [operations/build/lucid-burner-231321/NzNmZTAxMTEtYjljNy00NzVhLWFiN2MtMDcxOGU5Yjc1MDdj] not complete. Waiting 1s.
2020-03-01 13:55:57,509 DEBUG    root            Reading GCS logfile: 416 (no new content; keep polling)
2020-03-01 13:55:57,592 DEBUG    root            Operation [operations/build/lucid-burner-231321/NzNmZTAxMTEtYjljNy00NzVhLWFiN2MtMDcxOGU5Yjc1MDdj] not complete. Waiting 1s.
2020-03-01 13:55:58,720 DEBUG    root            Reading GCS logfile: 206 (read 111 bytes)
2020-03-01 13:55:58,720 INFO     ___FILE_ONLY___ Step #0: e83dbc3576f7: Pull complete
Step #0: 9efe1b0c1e82: Pull complete
Step #0: 83001cb10871: Pull complete

2020-03-01 13:55:58,997 DEBUG    root            Operation [operations/build/lucid-burner-231321/NzNmZTAxMTEtYjljNy00NzVhLWFiN2MtMDcxOGU5Yjc1MDdj] not complete. Waiting 1s.
2020-03-01 13:56:00,110 DEBUG    root            Reading GCS logfile: 416 (no new content; keep polling)
2020-03-01 13:56:00,235 DEBUG    root            Operation [operations/build/lucid-burner-231321/NzNmZTAxMTEtYjljNy00NzVhLWFiN2MtMDcxOGU5Yjc1MDdj] not complete. Waiting 1s.
2020-03-01 13:56:01,321 DEBUG    root            Reading GCS logfile: 206 (read 37 bytes)
2020-03-01 13:56:01,322 INFO     ___FILE_ONLY___ Step #0: 1162305be692: Pull complete

2020-03-01 13:56:01,410 DEBUG    root            Operation [operations/build/lucid-burner-231321/NzNmZTAxMTEtYjljNy00NzVhLWFiN2MtMDcxOGU5Yjc1MDdj] not complete. Waiting 1s.
2020-03-01 13:56:02,517 DEBUG    root            Reading GCS logfile: 416 (no new content; keep polling)
2020-03-01 13:56:02,834 DEBUG    root            Operation [operations/build/lucid-burner-231321/NzNmZTAxMTEtYjljNy00NzVhLWFiN2MtMDcxOGU5Yjc1MDdj] not complete. Waiting 1s.
2020-03-01 13:56:03,921 DEBUG    root            Reading GCS logfile: 206 (read 148 bytes)
2020-03-01 13:56:03,921 INFO     ___FILE_ONLY___ Step #0: 9519340f6b21: Pull complete
Step #0: 85ea7b697da2: Pull complete
Step #0: 6403c14e19e4: Pull complete
Step #0: d9919eba9859: Pull complete

2020-03-01 13:56:04,008 DEBUG    root            Operation [operations/build/lucid-burner-231321/NzNmZTAxMTEtYjljNy00NzVhLWFiN2MtMDcxOGU5Yjc1MDdj] not complete. Waiting 1s.
2020-03-01 13:56:05,111 DEBUG    root            Reading GCS logfile: 416 (no new content; keep polling)
2020-03-01 13:56:05,196 DEBUG    root            Operation [operations/build/lucid-burner-231321/NzNmZTAxMTEtYjljNy00NzVhLWFiN2MtMDcxOGU5Yjc1MDdj] not complete. Waiting 1s.
2020-03-01 13:56:06,318 DEBUG    root            Reading GCS logfile: 206 (read 407 bytes)
2020-03-01 13:56:06,318 INFO     ___FILE_ONLY___ Step #0: 8665cabad70f: Pull complete
Step #0: Digest: sha256:d5293a583629252c12c478b572103b557ee26235c6b03a57d1f18d52882fb937
Step #0: Status: Downloaded newer image for gcr.io/gcp-runtimes/nodejs/gen-dockerfile@sha256:d5293a583629252c12c478b572103b557ee26235c6b03a57d1f18d52882fb937
Step #0: gcr.io/gcp-runtimes/nodejs/gen-dockerfile@sha256:d5293a583629252c12c478b572103b557ee26235c6b03a57d1f18d52882fb937

2020-03-01 13:56:06,633 DEBUG    root            Operation [operations/build/lucid-burner-231321/NzNmZTAxMTEtYjljNy00NzVhLWFiN2MtMDcxOGU5Yjc1MDdj] not complete. Waiting 1s.
2020-03-01 13:56:07,647 DEBUG    root            Reading GCS logfile: 416 (no new content; keep polling)
2020-03-01 13:56:07,732 DEBUG    root            Operation [operations/build/lucid-burner-231321/NzNmZTAxMTEtYjljNy00NzVhLWFiN2MtMDcxOGU5Yjc1MDdj] not complete. Waiting 1s.
2020-03-01 13:56:08,810 DEBUG    root            Reading GCS logfile: 416 (no new content; keep polling)
2020-03-01 13:56:08,896 DEBUG    root            Operation [operations/build/lucid-burner-231321/NzNmZTAxMTEtYjljNy00NzVhLWFiN2MtMDcxOGU5Yjc1MDdj] not complete. Waiting 1s.
2020-03-01 13:56:10,010 DEBUG    root            Reading GCS logfile: 416 (no new content; keep polling)
2020-03-01 13:56:10,095 DEBUG    root            Operation [operations/build/lucid-burner-231321/NzNmZTAxMTEtYjljNy00NzVhLWFiN2MtMDcxOGU5Yjc1MDdj] not complete. Waiting 1s.
2020-03-01 13:56:11,219 DEBUG    root            Reading GCS logfile: 206 (read 452 bytes)
2020-03-01 13:56:11,219 INFO     ___FILE_ONLY___ Step #0: Checking for Node.js.
Step #0: WARNING:  Your package.json does not specify a supported Node.js version.  Please pin your application to a major version of the Node.js runtime.  To learn more, visit https://cloud.google.com/appengine/docs/flexible/nodejs/runtime
Finished Step #0
Starting Step #1
Step #1: Already have image (with digest): gcr.io/kaniko-project/executor@sha256:f87c11770a4d3ed33436508d206c584812cd656e6ed08eda1cff5c1ee44f5870

2020-03-01 13:56:11,534 DEBUG    root            Operation [operations/build/lucid-burner-231321/NzNmZTAxMTEtYjljNy00NzVhLWFiN2MtMDcxOGU5Yjc1MDdj] not complete. Waiting 1s.
2020-03-01 13:56:12,617 DEBUG    root            Reading GCS logfile: 206 (read 321 bytes)
2020-03-01 13:56:12,618 INFO     ___FILE_ONLY___ Step #1: [36mINFO[0m[0000] Removing ignored files from build context: [node_modules .dockerignore Dockerfile npm-debug.log yarn-error.log .git .hg .svn app.yaml] 
Step #1: [36mINFO[0m[0000] Downloading base image gcr.io/google-appengine/nodejs@sha256:ef8be7b4dc77c3e71fbc85ca88186b13214af8f83b8baecc65e8ed85bb904ad5 

2020-03-01 13:56:12,914 DEBUG    root            Operation [operations/build/lucid-burner-231321/NzNmZTAxMTEtYjljNy00NzVhLWFiN2MtMDcxOGU5Yjc1MDdj] not complete. Waiting 1s.
2020-03-01 13:56:14,009 DEBUG    root            Reading GCS logfile: 416 (no new content; keep polling)
2020-03-01 13:56:14,330 DEBUG    root            Operation [operations/build/lucid-burner-231321/NzNmZTAxMTEtYjljNy00NzVhLWFiN2MtMDcxOGU5Yjc1MDdj] not complete. Waiting 1s.
2020-03-01 13:56:15,343 DEBUG    root            Reading GCS logfile: 416 (no new content; keep polling)
2020-03-01 13:56:15,432 DEBUG    root            Operation [operations/build/lucid-burner-231321/NzNmZTAxMTEtYjljNy00NzVhLWFiN2MtMDcxOGU5Yjc1MDdj] not complete. Waiting 1s.
2020-03-01 13:56:16,508 DEBUG    root            Reading GCS logfile: 416 (no new content; keep polling)
2020-03-01 13:56:16,784 DEBUG    root            Operation [operations/build/lucid-burner-231321/NzNmZTAxMTEtYjljNy00NzVhLWFiN2MtMDcxOGU5Yjc1MDdj] not complete. Waiting 1s.
2020-03-01 13:56:17,797 DEBUG    root            Reading GCS logfile: 416 (no new content; keep polling)
2020-03-01 13:56:18,094 DEBUG    root            Operation [operations/build/lucid-burner-231321/NzNmZTAxMTEtYjljNy00NzVhLWFiN2MtMDcxOGU5Yjc1MDdj] not complete. Waiting 1s.
2020-03-01 13:56:19,107 DEBUG    root            Reading GCS logfile: 416 (no new content; keep polling)
2020-03-01 13:56:19,197 DEBUG    root            Operation [operations/build/lucid-burner-231321/NzNmZTAxMTEtYjljNy00NzVhLWFiN2MtMDcxOGU5Yjc1MDdj] not complete. Waiting 1s.
2020-03-01 13:56:20,311 DEBUG    root            Reading GCS logfile: 416 (no new content; keep polling)
2020-03-01 13:56:20,636 DEBUG    root            Operation [operations/build/lucid-burner-231321/NzNmZTAxMTEtYjljNy00NzVhLWFiN2MtMDcxOGU5Yjc1MDdj] not complete. Waiting 1s.
2020-03-01 13:56:21,712 DEBUG    root            Reading GCS logfile: 416 (no new content; keep polling)
2020-03-01 13:56:21,796 DEBUG    root            Operation [operations/build/lucid-burner-231321/NzNmZTAxMTEtYjljNy00NzVhLWFiN2MtMDcxOGU5Yjc1MDdj] not complete. Waiting 1s.
2020-03-01 13:56:22,912 DEBUG    root            Reading GCS logfile: 416 (no new content; keep polling)
2020-03-01 13:56:23,229 DEBUG    root            Operation [operations/build/lucid-burner-231321/NzNmZTAxMTEtYjljNy00NzVhLWFiN2MtMDcxOGU5Yjc1MDdj] not complete. Waiting 1s.
2020-03-01 13:56:24,310 DEBUG    root            Reading GCS logfile: 416 (no new content; keep polling)
2020-03-01 13:56:24,391 DEBUG    root            Operation [operations/build/lucid-burner-231321/NzNmZTAxMTEtYjljNy00NzVhLWFiN2MtMDcxOGU5Yjc1MDdj] not complete. Waiting 1s.
2020-03-01 13:56:25,510 DEBUG    root            Reading GCS logfile: 416 (no new content; keep polling)
2020-03-01 13:56:25,819 DEBUG    root            Operation [operations/build/lucid-burner-231321/NzNmZTAxMTEtYjljNy00NzVhLWFiN2MtMDcxOGU5Yjc1MDdj] not complete. Waiting 1s.
2020-03-01 13:56:26,911 DEBUG    root            Reading GCS logfile: 416 (no new content; keep polling)
2020-03-01 13:56:26,999 DEBUG    root            Operation [operations/build/lucid-burner-231321/NzNmZTAxMTEtYjljNy00NzVhLWFiN2MtMDcxOGU5Yjc1MDdj] not complete. Waiting 1s.
2020-03-01 13:56:28,110 DEBUG    root            Reading GCS logfile: 416 (no new content; keep polling)
2020-03-01 13:56:28,196 DEBUG    root            Operation [operations/build/lucid-burner-231321/NzNmZTAxMTEtYjljNy00NzVhLWFiN2MtMDcxOGU5Yjc1MDdj] not complete. Waiting 1s.
2020-03-01 13:56:29,217 DEBUG    root            Reading GCS logfile: 206 (read 75 bytes)
2020-03-01 13:56:29,218 INFO     ___FILE_ONLY___ Step #1: [36mINFO[0m[0016] Taking snapshot of full filesystem...        

2020-03-01 13:56:29,493 DEBUG    root            Operation [operations/build/lucid-burner-231321/NzNmZTAxMTEtYjljNy00NzVhLWFiN2MtMDcxOGU5Yjc1MDdj] not complete. Waiting 1s.
2020-03-01 13:56:30,610 DEBUG    root            Reading GCS logfile: 416 (no new content; keep polling)
2020-03-01 13:56:30,704 DEBUG    root            Operation [operations/build/lucid-burner-231321/NzNmZTAxMTEtYjljNy00NzVhLWFiN2MtMDcxOGU5Yjc1MDdj] not complete. Waiting 1s.
2020-03-01 13:56:31,810 DEBUG    root            Reading GCS logfile: 416 (no new content; keep polling)
2020-03-01 13:56:31,907 DEBUG    root            Operation [operations/build/lucid-burner-231321/NzNmZTAxMTEtYjljNy00NzVhLWFiN2MtMDcxOGU5Yjc1MDdj] not complete. Waiting 1s.
2020-03-01 13:56:33,010 DEBUG    root            Reading GCS logfile: 416 (no new content; keep polling)
2020-03-01 13:56:33,102 DEBUG    root            Operation [operations/build/lucid-burner-231321/NzNmZTAxMTEtYjljNy00NzVhLWFiN2MtMDcxOGU5Yjc1MDdj] not complete. Waiting 1s.
2020-03-01 13:56:34,211 DEBUG    root            Reading GCS logfile: 416 (no new content; keep polling)
2020-03-01 13:56:34,527 DEBUG    root            Operation [operations/build/lucid-burner-231321/NzNmZTAxMTEtYjljNy00NzVhLWFiN2MtMDcxOGU5Yjc1MDdj] not complete. Waiting 1s.
2020-03-01 13:56:35,611 DEBUG    root            Reading GCS logfile: 416 (no new content; keep polling)
2020-03-01 13:56:35,697 DEBUG    root            Operation [operations/build/lucid-burner-231321/NzNmZTAxMTEtYjljNy00NzVhLWFiN2MtMDcxOGU5Yjc1MDdj] not complete. Waiting 1s.
2020-03-01 13:56:36,809 DEBUG    root            Reading GCS logfile: 416 (no new content; keep polling)
2020-03-01 13:56:36,896 DEBUG    root            Operation [operations/build/lucid-burner-231321/NzNmZTAxMTEtYjljNy00NzVhLWFiN2MtMDcxOGU5Yjc1MDdj] not complete. Waiting 1s.
2020-03-01 13:56:38,009 DEBUG    root            Reading GCS logfile: 416 (no new content; keep polling)
2020-03-01 13:56:38,096 DEBUG    root            Operation [operations/build/lucid-burner-231321/NzNmZTAxMTEtYjljNy00NzVhLWFiN2MtMDcxOGU5Yjc1MDdj] not complete. Waiting 1s.
2020-03-01 13:56:39,111 DEBUG    root            Reading GCS logfile: 416 (no new content; keep polling)
2020-03-01 13:56:39,428 DEBUG    root            Operation [operations/build/lucid-burner-231321/NzNmZTAxMTEtYjljNy00NzVhLWFiN2MtMDcxOGU5Yjc1MDdj] not complete. Waiting 1s.
2020-03-01 13:56:40,524 DEBUG    root            Reading GCS logfile: 206 (read 150 bytes)
2020-03-01 13:56:40,524 INFO     ___FILE_ONLY___ Step #1: [36mINFO[0m[0028] Using files from context: [/workspace]       
Step #1: [36mINFO[0m[0029] COPY . /app/                                 

2020-03-01 13:56:40,611 DEBUG    root            Operation [operations/build/lucid-burner-231321/NzNmZTAxMTEtYjljNy00NzVhLWFiN2MtMDcxOGU5Yjc1MDdj] not complete. Waiting 1s.
2020-03-01 13:56:41,722 DEBUG    root            Reading GCS logfile: 206 (read 75 bytes)
2020-03-01 13:56:41,722 INFO     ___FILE_ONLY___ Step #1: [36mINFO[0m[0029] Taking snapshot of files...                  

2020-03-01 13:56:41,809 DEBUG    root            Operation [operations/build/lucid-burner-231321/NzNmZTAxMTEtYjljNy00NzVhLWFiN2MtMDcxOGU5Yjc1MDdj] not complete. Waiting 1s.
2020-03-01 13:56:42,911 DEBUG    root            Reading GCS logfile: 416 (no new content; keep polling)
2020-03-01 13:56:43,003 DEBUG    root            Operation [operations/build/lucid-burner-231321/NzNmZTAxMTEtYjljNy00NzVhLWFiN2MtMDcxOGU5Yjc1MDdj] not complete. Waiting 1s.
2020-03-01 13:56:44,109 DEBUG    root            Reading GCS logfile: 416 (no new content; keep polling)
2020-03-01 13:56:44,191 DEBUG    root            Operation [operations/build/lucid-burner-231321/NzNmZTAxMTEtYjljNy00NzVhLWFiN2MtMDcxOGU5Yjc1MDdj] not complete. Waiting 1s.
2020-03-01 13:56:45,219 DEBUG    root            Reading GCS logfile: 206 (read 362 bytes)
2020-03-01 13:56:45,219 INFO     ___FILE_ONLY___ Step #1: [36mINFO[0m[0032] RUN npm install --unsafe-perm ||   ((if [ -f npm-debug.log ]; then       cat npm-debug.log;     fi) && false) 
Step #1: [36mINFO[0m[0032] cmd: /bin/sh                                 
Step #1: [36mINFO[0m[0032] args: [-c npm install --unsafe-perm ||   ((if [ -f npm-debug.log ]; then       cat npm-debug.log;     fi) && false)] 

2020-03-01 13:56:45,302 DEBUG    root            Operation [operations/build/lucid-burner-231321/NzNmZTAxMTEtYjljNy00NzVhLWFiN2MtMDcxOGU5Yjc1MDdj] not complete. Waiting 1s.
2020-03-01 13:56:46,413 DEBUG    root            Reading GCS logfile: 416 (no new content; keep polling)
2020-03-01 13:56:46,689 DEBUG    root            Operation [operations/build/lucid-burner-231321/NzNmZTAxMTEtYjljNy00NzVhLWFiN2MtMDcxOGU5Yjc1MDdj] not complete. Waiting 1s.
2020-03-01 13:56:47,710 DEBUG    root            Reading GCS logfile: 416 (no new content; keep polling)
2020-03-01 13:56:47,797 DEBUG    root            Operation [operations/build/lucid-burner-231321/NzNmZTAxMTEtYjljNy00NzVhLWFiN2MtMDcxOGU5Yjc1MDdj] not complete. Waiting 1s.
2020-03-01 13:56:48,910 DEBUG    root            Reading GCS logfile: 416 (no new content; keep polling)
2020-03-01 13:56:48,992 DEBUG    root            Operation [operations/build/lucid-burner-231321/NzNmZTAxMTEtYjljNy00NzVhLWFiN2MtMDcxOGU5Yjc1MDdj] not complete. Waiting 1s.
2020-03-01 13:56:50,016 DEBUG    root            Reading GCS logfile: 206 (read 391 bytes)
2020-03-01 13:56:50,016 INFO     ___FILE_ONLY___ Step #1: npm WARN slohacks@1.0.0 No description
Step #1: npm WARN slohacks@1.0.0 No repository field.
Step #1: 
Step #1: added 144 packages from 84 contributors and audited 456 packages in 4.379s
Step #1: found 1 moderate severity vulnerability
Step #1:   run `npm audit fix` to fix them, or `npm audit` for details
Step #1: [36mINFO[0m[0038] Taking snapshot of full filesystem...        

2020-03-01 13:56:50,334 DEBUG    root            Operation [operations/build/lucid-burner-231321/NzNmZTAxMTEtYjljNy00NzVhLWFiN2MtMDcxOGU5Yjc1MDdj] not complete. Waiting 1s.
2020-03-01 13:56:51,409 DEBUG    root            Reading GCS logfile: 416 (no new content; keep polling)
2020-03-01 13:56:51,495 DEBUG    root            Operation [operations/build/lucid-burner-231321/NzNmZTAxMTEtYjljNy00NzVhLWFiN2MtMDcxOGU5Yjc1MDdj] not complete. Waiting 1s.
2020-03-01 13:56:52,612 DEBUG    root            Reading GCS logfile: 416 (no new content; keep polling)
2020-03-01 13:56:52,699 DEBUG    root            Operation [operations/build/lucid-burner-231321/NzNmZTAxMTEtYjljNy00NzVhLWFiN2MtMDcxOGU5Yjc1MDdj] not complete. Waiting 1s.
2020-03-01 13:56:53,714 DEBUG    root            Reading GCS logfile: 416 (no new content; keep polling)
2020-03-01 13:56:53,799 DEBUG    root            Operation [operations/build/lucid-burner-231321/NzNmZTAxMTEtYjljNy00NzVhLWFiN2MtMDcxOGU5Yjc1MDdj] not complete. Waiting 1s.
2020-03-01 13:56:54,910 DEBUG    root            Reading GCS logfile: 416 (no new content; keep polling)
2020-03-01 13:56:54,994 DEBUG    root            Operation [operations/build/lucid-burner-231321/NzNmZTAxMTEtYjljNy00NzVhLWFiN2MtMDcxOGU5Yjc1MDdj] not complete. Waiting 1s.
2020-03-01 13:56:56,119 DEBUG    root            Reading GCS logfile: 206 (read 1235 bytes)
2020-03-01 13:56:56,119 INFO     ___FILE_ONLY___ Step #1: [36mINFO[0m[0044] CMD npm start                                
Step #1: 2020/03/01 13:56:54 existing blob: sha256:40a5c2875f881a931f7b7340904bbc939b8bcebe131e058501659ee24597571f
Step #1: 2020/03/01 13:56:54 existing blob: sha256:4ad0e69275819c37c5a3ff6f9c3579f4ae19657c0ea40580a347cfa3fc32d7f6
Step #1: 2020/03/01 13:56:54 existing blob: sha256:81b9a32df3efd40d591bf4f1257c68c2de442c43466c8b5b151561d62fee1da2
Step #1: 2020/03/01 13:56:54 existing blob: sha256:3c2cba919283a210665e480bcbf943eaaf4ed87a83f02e81bb286b8bdead0e75
Step #1: 2020/03/01 13:56:54 existing blob: sha256:81bb7127678a82e8e9131e2f47bbae5853ba33b89c6ade91201c0fca8a1c8dd9
Step #1: 2020/03/01 13:56:54 existing blob: sha256:537932092991e0c9f705cdfad7cdc5bb6fe83fda36af0452de2f5d2fac6eb6b1
Step #1: 2020/03/01 13:56:54 existing blob: sha256:72be9390242a715ac08d82becdbae8c3e13d7b893a384156d63dad87c099478b
Step #1: 2020/03/01 13:56:54 existing blob: sha256:3597d82c78f6eeb6cd66bd1ec35f5e8bcdad9f8cd392cd3dc6cbfc0111aff2da
Step #1: 2020/03/01 13:56:54 existing blob: sha256:912fe0956b48e9e5d140e4947e09be36c1bb2d2186a5ca7b6e57f31e423a4404
Step #1: 2020/03/01 13:56:54 existing blob: sha256:95016fdb07dce7dc6d6ff2746f985d6787da05314ff8180602b868a53b437c46

2020-03-01 13:56:56,203 DEBUG    root            Operation [operations/build/lucid-burner-231321/NzNmZTAxMTEtYjljNy00NzVhLWFiN2MtMDcxOGU5Yjc1MDdj] not complete. Waiting 1s.
2020-03-01 13:56:57,309 DEBUG    root            Reading GCS logfile: 416 (no new content; keep polling)
2020-03-01 13:56:57,393 DEBUG    root            Operation [operations/build/lucid-burner-231321/NzNmZTAxMTEtYjljNy00NzVhLWFiN2MtMDcxOGU5Yjc1MDdj] not complete. Waiting 1s.
2020-03-01 13:56:58,519 DEBUG    root            Reading GCS logfile: 206 (read 226 bytes)
2020-03-01 13:56:58,519 INFO     ___FILE_ONLY___ Step #1: 2020/03/01 13:56:56 pushed blob sha256:58fda7044812702313ffcf1597d646b0dc6058a95c39ebefae75d7a2214fcee5
Step #1: 2020/03/01 13:56:57 pushed blob sha256:0fb5c390e6b69bb53bb6302ba2f38dc1cb9897a6dd77e9c58c73d992ab1f6b05

2020-03-01 13:56:58,603 DEBUG    root            Operation [operations/build/lucid-burner-231321/NzNmZTAxMTEtYjljNy00NzVhLWFiN2MtMDcxOGU5Yjc1MDdj] not complete. Waiting 1s.
2020-03-01 13:56:59,710 DEBUG    root            Reading GCS logfile: 416 (no new content; keep polling)
2020-03-01 13:56:59,986 DEBUG    root            Operation [operations/build/lucid-burner-231321/NzNmZTAxMTEtYjljNy00NzVhLWFiN2MtMDcxOGU5Yjc1MDdj] not complete. Waiting 1s.
2020-03-01 13:57:01,009 DEBUG    root            Reading GCS logfile: 416 (no new content; keep polling)
2020-03-01 13:57:01,092 DEBUG    root            Operation [operations/build/lucid-burner-231321/NzNmZTAxMTEtYjljNy00NzVhLWFiN2MtMDcxOGU5Yjc1MDdj] not complete. Waiting 1s.
2020-03-01 13:57:02,221 DEBUG    root            Reading GCS logfile: 206 (read 305 bytes)
2020-03-01 13:57:02,221 INFO     ___FILE_ONLY___ Step #1: 2020/03/01 13:57:00 pushed blob sha256:685185dbac60467754ccce11e4a3b901dc4156fbad0009dd6a91f8ed55c85df0
Step #1: 2020/03/01 13:57:00 us.gcr.io/lucid-burner-231321/appengine/default.20200301t135513:latest: digest: sha256:ee7a1c045fe9ed30ce62371bdf0c45c24be4d1cd53536c5e01ed07b51c693dc4 size: 2222

2020-03-01 13:57:02,303 DEBUG    root            Operation [operations/build/lucid-burner-231321/NzNmZTAxMTEtYjljNy00NzVhLWFiN2MtMDcxOGU5Yjc1MDdj] not complete. Waiting 1s.
2020-03-01 13:57:03,440 DEBUG    root            Reading GCS logfile: 206 (read 27 bytes)
2020-03-01 13:57:03,440 INFO     ___FILE_ONLY___ Finished Step #1
PUSH
DONE

2020-03-01 13:57:03,548 DEBUG    root            Operation [operations/build/lucid-burner-231321/NzNmZTAxMTEtYjljNy00NzVhLWFiN2MtMDcxOGU5Yjc1MDdj] complete. Result: {
    "response": {
        "finishTime": "2020-03-01T13:57:03.100809Z", 
        "status": "SUCCESS", 
        "timeout": "600s", 
        "startTime": "2020-03-01T13:55:34.369927755Z", 
        "logsBucket": "staging.lucid-burner-231321.appspot.com", 
        "results": {
            "buildStepOutputs": [
                "", 
                ""
            ], 
            "buildStepImages": [
                "", 
                "sha256:f87c11770a4d3ed33436508d206c584812cd656e6ed08eda1cff5c1ee44f5870"
            ]
        }, 
        "createTime": "2020-03-01T13:55:33.338621717Z", 
        "@type": "type.googleapis.com/google.devtools.cloudbuild.v1.Build", 
        "source": {
            "storageSource": {
                "object": "us.gcr.io/lucid-burner-231321/appengine/default.20200301t135513:latest", 
                "bucket": "staging.lucid-burner-231321.appspot.com"
            }
        }, 
        "options": {
            "substitutionOption": "ALLOW_LOOSE", 
            "logging": "LEGACY"
        }, 
        "steps": [
            {
                "status": "SUCCESS", 
                "name": "gcr.io/gcp-runtimes/nodejs/gen-dockerfile@sha256:d5293a583629252c12c478b572103b557ee26235c6b03a57d1f18d52882fb937", 
                "args": [
                    "--runtime-image", 
                    "gcr.io/google-appengine/nodejs@sha256:ef8be7b4dc77c3e71fbc85ca88186b13214af8f83b8baecc65e8ed85bb904ad5"
                ], 
                "env": [
                    "GAE_APPLICATION_YAML_PATH=app.yaml"
                ], 
                "timing": {
                    "endTime": "2020-03-01T13:56:09.903587609Z", 
                    "startTime": "2020-03-01T13:55:44.077081377Z"
                }, 
                "pullTiming": {
                    "endTime": "2020-03-01T13:56:08.998948769Z", 
                    "startTime": "2020-03-01T13:55:44.077081377Z"
                }
            }, 
            {
                "status": "SUCCESS", 
                "name": "gcr.io/kaniko-project/executor@sha256:f87c11770a4d3ed33436508d206c584812cd656e6ed08eda1cff5c1ee44f5870", 
                "args": [
                    "--destination=us.gcr.io/lucid-burner-231321/appengine/default.20200301t135513:latest"
                ], 
                "env": [
                    "GAE_APPLICATION_YAML_PATH=app.yaml"
                ], 
                "timing": {
                    "endTime": "2020-03-01T13:57:02.410666774Z", 
                    "startTime": "2020-03-01T13:56:09.903670471Z"
                }, 
                "pullTiming": {
                    "endTime": "2020-03-01T13:56:09.919344560Z", 
                    "startTime": "2020-03-01T13:56:09.903670471Z"
                }
            }
        ], 
        "sourceProvenance": {
            "resolvedStorageSource": {
                "generation": "1583070932859063", 
                "object": "us.gcr.io/lucid-burner-231321/appengine/default.20200301t135513:latest", 
                "bucket": "staging.lucid-burner-231321.appspot.com"
            }, 
            "fileHashes": {
                "gs://staging.lucid-burner-231321.appspot.com/us.gcr.io/lucid-burner-231321/appengine/default.20200301t135513:latest#1583070932859063": {}
            }
        }, 
        "projectId": "lucid-burner-231321", 
        "timing": {
            "FETCHSOURCE": {
                "endTime": "2020-03-01T13:55:43.214272010Z", 
                "startTime": "2020-03-01T13:55:35.146018735Z"
            }, 
            "BUILD": {
                "endTime": "2020-03-01T13:57:02.410716320Z", 
                "startTime": "2020-03-01T13:55:43.214332519Z"
            }
        }, 
        "substitutions": {
            "_GAE_APPLICATION_YAML_PATH": "app.yaml", 
            "_OUTPUT_IMAGE": "us.gcr.io/lucid-burner-231321/appengine/default.20200301t135513:latest"
        }, 
        "id": "73fe0111-b9c7-475a-ab7c-0718e9b7507c", 
        "logUrl": "https://console.cloud.google.com/gcr/builds/73fe0111-b9c7-475a-ab7c-0718e9b7507c?project=218225514060"
    }, 
    "done": true, 
    "name": "operations/build/lucid-burner-231321/NzNmZTAxMTEtYjljNy00NzVhLWFiN2MtMDcxOGU5Yjc1MDdj", 
    "metadata": {
        "@type": "type.googleapis.com/google.devtools.cloudbuild.v1.BuildOperationMetadata", 
        "build": {
            "finishTime": "2020-03-01T13:57:03.100809Z", 
            "status": "SUCCESS", 
            "timeout": "600s", 
            "startTime": "2020-03-01T13:55:34.369927755Z", 
            "logsBucket": "staging.lucid-burner-231321.appspot.com", 
            "results": {
                "buildStepOutputs": [
                    "", 
                    ""
                ], 
                "buildStepImages": [
                    "", 
                    "sha256:f87c11770a4d3ed33436508d206c584812cd656e6ed08eda1cff5c1ee44f5870"
                ]
            }, 
            "createTime": "2020-03-01T13:55:33.338621717Z", 
            "timing": {
                "FETCHSOURCE": {
                    "endTime": "2020-03-01T13:55:43.214272010Z", 
                    "startTime": "2020-03-01T13:55:35.146018735Z"
                }, 
                "BUILD": {
                    "endTime": "2020-03-01T13:57:02.410716320Z", 
                    "startTime": "2020-03-01T13:55:43.214332519Z"
                }
            }, 
            "source": {
                "storageSource": {
                    "object": "us.gcr.io/lucid-burner-231321/appengine/default.20200301t135513:latest", 
                    "bucket": "staging.lucid-burner-231321.appspot.com"
                }
            }, 
            "steps": [
                {
                    "status": "SUCCESS", 
                    "name": "gcr.io/gcp-runtimes/nodejs/gen-dockerfile@sha256:d5293a583629252c12c478b572103b557ee26235c6b03a57d1f18d52882fb937", 
                    "args": [
                        "--runtime-image", 
                        "gcr.io/google-appengine/nodejs@sha256:ef8be7b4dc77c3e71fbc85ca88186b13214af8f83b8baecc65e8ed85bb904ad5"
                    ], 
                    "env": [
                        "GAE_APPLICATION_YAML_PATH=app.yaml"
                    ], 
                    "timing": {
                        "endTime": "2020-03-01T13:56:09.903587609Z", 
                        "startTime": "2020-03-01T13:55:44.077081377Z"
                    }, 
                    "pullTiming": {
                        "endTime": "2020-03-01T13:56:08.998948769Z", 
                        "startTime": "2020-03-01T13:55:44.077081377Z"
                    }
                }, 
                {
                    "status": "SUCCESS", 
                    "name": "gcr.io/kaniko-project/executor@sha256:f87c11770a4d3ed33436508d206c584812cd656e6ed08eda1cff5c1ee44f5870", 
                    "args": [
                        "--destination=us.gcr.io/lucid-burner-231321/appengine/default.20200301t135513:latest"
                    ], 
                    "env": [
                        "GAE_APPLICATION_YAML_PATH=app.yaml"
                    ], 
                    "timing": {
                        "endTime": "2020-03-01T13:57:02.410666774Z", 
                        "startTime": "2020-03-01T13:56:09.903670471Z"
                    }, 
                    "pullTiming": {
                        "endTime": "2020-03-01T13:56:09.919344560Z", 
                        "startTime": "2020-03-01T13:56:09.903670471Z"
                    }
                }
            ], 
            "sourceProvenance": {
                "resolvedStorageSource": {
                    "generation": "1583070932859063", 
                    "object": "us.gcr.io/lucid-burner-231321/appengine/default.20200301t135513:latest", 
                    "bucket": "staging.lucid-burner-231321.appspot.com"
                }, 
                "fileHashes": {
                    "gs://staging.lucid-burner-231321.appspot.com/us.gcr.io/lucid-burner-231321/appengine/default.20200301t135513:latest#1583070932859063": {}
                }
            }, 
            "projectId": "lucid-burner-231321", 
            "id": "73fe0111-b9c7-475a-ab7c-0718e9b7507c", 
            "substitutions": {
                "_GAE_APPLICATION_YAML_PATH": "app.yaml", 
                "_OUTPUT_IMAGE": "us.gcr.io/lucid-burner-231321/appengine/default.20200301t135513:latest"
            }, 
            "options": {
                "substitutionOption": "ALLOW_LOOSE", 
                "logging": "LEGACY"
            }, 
            "logUrl": "https://console.cloud.google.com/gcr/builds/73fe0111-b9c7-475a-ab7c-0718e9b7507c?project=218225514060"
        }
    }
}
2020-03-01 13:57:03,562 DEBUG    root            Reading GCS logfile: 416 (no new content; keep polling)
2020-03-01 13:57:03,562 INFO     ___FILE_ONLY___ ----------------------------------------------------------------------------------------------------------------------------------------


2020-03-01 13:57:03,564 DEBUG    root            Converted YAML to JSON: "{
  "betaSettings": {
    "module_yaml_path": "app.yaml", 
    "vm_runtime": "nodejs"
  }, 
  "entrypoint": {
    "shell": ""
  }, 
  "env": "flex", 
  "handlers": [
    {
      "script": {
        "scriptPath": "PLACEHOLDER"
      }, 
      "urlRegex": ".*"
    }
  ], 
  "runtime": "vm"
}"
2020-03-01 13:57:04,140 DEBUG    root            Operation [apps/lucid-burner-231321/operations/036f2300-6c5b-49f9-92ee-0cfd50801280] not complete. Waiting to retry.
2020-03-01 13:57:04,141 INFO     ___FILE_ONLY___ Updating service [default] (this may take several minutes)...
2020-03-01 13:57:05,226 DEBUG    root            Operation [apps/lucid-burner-231321/operations/036f2300-6c5b-49f9-92ee-0cfd50801280] not complete. Waiting to retry.
2020-03-01 13:57:10,999 DEBUG    root            Operation [apps/lucid-burner-231321/operations/036f2300-6c5b-49f9-92ee-0cfd50801280] not complete. Waiting to retry.
2020-03-01 13:57:16,556 DEBUG    root            Operation [apps/lucid-burner-231321/operations/036f2300-6c5b-49f9-92ee-0cfd50801280] not complete. Waiting to retry.
2020-03-01 13:57:21,755 DEBUG    root            Operation [apps/lucid-burner-231321/operations/036f2300-6c5b-49f9-92ee-0cfd50801280] not complete. Waiting to retry.
2020-03-01 13:57:27,784 DEBUG    root            Operation [apps/lucid-burner-231321/operations/036f2300-6c5b-49f9-92ee-0cfd50801280] not complete. Waiting to retry.
2020-03-01 13:57:33,352 DEBUG    root            Operation [apps/lucid-burner-231321/operations/036f2300-6c5b-49f9-92ee-0cfd50801280] not complete. Waiting to retry.
2020-03-01 13:57:38,894 DEBUG    root            Operation [apps/lucid-burner-231321/operations/036f2300-6c5b-49f9-92ee-0cfd50801280] not complete. Waiting to retry.
2020-03-01 13:57:44,082 DEBUG    root            Operation [apps/lucid-burner-231321/operations/036f2300-6c5b-49f9-92ee-0cfd50801280] not complete. Waiting to retry.
2020-03-01 13:57:49,548 DEBUG    root            Operation [apps/lucid-burner-231321/operations/036f2300-6c5b-49f9-92ee-0cfd50801280] not complete. Waiting to retry.
2020-03-01 13:57:54,841 DEBUG    root            Operation [apps/lucid-burner-231321/operations/036f2300-6c5b-49f9-92ee-0cfd50801280] not complete. Waiting to retry.
2020-03-01 13:58:00,506 DEBUG    root            Operation [apps/lucid-burner-231321/operations/036f2300-6c5b-49f9-92ee-0cfd50801280] not complete. Waiting to retry.
2020-03-01 13:58:06,384 DEBUG    root            Operation [apps/lucid-burner-231321/operations/036f2300-6c5b-49f9-92ee-0cfd50801280] not complete. Waiting to retry.
2020-03-01 13:58:12,358 DEBUG    root            Operation [apps/lucid-burner-231321/operations/036f2300-6c5b-49f9-92ee-0cfd50801280] not complete. Waiting to retry.
2020-03-01 13:58:18,089 DEBUG    root            Operation [apps/lucid-burner-231321/operations/036f2300-6c5b-49f9-92ee-0cfd50801280] not complete. Waiting to retry.
2020-03-01 13:58:23,770 DEBUG    root            Operation [apps/lucid-burner-231321/operations/036f2300-6c5b-49f9-92ee-0cfd50801280] not complete. Waiting to retry.
2020-03-01 13:58:29,011 DEBUG    root            Operation [apps/lucid-burner-231321/operations/036f2300-6c5b-49f9-92ee-0cfd50801280] not complete. Waiting to retry.
2020-03-01 13:58:34,197 DEBUG    root            Operation [apps/lucid-burner-231321/operations/036f2300-6c5b-49f9-92ee-0cfd50801280] not complete. Waiting to retry.
2020-03-01 13:58:39,854 INFO     oauth2client.transport Refreshing due to a 401 (attempt 1/2)
2020-03-01 13:58:39,857 INFO     oauth2client.client Refreshing access_token
2020-03-01 13:58:40,085 DEBUG    root            Operation [apps/lucid-burner-231321/operations/036f2300-6c5b-49f9-92ee-0cfd50801280] not complete. Waiting to retry.
2020-03-01 13:58:46,089 DEBUG    root            Operation [apps/lucid-burner-231321/operations/036f2300-6c5b-49f9-92ee-0cfd50801280] not complete. Waiting to retry.
2020-03-01 13:58:51,615 DEBUG    root            Operation [apps/lucid-burner-231321/operations/036f2300-6c5b-49f9-92ee-0cfd50801280] not complete. Waiting to retry.
2020-03-01 13:58:57,376 DEBUG    root            Operation [apps/lucid-burner-231321/operations/036f2300-6c5b-49f9-92ee-0cfd50801280] not complete. Waiting to retry.
2020-03-01 13:59:02,985 DEBUG    root            Operation [apps/lucid-burner-231321/operations/036f2300-6c5b-49f9-92ee-0cfd50801280] not complete. Waiting to retry.
2020-03-01 13:59:08,424 DEBUG    root            Operation [apps/lucid-burner-231321/operations/036f2300-6c5b-49f9-92ee-0cfd50801280] not complete. Waiting to retry.
2020-03-01 13:59:13,871 DEBUG    root            Operation [apps/lucid-burner-231321/operations/036f2300-6c5b-49f9-92ee-0cfd50801280] not complete. Waiting to retry.
2020-03-01 13:59:19,036 DEBUG    root            Operation [apps/lucid-burner-231321/operations/036f2300-6c5b-49f9-92ee-0cfd50801280] not complete. Waiting to retry.
2020-03-01 13:59:24,868 DEBUG    root            Operation [apps/lucid-burner-231321/operations/036f2300-6c5b-49f9-92ee-0cfd50801280] not complete. Waiting to retry.
2020-03-01 13:59:30,853 DEBUG    root            Operation [apps/lucid-burner-231321/operations/036f2300-6c5b-49f9-92ee-0cfd50801280] not complete. Waiting to retry.
2020-03-01 13:59:36,676 DEBUG    root            Operation [apps/lucid-burner-231321/operations/036f2300-6c5b-49f9-92ee-0cfd50801280] not complete. Waiting to retry.
2020-03-01 13:59:41,774 DEBUG    root            Operation [apps/lucid-burner-231321/operations/036f2300-6c5b-49f9-92ee-0cfd50801280] not complete. Waiting to retry.
2020-03-01 13:59:47,541 DEBUG    root            Operation [apps/lucid-burner-231321/operations/036f2300-6c5b-49f9-92ee-0cfd50801280] not complete. Waiting to retry.
2020-03-01 13:59:53,137 DEBUG    root            Operation [apps/lucid-burner-231321/operations/036f2300-6c5b-49f9-92ee-0cfd50801280] not complete. Waiting to retry.
2020-03-01 13:59:58,271 DEBUG    root            Operation [apps/lucid-burner-231321/operations/036f2300-6c5b-49f9-92ee-0cfd50801280] not complete. Waiting to retry.
2020-03-01 14:00:03,789 DEBUG    root            Operation [apps/lucid-burner-231321/operations/036f2300-6c5b-49f9-92ee-0cfd50801280] not complete. Waiting to retry.
2020-03-01 14:00:09,405 DEBUG    root            Operation [apps/lucid-burner-231321/operations/036f2300-6c5b-49f9-92ee-0cfd50801280] not complete. Waiting to retry.
2020-03-01 14:00:14,839 DEBUG    root            Operation [apps/lucid-burner-231321/operations/036f2300-6c5b-49f9-92ee-0cfd50801280] not complete. Waiting to retry.
2020-03-01 14:00:20,055 DEBUG    root            Operation [apps/lucid-burner-231321/operations/036f2300-6c5b-49f9-92ee-0cfd50801280] not complete. Waiting to retry.
2020-03-01 14:00:25,615 DEBUG    root            Operation [apps/lucid-burner-231321/operations/036f2300-6c5b-49f9-92ee-0cfd50801280] not complete. Waiting to retry.
2020-03-01 14:00:31,493 DEBUG    root            Operation [apps/lucid-burner-231321/operations/036f2300-6c5b-49f9-92ee-0cfd50801280] not complete. Waiting to retry.
2020-03-01 14:00:37,257 DEBUG    root            Operation [apps/lucid-burner-231321/operations/036f2300-6c5b-49f9-92ee-0cfd50801280] not complete. Waiting to retry.
2020-03-01 14:00:43,227 DEBUG    root            Operation [apps/lucid-burner-231321/operations/036f2300-6c5b-49f9-92ee-0cfd50801280] not complete. Waiting to retry.
2020-03-01 14:00:48,391 DEBUG    root            Operation [apps/lucid-burner-231321/operations/036f2300-6c5b-49f9-92ee-0cfd50801280] not complete. Waiting to retry.
2020-03-01 14:00:53,935 DEBUG    root            Operation [apps/lucid-burner-231321/operations/036f2300-6c5b-49f9-92ee-0cfd50801280] not complete. Waiting to retry.
2020-03-01 14:00:59,084 DEBUG    root            Operation [apps/lucid-burner-231321/operations/036f2300-6c5b-49f9-92ee-0cfd50801280] not complete. Waiting to retry.
2020-03-01 14:01:04,419 DEBUG    root            Operation [apps/lucid-burner-231321/operations/036f2300-6c5b-49f9-92ee-0cfd50801280] not complete. Waiting to retry.
2020-03-01 14:01:09,858 DEBUG    root            Operation [apps/lucid-burner-231321/operations/036f2300-6c5b-49f9-92ee-0cfd50801280] not complete. Waiting to retry.
2020-03-01 14:01:15,638 DEBUG    root            Operation [apps/lucid-burner-231321/operations/036f2300-6c5b-49f9-92ee-0cfd50801280] not complete. Waiting to retry.
2020-03-01 14:01:21,400 DEBUG    root            Operation [apps/lucid-burner-231321/operations/036f2300-6c5b-49f9-92ee-0cfd50801280] not complete. Waiting to retry.
2020-03-01 14:01:27,092 DEBUG    root            Operation [apps/lucid-burner-231321/operations/036f2300-6c5b-49f9-92ee-0cfd50801280] not complete. Waiting to retry.
2020-03-01 14:01:32,969 DEBUG    root            Operation [apps/lucid-burner-231321/operations/036f2300-6c5b-49f9-92ee-0cfd50801280] not complete. Waiting to retry.
2020-03-01 14:01:38,184 DEBUG    root            Operation [apps/lucid-burner-231321/operations/036f2300-6c5b-49f9-92ee-0cfd50801280] not complete. Waiting to retry.
2020-03-01 14:01:43,323 DEBUG    root            Operation [apps/lucid-burner-231321/operations/036f2300-6c5b-49f9-92ee-0cfd50801280] not complete. Waiting to retry.
2020-03-01 14:01:49,170 DEBUG    root            Operation [apps/lucid-burner-231321/operations/036f2300-6c5b-49f9-92ee-0cfd50801280] not complete. Waiting to retry.
2020-03-01 14:01:54,970 DEBUG    root            Operation [apps/lucid-burner-231321/operations/036f2300-6c5b-49f9-92ee-0cfd50801280] not complete. Waiting to retry.
2020-03-01 14:02:00,857 DEBUG    root            Operation [apps/lucid-burner-231321/operations/036f2300-6c5b-49f9-92ee-0cfd50801280] complete. Result: {
    "response": {
        "betaSettings": {
            "has_docker_image": "true", 
            "module_yaml_path": "app.yaml", 
            "no_appserver_affinity": "true", 
            "use_deployment_manager": "true"
        }, 
        "versionUrl": "https://20200301t135513-dot-lucid-burner-231321.appspot.com", 
        "livenessCheck": {
            "successThreshold": 2, 
            "timeout": "4s", 
            "initialDelay": "300s", 
            "checkInterval": "30s", 
            "failureThreshold": 4
        }, 
        "name": "apps/lucid-burner-231321/services/default/versions/20200301t135513", 
        "runtimeApiVersion": "1.0", 
        "servingStatus": "SERVING", 
        "createTime": "2020-03-01T13:57:06Z", 
        "@type": "type.googleapis.com/google.appengine.v1.Version", 
        "threadsafe": true, 
        "env": "flexible", 
        "automaticScaling": {
            "maxTotalInstances": 20, 
            "minTotalInstances": 2, 
            "cpuUtilization": {
                "targetUtilization": 0.5
            }, 
            "coolDownPeriod": "120s"
        }, 
        "runtime": "nodejs", 
        "id": "20200301t135513", 
        "readinessCheck": {
            "successThreshold": 2, 
            "appStartTimeout": "300s", 
            "timeout": "4s", 
            "checkInterval": "5s", 
            "failureThreshold": 2
        }, 
        "network": {}
    }, 
    "done": true, 
    "name": "apps/lucid-burner-231321/operations/036f2300-6c5b-49f9-92ee-0cfd50801280", 
    "metadata": {
        "target": "apps/lucid-burner-231321/services/default/versions/20200301t135513", 
        "method": "google.appengine.v1.Versions.CreateVersion", 
        "user": "justink875@gmail.com", 
        "insertTime": "2020-03-01T13:57:04.043Z", 
        "endTime": "2020-03-01T14:01:54.871Z", 
        "@type": "type.googleapis.com/google.appengine.v1.OperationMetadataV1"
    }
}
2020-03-01 14:02:00,988 INFO     root            Not stopping previous version because new version was not promoted.
2020-03-01 14:02:00,988 INFO     ___FILE_ONLY___ Deployed service [default] to [https://20200301t135513-dot-lucid-burner-231321.appspot.com]

2020-03-01 14:02:00,989 INFO     ___FILE_ONLY___ 
You can stream logs from the command line by running:
  $ gcloud app logs tail -s default

2020-03-01 14:02:00,989 INFO     ___FILE_ONLY___ 
To view your application in the web browser run:
  $ gcloud app browse

2020-03-01 14:02:00,989 INFO     root            Display format: "none"
2020-03-01 14:02:00,990 DEBUG    root            SDK update checks are disabled.
