2020-03-01 14:11:40,232 DEBUG    root            Loaded Command Group: [u'gcloud', u'app']
2020-03-01 14:11:40,284 DEBUG    root            Loaded Command Group: [u'gcloud', u'app', u'deploy']
2020-03-01 14:11:40,287 DEBUG    root            Running [gcloud.app.deploy] with arguments: []
2020-03-01 14:11:40,313 DEBUG    root            Loading runtimes experiment config from [gs://runtime-builders/experiments.yaml]
2020-03-01 14:11:40,336 INFO     root            Reading [<googlecloudsdk.api_lib.storage.storage_util.ObjectReference object at 0x7f14fcfeb850>]
2020-03-01 14:11:40,505 DEBUG    root            API endpoint: [https://appengine.googleapis.com/], API version: [v1]
2020-03-01 14:11:41,031 INFO     ___FILE_ONLY___ Services to deploy:


2020-03-01 14:11:41,032 INFO     ___FILE_ONLY___ descriptor:      [/home/justink875/app.yaml]
source:          [/home/justink875]
target project:  [lucid-burner-231321]
target service:  [default]
target version:  [20200301t141141]
target url:      [https://lucid-burner-231321.appspot.com]



2020-03-01 14:11:43,211 DEBUG    root            No bucket specified, retrieving default bucket.
2020-03-01 14:11:43,212 DEBUG    root            Using bucket [gs://staging.lucid-burner-231321.appspot.com].
2020-03-01 14:11:43,659 DEBUG    root            Service [appengineflex.googleapis.com] is already enabled for project [lucid-burner-231321]
2020-03-01 14:11:43,810 INFO     ___FILE_ONLY___ Beginning deployment of service [default]...

2020-03-01 14:11:43,812 INFO     root            Ignoring file [views/SloHacksProject/.gitignore]: File matches ignore regex.
2020-03-01 14:11:43,812 INFO     root            Ignoring file [views/SloHacksProject/.git/HEAD]: File matches ignore regex.
2020-03-01 14:11:43,813 INFO     root            Ignoring directory [views/SloHacksProject/.git/branches]: Directory matches ignore regex.
2020-03-01 14:11:43,813 INFO     root            Ignoring file [views/SloHacksProject/.git/config]: File matches ignore regex.
2020-03-01 14:11:43,813 INFO     root            Ignoring file [views/SloHacksProject/.git/description]: File matches ignore regex.
2020-03-01 14:11:43,813 INFO     root            Ignoring directory [views/SloHacksProject/.git/hooks]: Directory matches ignore regex.
2020-03-01 14:11:43,813 INFO     root            Ignoring file [views/SloHacksProject/.git/index]: File matches ignore regex.
2020-03-01 14:11:43,813 INFO     root            Ignoring directory [views/SloHacksProject/.git/info]: Directory matches ignore regex.
2020-03-01 14:11:43,813 INFO     root            Ignoring directory [views/SloHacksProject/.git/logs]: Directory matches ignore regex.
2020-03-01 14:11:43,813 INFO     root            Ignoring directory [views/SloHacksProject/.git/objects]: Directory matches ignore regex.
2020-03-01 14:11:43,813 INFO     root            Ignoring file [views/SloHacksProject/.git/packed-refs]: File matches ignore regex.
2020-03-01 14:11:43,813 INFO     root            Ignoring directory [views/SloHacksProject/.git/refs]: Directory matches ignore regex.
2020-03-01 14:11:43,814 INFO     root            Ignoring directory [node_modules/.bin]: Directory matches ignore regex.
2020-03-01 14:11:43,814 INFO     root            Ignoring directory [node_modules/@google-cloud]: Directory matches ignore regex.
2020-03-01 14:11:43,814 INFO     root            Ignoring directory [node_modules/@tootallnate]: Directory matches ignore regex.
2020-03-01 14:11:43,814 INFO     root            Ignoring directory [node_modules/abort-controller]: Directory matches ignore regex.
2020-03-01 14:11:43,814 INFO     root            Ignoring directory [node_modules/accepts]: Directory matches ignore regex.
2020-03-01 14:11:43,814 INFO     root            Ignoring directory [node_modules/agent-base]: Directory matches ignore regex.
2020-03-01 14:11:43,814 INFO     root            Ignoring directory [node_modules/array-flatten]: Directory matches ignore regex.
2020-03-01 14:11:43,815 INFO     root            Ignoring directory [node_modules/arrify]: Directory matches ignore regex.
2020-03-01 14:11:43,815 INFO     root            Ignoring directory [node_modules/base64-js]: Directory matches ignore regex.
2020-03-01 14:11:43,815 INFO     root            Ignoring directory [node_modules/bignumber.js]: Directory matches ignore regex.
2020-03-01 14:11:43,815 INFO     root            Ignoring directory [node_modules/body-parser]: Directory matches ignore regex.
2020-03-01 14:11:43,815 INFO     root            Ignoring directory [node_modules/buffer-equal-constant-time]: Directory matches ignore regex.
2020-03-01 14:11:43,815 INFO     root            Ignoring directory [node_modules/buffer-from]: Directory matches ignore regex.
2020-03-01 14:11:43,815 INFO     root            Ignoring directory [node_modules/bytes]: Directory matches ignore regex.
2020-03-01 14:11:43,815 INFO     root            Ignoring directory [node_modules/compressible]: Directory matches ignore regex.
2020-03-01 14:11:43,816 INFO     root            Ignoring directory [node_modules/concat-stream]: Directory matches ignore regex.
2020-03-01 14:11:43,816 INFO     root            Ignoring directory [node_modules/configstore]: Directory matches ignore regex.
2020-03-01 14:11:43,816 INFO     root            Ignoring directory [node_modules/content-disposition]: Directory matches ignore regex.
2020-03-01 14:11:43,816 INFO     root            Ignoring directory [node_modules/content-type]: Directory matches ignore regex.
2020-03-01 14:11:43,816 INFO     root            Ignoring directory [node_modules/cookie]: Directory matches ignore regex.
2020-03-01 14:11:43,816 INFO     root            Ignoring directory [node_modules/cookie-signature]: Directory matches ignore regex.
2020-03-01 14:11:43,816 INFO     root            Ignoring directory [node_modules/core-util-is]: Directory matches ignore regex.
2020-03-01 14:11:43,816 INFO     root            Ignoring directory [node_modules/crypto-random-string]: Directory matches ignore regex.
2020-03-01 14:11:43,816 INFO     root            Ignoring directory [node_modules/date-and-time]: Directory matches ignore regex.
2020-03-01 14:11:43,816 INFO     root            Ignoring directory [node_modules/debug]: Directory matches ignore regex.
2020-03-01 14:11:43,816 INFO     root            Ignoring directory [node_modules/depd]: Directory matches ignore regex.
2020-03-01 14:11:43,817 INFO     root            Ignoring directory [node_modules/destroy]: Directory matches ignore regex.
2020-03-01 14:11:43,817 INFO     root            Ignoring directory [node_modules/dot-prop]: Directory matches ignore regex.
2020-03-01 14:11:43,817 INFO     root            Ignoring directory [node_modules/duplexify]: Directory matches ignore regex.
2020-03-01 14:11:43,817 INFO     root            Ignoring directory [node_modules/ecdsa-sig-formatter]: Directory matches ignore regex.
2020-03-01 14:11:43,817 INFO     root            Ignoring directory [node_modules/ee-first]: Directory matches ignore regex.
2020-03-01 14:11:43,817 INFO     root            Ignoring directory [node_modules/encodeurl]: Directory matches ignore regex.
2020-03-01 14:11:43,817 INFO     root            Ignoring directory [node_modules/end-of-stream]: Directory matches ignore regex.
2020-03-01 14:11:43,817 INFO     root            Ignoring directory [node_modules/ent]: Directory matches ignore regex.
2020-03-01 14:11:43,817 INFO     root            Ignoring directory [node_modules/escape-html]: Directory matches ignore regex.
2020-03-01 14:11:43,817 INFO     root            Ignoring directory [node_modules/etag]: Directory matches ignore regex.
2020-03-01 14:11:43,817 INFO     root            Ignoring directory [node_modules/event-target-shim]: Directory matches ignore regex.
2020-03-01 14:11:43,818 INFO     root            Ignoring directory [node_modules/express]: Directory matches ignore regex.
2020-03-01 14:11:43,818 INFO     root            Ignoring directory [node_modules/extend]: Directory matches ignore regex.
2020-03-01 14:11:43,818 INFO     root            Ignoring directory [node_modules/fast-text-encoding]: Directory matches ignore regex.
2020-03-01 14:11:43,818 INFO     root            Ignoring directory [node_modules/finalhandler]: Directory matches ignore regex.
2020-03-01 14:11:43,818 INFO     root            Ignoring directory [node_modules/forwarded]: Directory matches ignore regex.
2020-03-01 14:11:43,818 INFO     root            Ignoring directory [node_modules/fresh]: Directory matches ignore regex.
2020-03-01 14:11:43,818 INFO     root            Ignoring directory [node_modules/gaxios]: Directory matches ignore regex.
2020-03-01 14:11:43,818 INFO     root            Ignoring directory [node_modules/gcp-metadata]: Directory matches ignore regex.
2020-03-01 14:11:43,818 INFO     root            Ignoring directory [node_modules/gcs-resumable-upload]: Directory matches ignore regex.
2020-03-01 14:11:43,819 INFO     root            Ignoring directory [node_modules/git]: Directory matches ignore regex.
2020-03-01 14:11:43,819 INFO     root            Ignoring directory [node_modules/google-auth-library]: Directory matches ignore regex.
2020-03-01 14:11:43,819 INFO     root            Ignoring directory [node_modules/google-p12-pem]: Directory matches ignore regex.
2020-03-01 14:11:43,819 INFO     root            Ignoring directory [node_modules/graceful-fs]: Directory matches ignore regex.
2020-03-01 14:11:43,819 INFO     root            Ignoring directory [node_modules/gtoken]: Directory matches ignore regex.
2020-03-01 14:11:43,819 INFO     root            Ignoring directory [node_modules/hash-stream-validation]: Directory matches ignore regex.
2020-03-01 14:11:43,819 INFO     root            Ignoring directory [node_modules/http-errors]: Directory matches ignore regex.
2020-03-01 14:11:43,820 INFO     root            Ignoring directory [node_modules/http-proxy-agent]: Directory matches ignore regex.
2020-03-01 14:11:43,820 INFO     root            Ignoring directory [node_modules/https-proxy-agent]: Directory matches ignore regex.
2020-03-01 14:11:43,820 INFO     root            Ignoring directory [node_modules/iconv-lite]: Directory matches ignore regex.
2020-03-01 14:11:43,820 INFO     root            Ignoring directory [node_modules/imurmurhash]: Directory matches ignore regex.
2020-03-01 14:11:43,820 INFO     root            Ignoring directory [node_modules/inherits]: Directory matches ignore regex.
2020-03-01 14:11:43,820 INFO     root            Ignoring directory [node_modules/ipaddr.js]: Directory matches ignore regex.
2020-03-01 14:11:43,820 INFO     root            Ignoring directory [node_modules/is-obj]: Directory matches ignore regex.
2020-03-01 14:11:43,820 INFO     root            Ignoring directory [node_modules/is-stream]: Directory matches ignore regex.
2020-03-01 14:11:43,820 INFO     root            Ignoring directory [node_modules/is-typedarray]: Directory matches ignore regex.
2020-03-01 14:11:43,820 INFO     root            Ignoring directory [node_modules/isarray]: Directory matches ignore regex.
2020-03-01 14:11:43,820 INFO     root            Ignoring directory [node_modules/json-bigint]: Directory matches ignore regex.
2020-03-01 14:11:43,821 INFO     root            Ignoring directory [node_modules/jwa]: Directory matches ignore regex.
2020-03-01 14:11:43,821 INFO     root            Ignoring directory [node_modules/jws]: Directory matches ignore regex.
2020-03-01 14:11:43,821 INFO     root            Ignoring directory [node_modules/lru-cache]: Directory matches ignore regex.
2020-03-01 14:11:43,821 INFO     root            Ignoring directory [node_modules/make-dir]: Directory matches ignore regex.
2020-03-01 14:11:43,821 INFO     root            Ignoring directory [node_modules/media-typer]: Directory matches ignore regex.
2020-03-01 14:11:43,821 INFO     root            Ignoring directory [node_modules/merge-descriptors]: Directory matches ignore regex.
2020-03-01 14:11:43,821 INFO     root            Ignoring directory [node_modules/methods]: Directory matches ignore regex.
2020-03-01 14:11:43,821 INFO     root            Ignoring directory [node_modules/mime]: Directory matches ignore regex.
2020-03-01 14:11:43,821 INFO     root            Ignoring directory [node_modules/mime-db]: Directory matches ignore regex.
2020-03-01 14:11:43,821 INFO     root            Ignoring directory [node_modules/mime-types]: Directory matches ignore regex.
2020-03-01 14:11:43,821 INFO     root            Ignoring directory [node_modules/mimic-fn]: Directory matches ignore regex.
2020-03-01 14:11:43,822 INFO     root            Ignoring directory [node_modules/ms]: Directory matches ignore regex.
2020-03-01 14:11:43,822 INFO     root            Ignoring directory [node_modules/negotiator]: Directory matches ignore regex.
2020-03-01 14:11:43,822 INFO     root            Ignoring directory [node_modules/node-fetch]: Directory matches ignore regex.
2020-03-01 14:11:43,822 INFO     root            Ignoring directory [node_modules/node-forge]: Directory matches ignore regex.
2020-03-01 14:11:43,822 INFO     root            Ignoring directory [node_modules/on-finished]: Directory matches ignore regex.
2020-03-01 14:11:43,822 INFO     root            Ignoring directory [node_modules/once]: Directory matches ignore regex.
2020-03-01 14:11:43,822 INFO     root            Ignoring directory [node_modules/onetime]: Directory matches ignore regex.
2020-03-01 14:11:43,822 INFO     root            Ignoring directory [node_modules/p-limit]: Directory matches ignore regex.
2020-03-01 14:11:43,822 INFO     root            Ignoring directory [node_modules/p-try]: Directory matches ignore regex.
2020-03-01 14:11:43,822 INFO     root            Ignoring directory [node_modules/parseurl]: Directory matches ignore regex.
2020-03-01 14:11:43,822 INFO     root            Ignoring directory [node_modules/path-to-regexp]: Directory matches ignore regex.
2020-03-01 14:11:43,822 INFO     root            Ignoring directory [node_modules/process-nextick-args]: Directory matches ignore regex.
2020-03-01 14:11:43,823 INFO     root            Ignoring directory [node_modules/proxy-addr]: Directory matches ignore regex.
2020-03-01 14:11:43,823 INFO     root            Ignoring directory [node_modules/pump]: Directory matches ignore regex.
2020-03-01 14:11:43,823 INFO     root            Ignoring directory [node_modules/pumpify]: Directory matches ignore regex.
2020-03-01 14:11:43,823 INFO     root            Ignoring directory [node_modules/qs]: Directory matches ignore regex.
2020-03-01 14:11:43,823 INFO     root            Ignoring directory [node_modules/range-parser]: Directory matches ignore regex.
2020-03-01 14:11:43,823 INFO     root            Ignoring directory [node_modules/raw-body]: Directory matches ignore regex.
2020-03-01 14:11:43,823 INFO     root            Ignoring directory [node_modules/readable-stream]: Directory matches ignore regex.
2020-03-01 14:11:43,823 INFO     root            Ignoring directory [node_modules/retry-request]: Directory matches ignore regex.
2020-03-01 14:11:43,823 INFO     root            Ignoring directory [node_modules/safe-buffer]: Directory matches ignore regex.
2020-03-01 14:11:43,823 INFO     root            Ignoring directory [node_modules/safer-buffer]: Directory matches ignore regex.
2020-03-01 14:11:43,823 INFO     root            Ignoring directory [node_modules/semver]: Directory matches ignore regex.
2020-03-01 14:11:43,824 INFO     root            Ignoring directory [node_modules/send]: Directory matches ignore regex.
2020-03-01 14:11:43,824 INFO     root            Ignoring directory [node_modules/serve-static]: Directory matches ignore regex.
2020-03-01 14:11:43,824 INFO     root            Ignoring directory [node_modules/setprototypeof]: Directory matches ignore regex.
2020-03-01 14:11:43,824 INFO     root            Ignoring directory [node_modules/signal-exit]: Directory matches ignore regex.
2020-03-01 14:11:43,824 INFO     root            Ignoring directory [node_modules/snakeize]: Directory matches ignore regex.
2020-03-01 14:11:43,824 INFO     root            Ignoring directory [node_modules/statuses]: Directory matches ignore regex.
2020-03-01 14:11:43,824 INFO     root            Ignoring directory [node_modules/stream-events]: Directory matches ignore regex.
2020-03-01 14:11:43,824 INFO     root            Ignoring directory [node_modules/stream-shift]: Directory matches ignore regex.
2020-03-01 14:11:43,825 INFO     root            Ignoring directory [node_modules/string_decoder]: Directory matches ignore regex.
2020-03-01 14:11:43,825 INFO     root            Ignoring directory [node_modules/stubs]: Directory matches ignore regex.
2020-03-01 14:11:43,825 INFO     root            Ignoring directory [node_modules/teeny-request]: Directory matches ignore regex.
2020-03-01 14:11:43,825 INFO     root            Ignoring directory [node_modules/through2]: Directory matches ignore regex.
2020-03-01 14:11:43,825 INFO     root            Ignoring directory [node_modules/toidentifier]: Directory matches ignore regex.
2020-03-01 14:11:43,825 INFO     root            Ignoring directory [node_modules/type-is]: Directory matches ignore regex.
2020-03-01 14:11:43,825 INFO     root            Ignoring directory [node_modules/typedarray]: Directory matches ignore regex.
2020-03-01 14:11:43,825 INFO     root            Ignoring directory [node_modules/typedarray-to-buffer]: Directory matches ignore regex.
2020-03-01 14:11:43,826 INFO     root            Ignoring directory [node_modules/unique-string]: Directory matches ignore regex.
2020-03-01 14:11:43,826 INFO     root            Ignoring directory [node_modules/unpipe]: Directory matches ignore regex.
2020-03-01 14:11:43,826 INFO     root            Ignoring directory [node_modules/util-deprecate]: Directory matches ignore regex.
2020-03-01 14:11:43,826 INFO     root            Ignoring directory [node_modules/utils-merge]: Directory matches ignore regex.
2020-03-01 14:11:43,826 INFO     root            Ignoring directory [node_modules/uuid]: Directory matches ignore regex.
2020-03-01 14:11:43,826 INFO     root            Ignoring directory [node_modules/vary]: Directory matches ignore regex.
2020-03-01 14:11:43,826 INFO     root            Ignoring directory [node_modules/wrappy]: Directory matches ignore regex.
2020-03-01 14:11:43,826 INFO     root            Ignoring directory [node_modules/write-file-atomic]: Directory matches ignore regex.
2020-03-01 14:11:43,826 INFO     root            Ignoring directory [node_modules/xdg-basedir]: Directory matches ignore regex.
2020-03-01 14:11:43,826 INFO     root            Ignoring directory [node_modules/xtend]: Directory matches ignore regex.
2020-03-01 14:11:43,826 INFO     root            Ignoring directory [node_modules/yallist]: Directory matches ignore regex.
2020-03-01 14:11:43,827 INFO     root            Ignoring directory [.nvm/versions/node/v13.9.0/lib/node_modules/npm]: Directory matches ignore regex.
2020-03-01 14:11:43,917 INFO     root            Need Dockerfile to be generated for runtime nodejs
2020-03-01 14:11:43,917 INFO     ___FILE_ONLY___ Building and pushing image for service [default]

2020-03-01 14:11:43,922 DEBUG    root            Could not call git with args ('config', '--get-regexp', 'remote\\.(.*)\\.url'): Command '['git', 'config', '--get-regexp', 'remote\\.(.*)\\.url']' returned non-zero exit status 1
2020-03-01 14:11:43,922 INFO     root            Could not generate [source-context.json]: Could not list remote URLs from source directory: /home/justink875
Stackdriver Debugger may not be configured or enabled on this application. See https://cloud.google.com/debugger/ for more information.
2020-03-01 14:11:58,858 INFO     root            Uploading [/tmp/tmpi9xWtJ/src.tgz] to [staging.lucid-burner-231321.appspot.com/us.gcr.io/lucid-burner-231321/appengine/default.20200301t141141:latest]
2020-03-01 14:11:59,331 DEBUG    root            Using runtime builder root [gs://runtime-builders/]
2020-03-01 14:11:59,331 DEBUG    root            Loading runtimes manifest from [gs://runtime-builders/runtimes.yaml]
2020-03-01 14:11:59,340 INFO     root            Reading [<googlecloudsdk.api_lib.storage.storage_util.ObjectReference object at 0x7f14fc767d90>]
2020-03-01 14:11:59,461 DEBUG    root            Resolved runtime [nodejs] as build configuration [gs://runtime-builders/nodejs-default-builder-20190807121809.yaml]
2020-03-01 14:11:59,461 INFO     root            Using runtime builder [gs://runtime-builders/nodejs-default-builder-20190807121809.yaml]
2020-03-01 14:11:59,475 INFO     root            Reading [<googlecloudsdk.api_lib.storage.storage_util.ObjectReference object at 0x7f14fc7b4d90>]
2020-03-01 14:12:00,261 INFO     ___FILE_ONLY___ Started cloud build [e0fa5301-5e64-470c-836e-5ff1adbcc103].

2020-03-01 14:12:00,265 DEBUG    root            GCS logfile url is https://www.googleapis.com/storage/v1/b/staging.lucid-burner-231321.appspot.com/o/log-e0fa5301-5e64-470c-836e-5ff1adbcc103.txt?alt=media
2020-03-01 14:12:00,265 INFO     ___FILE_ONLY___ To see logs in the Cloud Console: https://console.cloud.google.com/gcr/builds/e0fa5301-5e64-470c-836e-5ff1adbcc103?project=218225514060

2020-03-01 14:12:00,386 DEBUG    root            Operation [operations/build/lucid-burner-231321/ZTBmYTUzMDEtNWU2NC00NzBjLTgzNmUtNWZmMWFkYmNjMTAz] not complete. Waiting 1s.
2020-03-01 14:12:01,509 DEBUG    root            Reading GCS logfile: 404 (no log yet; keep polling)
2020-03-01 14:12:01,820 DEBUG    root            Operation [operations/build/lucid-burner-231321/ZTBmYTUzMDEtNWU2NC00NzBjLTgzNmUtNWZmMWFkYmNjMTAz] not complete. Waiting 1s.
2020-03-01 14:12:02,915 DEBUG    root            Reading GCS logfile: 206 (read 225 bytes)
2020-03-01 14:12:02,915 INFO     ___FILE_ONLY___ --------------------------------------------------------- REMOTE BUILD OUTPUT ----------------------------------------------------------

2020-03-01 14:12:02,915 INFO     ___FILE_ONLY___ starting build "e0fa5301-5e64-470c-836e-5ff1adbcc103"

FETCHSOURCE
Fetching storage object: gs://staging.lucid-burner-231321.appspot.com/us.gcr.io/lucid-burner-231321/appengine/default.20200301t141141:latest#1583071919283172

2020-03-01 14:12:02,998 DEBUG    root            Operation [operations/build/lucid-burner-231321/ZTBmYTUzMDEtNWU2NC00NzBjLTgzNmUtNWZmMWFkYmNjMTAz] not complete. Waiting 1s.
2020-03-01 14:12:04,112 DEBUG    root            Reading GCS logfile: 416 (no new content; keep polling)
2020-03-01 14:12:04,239 DEBUG    root            Operation [operations/build/lucid-burner-231321/ZTBmYTUzMDEtNWU2NC00NzBjLTgzNmUtNWZmMWFkYmNjMTAz] not complete. Waiting 1s.
2020-03-01 14:12:05,312 DEBUG    root            Reading GCS logfile: 416 (no new content; keep polling)
2020-03-01 14:12:05,628 DEBUG    root            Operation [operations/build/lucid-burner-231321/ZTBmYTUzMDEtNWU2NC00NzBjLTgzNmUtNWZmMWFkYmNjMTAz] not complete. Waiting 1s.
2020-03-01 14:12:06,649 DEBUG    root            Reading GCS logfile: 206 (read 144 bytes)
2020-03-01 14:12:06,649 INFO     ___FILE_ONLY___ Copying gs://staging.lucid-burner-231321.appspot.com/us.gcr.io/lucid-burner-231321/appengine/default.20200301t141141:latest#1583071919283172...

2020-03-01 14:12:06,966 DEBUG    root            Operation [operations/build/lucid-burner-231321/ZTBmYTUzMDEtNWU2NC00NzBjLTgzNmUtNWZmMWFkYmNjMTAz] not complete. Waiting 1s.
2020-03-01 14:12:08,019 DEBUG    root            Reading GCS logfile: 206 (read 332 bytes)
2020-03-01 14:12:08,019 INFO     ___FILE_ONLY___ / [0 files][    0.0 B/ 49.1 MiB]                                                -- [0 files][  4.1 MiB/ 49.1 MiB]                                                \\ [1 files][ 49.1 MiB/ 49.1 MiB]                                                |
Operation completed over 1 objects/49.1 MiB.                                     

2020-03-01 14:12:08,103 DEBUG    root            Operation [operations/build/lucid-burner-231321/ZTBmYTUzMDEtNWU2NC00NzBjLTgzNmUtNWZmMWFkYmNjMTAz] not complete. Waiting 1s.
2020-03-01 14:12:09,211 DEBUG    root            Reading GCS logfile: 416 (no new content; keep polling)
2020-03-01 14:12:09,331 DEBUG    root            Operation [operations/build/lucid-burner-231321/ZTBmYTUzMDEtNWU2NC00NzBjLTgzNmUtNWZmMWFkYmNjMTAz] not complete. Waiting 1s.
2020-03-01 14:12:10,412 DEBUG    root            Reading GCS logfile: 416 (no new content; keep polling)
2020-03-01 14:12:10,684 DEBUG    root            Operation [operations/build/lucid-burner-231321/ZTBmYTUzMDEtNWU2NC00NzBjLTgzNmUtNWZmMWFkYmNjMTAz] not complete. Waiting 1s.
2020-03-01 14:12:11,709 DEBUG    root            Reading GCS logfile: 416 (no new content; keep polling)
2020-03-01 14:12:12,005 DEBUG    root            Operation [operations/build/lucid-burner-231321/ZTBmYTUzMDEtNWU2NC00NzBjLTgzNmUtNWZmMWFkYmNjMTAz] not complete. Waiting 1s.
2020-03-01 14:12:13,117 DEBUG    root            Reading GCS logfile: 206 (read 161 bytes)
2020-03-01 14:12:13,117 INFO     ___FILE_ONLY___ BUILD
Starting Step #0
Step #0: Pulling image: gcr.io/gcp-runtimes/nodejs/gen-dockerfile@sha256:d5293a583629252c12c478b572103b557ee26235c6b03a57d1f18d52882fb937

2020-03-01 14:12:13,392 DEBUG    root            Operation [operations/build/lucid-burner-231321/ZTBmYTUzMDEtNWU2NC00NzBjLTgzNmUtNWZmMWFkYmNjMTAz] not complete. Waiting 1s.
2020-03-01 14:12:14,519 DEBUG    root            Reading GCS logfile: 206 (read 1221 bytes)
2020-03-01 14:12:14,519 INFO     ___FILE_ONLY___ Step #0: sha256:d5293a583629252c12c478b572103b557ee26235c6b03a57d1f18d52882fb937: Pulling from gcp-runtimes/nodejs/gen-dockerfile
Step #0: c4272b5b18a1: Pulling fs layer
Step #0: 99f31d2d2127: Pulling fs layer
Step #0: 3c2cba919283: Pulling fs layer
Step #0: e83dbc3576f7: Pulling fs layer
Step #0: 9efe1b0c1e82: Pulling fs layer
Step #0: 83001cb10871: Pulling fs layer
Step #0: 1162305be692: Pulling fs layer
Step #0: 9519340f6b21: Pulling fs layer
Step #0: 85ea7b697da2: Pulling fs layer
Step #0: 6403c14e19e4: Pulling fs layer
Step #0: d9919eba9859: Pulling fs layer
Step #0: 8665cabad70f: Pulling fs layer
Step #0: e83dbc3576f7: Waiting
Step #0: 9efe1b0c1e82: Waiting
Step #0: 83001cb10871: Waiting
Step #0: 1162305be692: Waiting
Step #0: 9519340f6b21: Waiting
Step #0: 85ea7b697da2: Waiting
Step #0: 6403c14e19e4: Waiting
Step #0: d9919eba9859: Waiting
Step #0: 8665cabad70f: Waiting
Step #0: 3c2cba919283: Verifying Checksum
Step #0: 3c2cba919283: Download complete
Step #0: 99f31d2d2127: Verifying Checksum
Step #0: 99f31d2d2127: Download complete
Step #0: 9efe1b0c1e82: Verifying Checksum
Step #0: 9efe1b0c1e82: Download complete
Step #0: 83001cb10871: Verifying Checksum
Step #0: 83001cb10871: Download complete

2020-03-01 14:12:14,644 DEBUG    root            Operation [operations/build/lucid-burner-231321/ZTBmYTUzMDEtNWU2NC00NzBjLTgzNmUtNWZmMWFkYmNjMTAz] not complete. Waiting 1s.
2020-03-01 14:12:15,717 DEBUG    root            Reading GCS logfile: 206 (read 249 bytes)
2020-03-01 14:12:15,717 INFO     ___FILE_ONLY___ Step #0: c4272b5b18a1: Verifying Checksum
Step #0: c4272b5b18a1: Download complete
Step #0: 1162305be692: Verifying Checksum
Step #0: 1162305be692: Download complete
Step #0: e83dbc3576f7: Verifying Checksum
Step #0: e83dbc3576f7: Download complete

2020-03-01 14:12:15,802 DEBUG    root            Operation [operations/build/lucid-burner-231321/ZTBmYTUzMDEtNWU2NC00NzBjLTgzNmUtNWZmMWFkYmNjMTAz] not complete. Waiting 1s.
2020-03-01 14:12:16,914 DEBUG    root            Reading GCS logfile: 206 (read 332 bytes)
2020-03-01 14:12:16,915 INFO     ___FILE_ONLY___ Step #0: 85ea7b697da2: Verifying Checksum
Step #0: 85ea7b697da2: Download complete
Step #0: 9519340f6b21: Verifying Checksum
Step #0: 9519340f6b21: Download complete
Step #0: 6403c14e19e4: Verifying Checksum
Step #0: 6403c14e19e4: Download complete
Step #0: d9919eba9859: Verifying Checksum
Step #0: d9919eba9859: Download complete

2020-03-01 14:12:17,002 DEBUG    root            Operation [operations/build/lucid-burner-231321/ZTBmYTUzMDEtNWU2NC00NzBjLTgzNmUtNWZmMWFkYmNjMTAz] not complete. Waiting 1s.
2020-03-01 14:12:18,116 DEBUG    root            Reading GCS logfile: 206 (read 83 bytes)
2020-03-01 14:12:18,116 INFO     ___FILE_ONLY___ Step #0: 8665cabad70f: Verifying Checksum
Step #0: 8665cabad70f: Download complete

2020-03-01 14:12:18,411 DEBUG    root            Operation [operations/build/lucid-burner-231321/ZTBmYTUzMDEtNWU2NC00NzBjLTgzNmUtNWZmMWFkYmNjMTAz] not complete. Waiting 1s.
2020-03-01 14:12:19,514 DEBUG    root            Reading GCS logfile: 416 (no new content; keep polling)
2020-03-01 14:12:19,598 DEBUG    root            Operation [operations/build/lucid-burner-231321/ZTBmYTUzMDEtNWU2NC00NzBjLTgzNmUtNWZmMWFkYmNjMTAz] not complete. Waiting 1s.
2020-03-01 14:12:20,709 DEBUG    root            Reading GCS logfile: 416 (no new content; keep polling)
2020-03-01 14:12:20,983 DEBUG    root            Operation [operations/build/lucid-burner-231321/ZTBmYTUzMDEtNWU2NC00NzBjLTgzNmUtNWZmMWFkYmNjMTAz] not complete. Waiting 1s.
2020-03-01 14:12:22,016 DEBUG    root            Reading GCS logfile: 206 (read 111 bytes)
2020-03-01 14:12:22,016 INFO     ___FILE_ONLY___ Step #0: c4272b5b18a1: Pull complete
Step #0: 99f31d2d2127: Pull complete
Step #0: 3c2cba919283: Pull complete

2020-03-01 14:12:22,138 DEBUG    root            Operation [operations/build/lucid-burner-231321/ZTBmYTUzMDEtNWU2NC00NzBjLTgzNmUtNWZmMWFkYmNjMTAz] not complete. Waiting 1s.
2020-03-01 14:12:23,153 DEBUG    root            Reading GCS logfile: 416 (no new content; keep polling)
2020-03-01 14:12:23,237 DEBUG    root            Operation [operations/build/lucid-burner-231321/ZTBmYTUzMDEtNWU2NC00NzBjLTgzNmUtNWZmMWFkYmNjMTAz] not complete. Waiting 1s.
2020-03-01 14:12:24,311 DEBUG    root            Reading GCS logfile: 416 (no new content; keep polling)
2020-03-01 14:12:24,398 DEBUG    root            Operation [operations/build/lucid-burner-231321/ZTBmYTUzMDEtNWU2NC00NzBjLTgzNmUtNWZmMWFkYmNjMTAz] not complete. Waiting 1s.
2020-03-01 14:12:25,510 DEBUG    root            Reading GCS logfile: 416 (no new content; keep polling)
2020-03-01 14:12:25,808 DEBUG    root            Operation [operations/build/lucid-burner-231321/ZTBmYTUzMDEtNWU2NC00NzBjLTgzNmUtNWZmMWFkYmNjMTAz] not complete. Waiting 1s.
2020-03-01 14:12:26,912 DEBUG    root            Reading GCS logfile: 416 (no new content; keep polling)
2020-03-01 14:12:27,187 DEBUG    root            Operation [operations/build/lucid-burner-231321/ZTBmYTUzMDEtNWU2NC00NzBjLTgzNmUtNWZmMWFkYmNjMTAz] not complete. Waiting 1s.
2020-03-01 14:12:28,219 DEBUG    root            Reading GCS logfile: 206 (read 111 bytes)
2020-03-01 14:12:28,219 INFO     ___FILE_ONLY___ Step #0: e83dbc3576f7: Pull complete
Step #0: 9efe1b0c1e82: Pull complete
Step #0: 83001cb10871: Pull complete

2020-03-01 14:12:28,303 DEBUG    root            Operation [operations/build/lucid-burner-231321/ZTBmYTUzMDEtNWU2NC00NzBjLTgzNmUtNWZmMWFkYmNjMTAz] not complete. Waiting 1s.
2020-03-01 14:12:29,410 DEBUG    root            Reading GCS logfile: 416 (no new content; keep polling)
2020-03-01 14:12:29,494 DEBUG    root            Operation [operations/build/lucid-burner-231321/ZTBmYTUzMDEtNWU2NC00NzBjLTgzNmUtNWZmMWFkYmNjMTAz] not complete. Waiting 1s.
2020-03-01 14:12:30,614 DEBUG    root            Reading GCS logfile: 206 (read 37 bytes)
2020-03-01 14:12:30,615 INFO     ___FILE_ONLY___ Step #0: 1162305be692: Pull complete

2020-03-01 14:12:30,706 DEBUG    root            Operation [operations/build/lucid-burner-231321/ZTBmYTUzMDEtNWU2NC00NzBjLTgzNmUtNWZmMWFkYmNjMTAz] not complete. Waiting 1s.
2020-03-01 14:12:31,812 DEBUG    root            Reading GCS logfile: 416 (no new content; keep polling)
2020-03-01 14:12:32,110 DEBUG    root            Operation [operations/build/lucid-burner-231321/ZTBmYTUzMDEtNWU2NC00NzBjLTgzNmUtNWZmMWFkYmNjMTAz] not complete. Waiting 1s.
2020-03-01 14:12:33,217 DEBUG    root            Reading GCS logfile: 206 (read 148 bytes)
2020-03-01 14:12:33,217 INFO     ___FILE_ONLY___ Step #0: 9519340f6b21: Pull complete
Step #0: 85ea7b697da2: Pull complete
Step #0: 6403c14e19e4: Pull complete
Step #0: d9919eba9859: Pull complete

2020-03-01 14:12:33,519 DEBUG    root            Operation [operations/build/lucid-burner-231321/ZTBmYTUzMDEtNWU2NC00NzBjLTgzNmUtNWZmMWFkYmNjMTAz] not complete. Waiting 1s.
2020-03-01 14:12:34,614 DEBUG    root            Reading GCS logfile: 416 (no new content; keep polling)
2020-03-01 14:12:34,918 DEBUG    root            Operation [operations/build/lucid-burner-231321/ZTBmYTUzMDEtNWU2NC00NzBjLTgzNmUtNWZmMWFkYmNjMTAz] not complete. Waiting 1s.
2020-03-01 14:12:36,017 DEBUG    root            Reading GCS logfile: 206 (read 407 bytes)
2020-03-01 14:12:36,018 INFO     ___FILE_ONLY___ Step #0: 8665cabad70f: Pull complete
Step #0: Digest: sha256:d5293a583629252c12c478b572103b557ee26235c6b03a57d1f18d52882fb937
Step #0: Status: Downloaded newer image for gcr.io/gcp-runtimes/nodejs/gen-dockerfile@sha256:d5293a583629252c12c478b572103b557ee26235c6b03a57d1f18d52882fb937
Step #0: gcr.io/gcp-runtimes/nodejs/gen-dockerfile@sha256:d5293a583629252c12c478b572103b557ee26235c6b03a57d1f18d52882fb937

2020-03-01 14:12:36,102 DEBUG    root            Operation [operations/build/lucid-burner-231321/ZTBmYTUzMDEtNWU2NC00NzBjLTgzNmUtNWZmMWFkYmNjMTAz] not complete. Waiting 1s.
2020-03-01 14:12:37,212 DEBUG    root            Reading GCS logfile: 416 (no new content; keep polling)
2020-03-01 14:12:37,529 DEBUG    root            Operation [operations/build/lucid-burner-231321/ZTBmYTUzMDEtNWU2NC00NzBjLTgzNmUtNWZmMWFkYmNjMTAz] not complete. Waiting 1s.
2020-03-01 14:12:38,611 DEBUG    root            Reading GCS logfile: 416 (no new content; keep polling)
2020-03-01 14:12:38,694 DEBUG    root            Operation [operations/build/lucid-burner-231321/ZTBmYTUzMDEtNWU2NC00NzBjLTgzNmUtNWZmMWFkYmNjMTAz] not complete. Waiting 1s.
2020-03-01 14:12:39,812 DEBUG    root            Reading GCS logfile: 416 (no new content; keep polling)
2020-03-01 14:12:39,900 DEBUG    root            Operation [operations/build/lucid-burner-231321/ZTBmYTUzMDEtNWU2NC00NzBjLTgzNmUtNWZmMWFkYmNjMTAz] not complete. Waiting 1s.
2020-03-01 14:12:41,024 DEBUG    root            Reading GCS logfile: 206 (read 617 bytes)
2020-03-01 14:12:41,024 INFO     ___FILE_ONLY___ Step #0: Checking for Node.js.
Step #0: WARNING:  Your package.json does not specify a supported Node.js version.  Please pin your application to a major version of the Node.js runtime.  To learn more, visit https://cloud.google.com/appengine/docs/flexible/nodejs/runtime
Finished Step #0
Starting Step #1
Step #1: Already have image (with digest): gcr.io/kaniko-project/executor@sha256:f87c11770a4d3ed33436508d206c584812cd656e6ed08eda1cff5c1ee44f5870
Step #1: [36mINFO[0m[0000] Removing ignored files from build context: [node_modules .dockerignore Dockerfile npm-debug.log yarn-error.log .git .hg .svn app.yaml] 

2020-03-01 14:12:41,107 DEBUG    root            Operation [operations/build/lucid-burner-231321/ZTBmYTUzMDEtNWU2NC00NzBjLTgzNmUtNWZmMWFkYmNjMTAz] not complete. Waiting 1s.
2020-03-01 14:12:42,216 DEBUG    root            Reading GCS logfile: 206 (read 156 bytes)
2020-03-01 14:12:42,216 INFO     ___FILE_ONLY___ Step #1: [36mINFO[0m[0000] Downloading base image gcr.io/google-appengine/nodejs@sha256:ef8be7b4dc77c3e71fbc85ca88186b13214af8f83b8baecc65e8ed85bb904ad5 

2020-03-01 14:12:42,313 DEBUG    root            Operation [operations/build/lucid-burner-231321/ZTBmYTUzMDEtNWU2NC00NzBjLTgzNmUtNWZmMWFkYmNjMTAz] not complete. Waiting 1s.
2020-03-01 14:12:43,412 DEBUG    root            Reading GCS logfile: 416 (no new content; keep polling)
2020-03-01 14:12:43,542 DEBUG    root            Operation [operations/build/lucid-burner-231321/ZTBmYTUzMDEtNWU2NC00NzBjLTgzNmUtNWZmMWFkYmNjMTAz] not complete. Waiting 1s.
2020-03-01 14:12:44,612 DEBUG    root            Reading GCS logfile: 416 (no new content; keep polling)
2020-03-01 14:12:44,694 DEBUG    root            Operation [operations/build/lucid-burner-231321/ZTBmYTUzMDEtNWU2NC00NzBjLTgzNmUtNWZmMWFkYmNjMTAz] not complete. Waiting 1s.
2020-03-01 14:12:45,812 DEBUG    root            Reading GCS logfile: 416 (no new content; keep polling)
2020-03-01 14:12:45,931 DEBUG    root            Operation [operations/build/lucid-burner-231321/ZTBmYTUzMDEtNWU2NC00NzBjLTgzNmUtNWZmMWFkYmNjMTAz] not complete. Waiting 1s.
2020-03-01 14:12:47,010 DEBUG    root            Reading GCS logfile: 416 (no new content; keep polling)
2020-03-01 14:12:47,093 DEBUG    root            Operation [operations/build/lucid-burner-231321/ZTBmYTUzMDEtNWU2NC00NzBjLTgzNmUtNWZmMWFkYmNjMTAz] not complete. Waiting 1s.
2020-03-01 14:12:48,212 DEBUG    root            Reading GCS logfile: 416 (no new content; keep polling)
2020-03-01 14:12:48,296 DEBUG    root            Operation [operations/build/lucid-burner-231321/ZTBmYTUzMDEtNWU2NC00NzBjLTgzNmUtNWZmMWFkYmNjMTAz] not complete. Waiting 1s.
2020-03-01 14:12:49,411 DEBUG    root            Reading GCS logfile: 416 (no new content; keep polling)
2020-03-01 14:12:49,497 DEBUG    root            Operation [operations/build/lucid-burner-231321/ZTBmYTUzMDEtNWU2NC00NzBjLTgzNmUtNWZmMWFkYmNjMTAz] not complete. Waiting 1s.
2020-03-01 14:12:50,510 DEBUG    root            Reading GCS logfile: 416 (no new content; keep polling)
2020-03-01 14:12:50,597 DEBUG    root            Operation [operations/build/lucid-burner-231321/ZTBmYTUzMDEtNWU2NC00NzBjLTgzNmUtNWZmMWFkYmNjMTAz] not complete. Waiting 1s.
2020-03-01 14:12:51,625 DEBUG    root            Reading GCS logfile: 416 (no new content; keep polling)
2020-03-01 14:12:51,927 DEBUG    root            Operation [operations/build/lucid-burner-231321/ZTBmYTUzMDEtNWU2NC00NzBjLTgzNmUtNWZmMWFkYmNjMTAz] not complete. Waiting 1s.
2020-03-01 14:12:53,012 DEBUG    root            Reading GCS logfile: 416 (no new content; keep polling)
2020-03-01 14:12:53,097 DEBUG    root            Operation [operations/build/lucid-burner-231321/ZTBmYTUzMDEtNWU2NC00NzBjLTgzNmUtNWZmMWFkYmNjMTAz] not complete. Waiting 1s.
2020-03-01 14:12:54,212 DEBUG    root            Reading GCS logfile: 416 (no new content; keep polling)
2020-03-01 14:12:54,511 DEBUG    root            Operation [operations/build/lucid-burner-231321/ZTBmYTUzMDEtNWU2NC00NzBjLTgzNmUtNWZmMWFkYmNjMTAz] not complete. Waiting 1s.
2020-03-01 14:12:55,611 DEBUG    root            Reading GCS logfile: 416 (no new content; keep polling)
2020-03-01 14:12:55,697 DEBUG    root            Operation [operations/build/lucid-burner-231321/ZTBmYTUzMDEtNWU2NC00NzBjLTgzNmUtNWZmMWFkYmNjMTAz] not complete. Waiting 1s.
2020-03-01 14:12:56,712 DEBUG    root            Reading GCS logfile: 416 (no new content; keep polling)
2020-03-01 14:12:56,809 DEBUG    root            Operation [operations/build/lucid-burner-231321/ZTBmYTUzMDEtNWU2NC00NzBjLTgzNmUtNWZmMWFkYmNjMTAz] not complete. Waiting 1s.
2020-03-01 14:12:57,912 DEBUG    root            Reading GCS logfile: 416 (no new content; keep polling)
2020-03-01 14:12:58,003 DEBUG    root            Operation [operations/build/lucid-burner-231321/ZTBmYTUzMDEtNWU2NC00NzBjLTgzNmUtNWZmMWFkYmNjMTAz] not complete. Waiting 1s.
2020-03-01 14:12:59,118 DEBUG    root            Reading GCS logfile: 206 (read 75 bytes)
2020-03-01 14:12:59,118 INFO     ___FILE_ONLY___ Step #1: [36mINFO[0m[0016] Taking snapshot of full filesystem...        

2020-03-01 14:12:59,202 DEBUG    root            Operation [operations/build/lucid-burner-231321/ZTBmYTUzMDEtNWU2NC00NzBjLTgzNmUtNWZmMWFkYmNjMTAz] not complete. Waiting 1s.
2020-03-01 14:13:00,314 DEBUG    root            Reading GCS logfile: 416 (no new content; keep polling)
2020-03-01 14:13:00,405 DEBUG    root            Operation [operations/build/lucid-burner-231321/ZTBmYTUzMDEtNWU2NC00NzBjLTgzNmUtNWZmMWFkYmNjMTAz] not complete. Waiting 1s.
2020-03-01 14:13:01,509 DEBUG    root            Reading GCS logfile: 416 (no new content; keep polling)
2020-03-01 14:13:01,785 DEBUG    root            Operation [operations/build/lucid-burner-231321/ZTBmYTUzMDEtNWU2NC00NzBjLTgzNmUtNWZmMWFkYmNjMTAz] not complete. Waiting 1s.
2020-03-01 14:13:02,811 DEBUG    root            Reading GCS logfile: 416 (no new content; keep polling)
2020-03-01 14:13:02,896 DEBUG    root            Operation [operations/build/lucid-burner-231321/ZTBmYTUzMDEtNWU2NC00NzBjLTgzNmUtNWZmMWFkYmNjMTAz] not complete. Waiting 1s.
2020-03-01 14:13:04,009 DEBUG    root            Reading GCS logfile: 416 (no new content; keep polling)
2020-03-01 14:13:04,307 DEBUG    root            Operation [operations/build/lucid-burner-231321/ZTBmYTUzMDEtNWU2NC00NzBjLTgzNmUtNWZmMWFkYmNjMTAz] not complete. Waiting 1s.
2020-03-01 14:13:05,409 DEBUG    root            Reading GCS logfile: 416 (no new content; keep polling)
2020-03-01 14:13:05,705 DEBUG    root            Operation [operations/build/lucid-burner-231321/ZTBmYTUzMDEtNWU2NC00NzBjLTgzNmUtNWZmMWFkYmNjMTAz] not complete. Waiting 1s.
2020-03-01 14:13:06,809 DEBUG    root            Reading GCS logfile: 416 (no new content; keep polling)
2020-03-01 14:13:06,893 DEBUG    root            Operation [operations/build/lucid-burner-231321/ZTBmYTUzMDEtNWU2NC00NzBjLTgzNmUtNWZmMWFkYmNjMTAz] not complete. Waiting 1s.
2020-03-01 14:13:08,010 DEBUG    root            Reading GCS logfile: 416 (no new content; keep polling)
2020-03-01 14:13:08,285 DEBUG    root            Operation [operations/build/lucid-burner-231321/ZTBmYTUzMDEtNWU2NC00NzBjLTgzNmUtNWZmMWFkYmNjMTAz] not complete. Waiting 1s.
2020-03-01 14:13:09,417 DEBUG    root            Reading GCS logfile: 206 (read 75 bytes)
2020-03-01 14:13:09,417 INFO     ___FILE_ONLY___ Step #1: [36mINFO[0m[0028] Using files from context: [/workspace]       

2020-03-01 14:13:09,498 DEBUG    root            Operation [operations/build/lucid-burner-231321/ZTBmYTUzMDEtNWU2NC00NzBjLTgzNmUtNWZmMWFkYmNjMTAz] not complete. Waiting 1s.
2020-03-01 14:13:10,615 DEBUG    root            Reading GCS logfile: 206 (read 75 bytes)
2020-03-01 14:13:10,615 INFO     ___FILE_ONLY___ Step #1: [36mINFO[0m[0029] COPY . /app/                                 

2020-03-01 14:13:10,702 DEBUG    root            Operation [operations/build/lucid-burner-231321/ZTBmYTUzMDEtNWU2NC00NzBjLTgzNmUtNWZmMWFkYmNjMTAz] not complete. Waiting 1s.
2020-03-01 14:13:11,816 DEBUG    root            Reading GCS logfile: 206 (read 75 bytes)
2020-03-01 14:13:11,816 INFO     ___FILE_ONLY___ Step #1: [36mINFO[0m[0029] Taking snapshot of files...                  

2020-03-01 14:13:11,904 DEBUG    root            Operation [operations/build/lucid-burner-231321/ZTBmYTUzMDEtNWU2NC00NzBjLTgzNmUtNWZmMWFkYmNjMTAz] not complete. Waiting 1s.
2020-03-01 14:13:13,008 DEBUG    root            Reading GCS logfile: 416 (no new content; keep polling)
2020-03-01 14:13:13,306 DEBUG    root            Operation [operations/build/lucid-burner-231321/ZTBmYTUzMDEtNWU2NC00NzBjLTgzNmUtNWZmMWFkYmNjMTAz] not complete. Waiting 1s.
2020-03-01 14:13:14,328 DEBUG    root            Reading GCS logfile: 206 (read 362 bytes)
2020-03-01 14:13:14,328 INFO     ___FILE_ONLY___ Step #1: [36mINFO[0m[0032] RUN npm install --unsafe-perm ||   ((if [ -f npm-debug.log ]; then       cat npm-debug.log;     fi) && false) 
Step #1: [36mINFO[0m[0032] cmd: /bin/sh                                 
Step #1: [36mINFO[0m[0032] args: [-c npm install --unsafe-perm ||   ((if [ -f npm-debug.log ]; then       cat npm-debug.log;     fi) && false)] 

2020-03-01 14:13:14,604 DEBUG    root            Operation [operations/build/lucid-burner-231321/ZTBmYTUzMDEtNWU2NC00NzBjLTgzNmUtNWZmMWFkYmNjMTAz] not complete. Waiting 1s.
2020-03-01 14:13:15,710 DEBUG    root            Reading GCS logfile: 416 (no new content; keep polling)
2020-03-01 14:13:15,794 DEBUG    root            Operation [operations/build/lucid-burner-231321/ZTBmYTUzMDEtNWU2NC00NzBjLTgzNmUtNWZmMWFkYmNjMTAz] not complete. Waiting 1s.
2020-03-01 14:13:16,911 DEBUG    root            Reading GCS logfile: 416 (no new content; keep polling)
2020-03-01 14:13:16,993 DEBUG    root            Operation [operations/build/lucid-burner-231321/ZTBmYTUzMDEtNWU2NC00NzBjLTgzNmUtNWZmMWFkYmNjMTAz] not complete. Waiting 1s.
2020-03-01 14:13:18,110 DEBUG    root            Reading GCS logfile: 416 (no new content; keep polling)
2020-03-01 14:13:18,196 DEBUG    root            Operation [operations/build/lucid-burner-231321/ZTBmYTUzMDEtNWU2NC00NzBjLTgzNmUtNWZmMWFkYmNjMTAz] not complete. Waiting 1s.
2020-03-01 14:13:19,315 DEBUG    root            Reading GCS logfile: 206 (read 391 bytes)
2020-03-01 14:13:19,316 INFO     ___FILE_ONLY___ Step #1: npm WARN slohacks@1.0.0 No description
Step #1: npm WARN slohacks@1.0.0 No repository field.
Step #1: 
Step #1: added 144 packages from 84 contributors and audited 456 packages in 4.011s
Step #1: found 1 moderate severity vulnerability
Step #1:   run `npm audit fix` to fix them, or `npm audit` for details
Step #1: [36mINFO[0m[0037] Taking snapshot of full filesystem...        

2020-03-01 14:13:19,403 DEBUG    root            Operation [operations/build/lucid-burner-231321/ZTBmYTUzMDEtNWU2NC00NzBjLTgzNmUtNWZmMWFkYmNjMTAz] not complete. Waiting 1s.
2020-03-01 14:13:20,512 DEBUG    root            Reading GCS logfile: 416 (no new content; keep polling)
2020-03-01 14:13:20,597 DEBUG    root            Operation [operations/build/lucid-burner-231321/ZTBmYTUzMDEtNWU2NC00NzBjLTgzNmUtNWZmMWFkYmNjMTAz] not complete. Waiting 1s.
2020-03-01 14:13:21,711 DEBUG    root            Reading GCS logfile: 416 (no new content; keep polling)
2020-03-01 14:13:21,796 DEBUG    root            Operation [operations/build/lucid-burner-231321/ZTBmYTUzMDEtNWU2NC00NzBjLTgzNmUtNWZmMWFkYmNjMTAz] not complete. Waiting 1s.
2020-03-01 14:13:22,911 DEBUG    root            Reading GCS logfile: 416 (no new content; keep polling)
2020-03-01 14:13:23,031 DEBUG    root            Operation [operations/build/lucid-burner-231321/ZTBmYTUzMDEtNWU2NC00NzBjLTgzNmUtNWZmMWFkYmNjMTAz] not complete. Waiting 1s.
2020-03-01 14:13:24,112 DEBUG    root            Reading GCS logfile: 416 (no new content; keep polling)
2020-03-01 14:13:24,197 DEBUG    root            Operation [operations/build/lucid-burner-231321/ZTBmYTUzMDEtNWU2NC00NzBjLTgzNmUtNWZmMWFkYmNjMTAz] not complete. Waiting 1s.
2020-03-01 14:13:25,311 DEBUG    root            Reading GCS logfile: 416 (no new content; keep polling)
2020-03-01 14:13:25,611 DEBUG    root            Operation [operations/build/lucid-burner-231321/ZTBmYTUzMDEtNWU2NC00NzBjLTgzNmUtNWZmMWFkYmNjMTAz] not complete. Waiting 1s.
2020-03-01 14:13:26,711 DEBUG    root            Reading GCS logfile: 416 (no new content; keep polling)
2020-03-01 14:13:26,793 DEBUG    root            Operation [operations/build/lucid-burner-231321/ZTBmYTUzMDEtNWU2NC00NzBjLTgzNmUtNWZmMWFkYmNjMTAz] not complete. Waiting 1s.
2020-03-01 14:13:27,918 DEBUG    root            Reading GCS logfile: 206 (read 1235 bytes)
2020-03-01 14:13:27,918 INFO     ___FILE_ONLY___ Step #1: [36mINFO[0m[0046] CMD npm start                                
Step #1: 2020/03/01 14:13:27 existing blob: sha256:95016fdb07dce7dc6d6ff2746f985d6787da05314ff8180602b868a53b437c46
Step #1: 2020/03/01 14:13:27 existing blob: sha256:72be9390242a715ac08d82becdbae8c3e13d7b893a384156d63dad87c099478b
Step #1: 2020/03/01 14:13:27 existing blob: sha256:3c2cba919283a210665e480bcbf943eaaf4ed87a83f02e81bb286b8bdead0e75
Step #1: 2020/03/01 14:13:27 existing blob: sha256:81b9a32df3efd40d591bf4f1257c68c2de442c43466c8b5b151561d62fee1da2
Step #1: 2020/03/01 14:13:27 existing blob: sha256:4ad0e69275819c37c5a3ff6f9c3579f4ae19657c0ea40580a347cfa3fc32d7f6
Step #1: 2020/03/01 14:13:27 existing blob: sha256:81bb7127678a82e8e9131e2f47bbae5853ba33b89c6ade91201c0fca8a1c8dd9
Step #1: 2020/03/01 14:13:27 existing blob: sha256:40a5c2875f881a931f7b7340904bbc939b8bcebe131e058501659ee24597571f
Step #1: 2020/03/01 14:13:27 existing blob: sha256:3597d82c78f6eeb6cd66bd1ec35f5e8bcdad9f8cd392cd3dc6cbfc0111aff2da
Step #1: 2020/03/01 14:13:27 existing blob: sha256:537932092991e0c9f705cdfad7cdc5bb6fe83fda36af0452de2f5d2fac6eb6b1
Step #1: 2020/03/01 14:13:27 existing blob: sha256:912fe0956b48e9e5d140e4947e09be36c1bb2d2186a5ca7b6e57f31e423a4404

2020-03-01 14:13:28,002 DEBUG    root            Operation [operations/build/lucid-burner-231321/ZTBmYTUzMDEtNWU2NC00NzBjLTgzNmUtNWZmMWFkYmNjMTAz] not complete. Waiting 1s.
2020-03-01 14:13:29,111 DEBUG    root            Reading GCS logfile: 416 (no new content; keep polling)
2020-03-01 14:13:29,193 DEBUG    root            Operation [operations/build/lucid-burner-231321/ZTBmYTUzMDEtNWU2NC00NzBjLTgzNmUtNWZmMWFkYmNjMTAz] not complete. Waiting 1s.
2020-03-01 14:13:30,316 DEBUG    root            Reading GCS logfile: 206 (read 113 bytes)
2020-03-01 14:13:30,316 INFO     ___FILE_ONLY___ Step #1: 2020/03/01 14:13:28 pushed blob sha256:6f342507c96a57b888fb1aae186c92a1e0c194d0d9225271334f24f740ced167

2020-03-01 14:13:30,410 DEBUG    root            Operation [operations/build/lucid-burner-231321/ZTBmYTUzMDEtNWU2NC00NzBjLTgzNmUtNWZmMWFkYmNjMTAz] not complete. Waiting 1s.
2020-03-01 14:13:31,516 DEBUG    root            Reading GCS logfile: 206 (read 113 bytes)
2020-03-01 14:13:31,516 INFO     ___FILE_ONLY___ Step #1: 2020/03/01 14:13:29 pushed blob sha256:3da2408e89955547a979ad0f5fb4107aca2da7a18df94c5de8a5c94f9e92fb2b

2020-03-01 14:13:31,809 DEBUG    root            Operation [operations/build/lucid-burner-231321/ZTBmYTUzMDEtNWU2NC00NzBjLTgzNmUtNWZmMWFkYmNjMTAz] not complete. Waiting 1s.
2020-03-01 14:13:32,910 DEBUG    root            Reading GCS logfile: 416 (no new content; keep polling)
2020-03-01 14:13:33,014 DEBUG    root            Operation [operations/build/lucid-burner-231321/ZTBmYTUzMDEtNWU2NC00NzBjLTgzNmUtNWZmMWFkYmNjMTAz] not complete. Waiting 1s.
2020-03-01 14:13:34,116 DEBUG    root            Reading GCS logfile: 206 (read 113 bytes)
2020-03-01 14:13:34,116 INFO     ___FILE_ONLY___ Step #1: 2020/03/01 14:13:33 pushed blob sha256:1957d55f8d40c3f72302619c30b5e5bb8dc620e8bcfed60b0723127a2130a0ca

2020-03-01 14:13:34,202 DEBUG    root            Operation [operations/build/lucid-burner-231321/ZTBmYTUzMDEtNWU2NC00NzBjLTgzNmUtNWZmMWFkYmNjMTAz] not complete. Waiting 1s.
2020-03-01 14:13:35,319 DEBUG    root            Reading GCS logfile: 206 (read 192 bytes)
2020-03-01 14:13:35,319 INFO     ___FILE_ONLY___ Step #1: 2020/03/01 14:13:33 us.gcr.io/lucid-burner-231321/appengine/default.20200301t141141:latest: digest: sha256:71828412485d334c949ff74dce44306603281313dda5ad56249fa8325dd9da4c size: 2222

2020-03-01 14:13:35,405 DEBUG    root            Operation [operations/build/lucid-burner-231321/ZTBmYTUzMDEtNWU2NC00NzBjLTgzNmUtNWZmMWFkYmNjMTAz] not complete. Waiting 1s.
2020-03-01 14:13:36,516 DEBUG    root            Reading GCS logfile: 206 (read 27 bytes)
2020-03-01 14:13:36,517 INFO     ___FILE_ONLY___ Finished Step #1
PUSH
DONE

2020-03-01 14:13:36,620 DEBUG    root            Operation [operations/build/lucid-burner-231321/ZTBmYTUzMDEtNWU2NC00NzBjLTgzNmUtNWZmMWFkYmNjMTAz] complete. Result: {
    "response": {
        "finishTime": "2020-03-01T14:13:35.820137Z", 
        "status": "SUCCESS", 
        "timeout": "600s", 
        "startTime": "2020-03-01T14:12:00.886510866Z", 
        "logsBucket": "staging.lucid-burner-231321.appspot.com", 
        "results": {
            "buildStepOutputs": [
                "", 
                ""
            ], 
            "buildStepImages": [
                "", 
                "sha256:f87c11770a4d3ed33436508d206c584812cd656e6ed08eda1cff5c1ee44f5870"
            ]
        }, 
        "createTime": "2020-03-01T14:11:59.742254592Z", 
        "@type": "type.googleapis.com/google.devtools.cloudbuild.v1.Build", 
        "source": {
            "storageSource": {
                "object": "us.gcr.io/lucid-burner-231321/appengine/default.20200301t141141:latest", 
                "bucket": "staging.lucid-burner-231321.appspot.com"
            }
        }, 
        "options": {
            "substitutionOption": "ALLOW_LOOSE", 
            "logging": "LEGACY"
        }, 
        "steps": [
            {
                "status": "SUCCESS", 
                "name": "gcr.io/gcp-runtimes/nodejs/gen-dockerfile@sha256:d5293a583629252c12c478b572103b557ee26235c6b03a57d1f18d52882fb937", 
                "args": [
                    "--runtime-image", 
                    "gcr.io/google-appengine/nodejs@sha256:ef8be7b4dc77c3e71fbc85ca88186b13214af8f83b8baecc65e8ed85bb904ad5"
                ], 
                "env": [
                    "GAE_APPLICATION_YAML_PATH=app.yaml"
                ], 
                "timing": {
                    "endTime": "2020-03-01T14:12:39.653619008Z", 
                    "startTime": "2020-03-01T14:12:11.861437345Z"
                }, 
                "pullTiming": {
                    "endTime": "2020-03-01T14:12:38.775948587Z", 
                    "startTime": "2020-03-01T14:12:11.861437345Z"
                }
            }, 
            {
                "status": "SUCCESS", 
                "name": "gcr.io/kaniko-project/executor@sha256:f87c11770a4d3ed33436508d206c584812cd656e6ed08eda1cff5c1ee44f5870", 
                "args": [
                    "--destination=us.gcr.io/lucid-burner-231321/appengine/default.20200301t141141:latest"
                ], 
                "env": [
                    "GAE_APPLICATION_YAML_PATH=app.yaml"
                ], 
                "timing": {
                    "endTime": "2020-03-01T14:13:35.266433447Z", 
                    "startTime": "2020-03-01T14:12:39.653701317Z"
                }, 
                "pullTiming": {
                    "endTime": "2020-03-01T14:12:39.665229752Z", 
                    "startTime": "2020-03-01T14:12:39.653701317Z"
                }
            }
        ], 
        "sourceProvenance": {
            "resolvedStorageSource": {
                "generation": "1583071919283172", 
                "object": "us.gcr.io/lucid-burner-231321/appengine/default.20200301t141141:latest", 
                "bucket": "staging.lucid-burner-231321.appspot.com"
            }, 
            "fileHashes": {
                "gs://staging.lucid-burner-231321.appspot.com/us.gcr.io/lucid-burner-231321/appengine/default.20200301t141141:latest#1583071919283172": {}
            }
        }, 
        "projectId": "lucid-burner-231321", 
        "timing": {
            "FETCHSOURCE": {
                "endTime": "2020-03-01T14:12:10.869204717Z", 
                "startTime": "2020-03-01T14:12:01.570267304Z"
            }, 
            "BUILD": {
                "endTime": "2020-03-01T14:13:35.266479589Z", 
                "startTime": "2020-03-01T14:12:10.869254559Z"
            }
        }, 
        "substitutions": {
            "_GAE_APPLICATION_YAML_PATH": "app.yaml", 
            "_OUTPUT_IMAGE": "us.gcr.io/lucid-burner-231321/appengine/default.20200301t141141:latest"
        }, 
        "id": "e0fa5301-5e64-470c-836e-5ff1adbcc103", 
        "logUrl": "https://console.cloud.google.com/gcr/builds/e0fa5301-5e64-470c-836e-5ff1adbcc103?project=218225514060"
    }, 
    "done": true, 
    "name": "operations/build/lucid-burner-231321/ZTBmYTUzMDEtNWU2NC00NzBjLTgzNmUtNWZmMWFkYmNjMTAz", 
    "metadata": {
        "@type": "type.googleapis.com/google.devtools.cloudbuild.v1.BuildOperationMetadata", 
        "build": {
            "finishTime": "2020-03-01T14:13:35.820137Z", 
            "status": "SUCCESS", 
            "timeout": "600s", 
            "startTime": "2020-03-01T14:12:00.886510866Z", 
            "logsBucket": "staging.lucid-burner-231321.appspot.com", 
            "results": {
                "buildStepOutputs": [
                    "", 
                    ""
                ], 
                "buildStepImages": [
                    "", 
                    "sha256:f87c11770a4d3ed33436508d206c584812cd656e6ed08eda1cff5c1ee44f5870"
                ]
            }, 
            "createTime": "2020-03-01T14:11:59.742254592Z", 
            "timing": {
                "FETCHSOURCE": {
                    "endTime": "2020-03-01T14:12:10.869204717Z", 
                    "startTime": "2020-03-01T14:12:01.570267304Z"
                }, 
                "BUILD": {
                    "endTime": "2020-03-01T14:13:35.266479589Z", 
                    "startTime": "2020-03-01T14:12:10.869254559Z"
                }
            }, 
            "source": {
                "storageSource": {
                    "object": "us.gcr.io/lucid-burner-231321/appengine/default.20200301t141141:latest", 
                    "bucket": "staging.lucid-burner-231321.appspot.com"
                }
            }, 
            "steps": [
                {
                    "status": "SUCCESS", 
                    "name": "gcr.io/gcp-runtimes/nodejs/gen-dockerfile@sha256:d5293a583629252c12c478b572103b557ee26235c6b03a57d1f18d52882fb937", 
                    "args": [
                        "--runtime-image", 
                        "gcr.io/google-appengine/nodejs@sha256:ef8be7b4dc77c3e71fbc85ca88186b13214af8f83b8baecc65e8ed85bb904ad5"
                    ], 
                    "env": [
                        "GAE_APPLICATION_YAML_PATH=app.yaml"
                    ], 
                    "timing": {
                        "endTime": "2020-03-01T14:12:39.653619008Z", 
                        "startTime": "2020-03-01T14:12:11.861437345Z"
                    }, 
                    "pullTiming": {
                        "endTime": "2020-03-01T14:12:38.775948587Z", 
                        "startTime": "2020-03-01T14:12:11.861437345Z"
                    }
                }, 
                {
                    "status": "SUCCESS", 
                    "name": "gcr.io/kaniko-project/executor@sha256:f87c11770a4d3ed33436508d206c584812cd656e6ed08eda1cff5c1ee44f5870", 
                    "args": [
                        "--destination=us.gcr.io/lucid-burner-231321/appengine/default.20200301t141141:latest"
                    ], 
                    "env": [
                        "GAE_APPLICATION_YAML_PATH=app.yaml"
                    ], 
                    "timing": {
                        "endTime": "2020-03-01T14:13:35.266433447Z", 
                        "startTime": "2020-03-01T14:12:39.653701317Z"
                    }, 
                    "pullTiming": {
                        "endTime": "2020-03-01T14:12:39.665229752Z", 
                        "startTime": "2020-03-01T14:12:39.653701317Z"
                    }
                }
            ], 
            "sourceProvenance": {
                "resolvedStorageSource": {
                    "generation": "1583071919283172", 
                    "object": "us.gcr.io/lucid-burner-231321/appengine/default.20200301t141141:latest", 
                    "bucket": "staging.lucid-burner-231321.appspot.com"
                }, 
                "fileHashes": {
                    "gs://staging.lucid-burner-231321.appspot.com/us.gcr.io/lucid-burner-231321/appengine/default.20200301t141141:latest#1583071919283172": {}
                }
            }, 
            "projectId": "lucid-burner-231321", 
            "id": "e0fa5301-5e64-470c-836e-5ff1adbcc103", 
            "substitutions": {
                "_GAE_APPLICATION_YAML_PATH": "app.yaml", 
                "_OUTPUT_IMAGE": "us.gcr.io/lucid-burner-231321/appengine/default.20200301t141141:latest"
            }, 
            "options": {
                "substitutionOption": "ALLOW_LOOSE", 
                "logging": "LEGACY"
            }, 
            "logUrl": "https://console.cloud.google.com/gcr/builds/e0fa5301-5e64-470c-836e-5ff1adbcc103?project=218225514060"
        }
    }
}
2020-03-01 14:13:36,709 DEBUG    root            Reading GCS logfile: 416 (no new content; keep polling)
2020-03-01 14:13:36,709 INFO     ___FILE_ONLY___ ----------------------------------------------------------------------------------------------------------------------------------------


2020-03-01 14:13:36,711 DEBUG    root            Converted YAML to JSON: "{
  "betaSettings": {
    "module_yaml_path": "app.yaml", 
    "vm_runtime": "nodejs"
  }, 
  "entrypoint": {
    "shell": ""
  }, 
  "env": "flex", 
  "handlers": [
    {
      "script": {
        "scriptPath": "PLACEHOLDER"
      }, 
      "urlRegex": ".*"
    }
  ], 
  "runtime": "vm"
}"
2020-03-01 14:13:37,104 DEBUG    root            (gcloud.app.deploy) INVALID_ARGUMENT: The following quotas were exceeded: IN_USE_ADDRESSES (quota: 8, used: 8 + needed: 2).
Traceback (most recent call last):
  File "/usr/lib/google-cloud-sdk/lib/googlecloudsdk/calliope/cli.py", line 981, in Execute
    resources = calliope_command.Run(cli=self, args=args)
  File "/usr/lib/google-cloud-sdk/lib/googlecloudsdk/calliope/backend.py", line 807, in Run
    resources = command_instance.Run(args)
  File "/usr/lib/google-cloud-sdk/lib/surface/app/deploy.py", line 110, in Run
    default_strategy=flex_image_build_option_default))
  File "/usr/lib/google-cloud-sdk/lib/googlecloudsdk/command_lib/app/deploy_util.py", line 643, in RunDeploy
    ignore_file=args.ignore_file)
  File "/usr/lib/google-cloud-sdk/lib/googlecloudsdk/command_lib/app/deploy_util.py", line 433, in Deploy
    extra_config_settings)
  File "/usr/lib/google-cloud-sdk/lib/googlecloudsdk/api_lib/app/appengine_api_client.py", line 172, in DeployService
    extra_config_settings)
  File "/usr/lib/google-cloud-sdk/lib/googlecloudsdk/api_lib/app/appengine_api_client.py", line 249, in _CreateVersion
    return self.client.apps_services_versions.Create(create_request)
  File "/usr/lib/google-cloud-sdk/lib/googlecloudsdk/third_party/apis/appengine/v1/appengine_v1_client.py", line 827, in Create
    config, request, global_params=global_params)
  File "/usr/bin/../lib/google-cloud-sdk/lib/third_party/apitools/base/py/base_api.py", line 731, in _RunMethod
    return self.ProcessHttpResponse(method_config, http_response, request)
  File "/usr/bin/../lib/google-cloud-sdk/lib/third_party/apitools/base/py/base_api.py", line 737, in ProcessHttpResponse
    self.__ProcessHttpResponse(method_config, http_response, request))
  File "/usr/bin/../lib/google-cloud-sdk/lib/third_party/apitools/base/py/base_api.py", line 604, in __ProcessHttpResponse
    http_response, method_config=method_config, request=request)
HttpBadRequestError: HttpError accessing <https://appengine.googleapis.com/v1/apps/lucid-burner-231321/services/default/versions?alt=json>: response: <{'status': '400', 'content-length': '175', 'x-xss-protection': '0', 'x-content-type-options': 'nosniff', 'transfer-encoding': 'chunked', 'vary': 'Origin, X-Origin, Referer', 'server': 'ESF', '-content-encoding': 'gzip', 'cache-control': 'private', 'date': 'Sun, 01 Mar 2020 14:13:37 GMT', 'x-frame-options': 'SAMEORIGIN', 'content-type': 'application/json; charset=UTF-8'}>, content <{
  "error": {
    "code": 400,
    "message": "The following quotas were exceeded: IN_USE_ADDRESSES (quota: 8, used: 8 + needed: 2).",
    "status": "INVALID_ARGUMENT"
  }
}
>
2020-03-01 14:13:37,105 ERROR    root            (gcloud.app.deploy) INVALID_ARGUMENT: The following quotas were exceeded: IN_USE_ADDRESSES (quota: 8, used: 8 + needed: 2).
